TN:
SF:src\modules\animals\controllers\animal.controller.ts
FN:11,(anonymous_0)
FN:22,(anonymous_1)
FN:38,(anonymous_2)
FN:49,(anonymous_3)
FN:61,(anonymous_4)
FNF:5
FNH:5
FNDA:24,(anonymous_0)
FNDA:11,(anonymous_1)
FNDA:3,(anonymous_2)
FNDA:25,(anonymous_3)
FNDA:3,(anonymous_4)
DA:12,24
DA:13,24
DA:14,24
DA:15,24
DA:16,2
DA:18,22
DA:23,11
DA:24,11
DA:25,11
DA:31,11
DA:32,11
DA:34,0
DA:39,3
DA:40,3
DA:41,3
DA:42,3
DA:43,2
DA:45,1
DA:50,25
DA:51,25
DA:52,25
DA:53,25
DA:54,25
DA:55,8
DA:57,17
DA:62,3
DA:63,3
DA:64,3
DA:65,3
DA:66,2
DA:68,1
LF:31
LH:30
BRF:0
BRH:0
end_of_record
TN:
SF:src\modules\animals\routes\animal.routes.ts
FNF:0
FNH:0
DA:5,14
DA:7,14
DA:9,14
DA:14,14
DA:15,14
DA:16,14
DA:21,14
LF:7
LH:7
BRF:0
BRH:0
end_of_record
TN:
SF:src\modules\animals\services\animal.service.ts
FN:39,(anonymous_0)
FN:49,(anonymous_1)
FN:81,(anonymous_2)
FN:124,(anonymous_3)
FN:144,(anonymous_4)
FN:147,(anonymous_5)
FN:157,(anonymous_6)
FN:166,(anonymous_7)
FN:232,(anonymous_8)
FN:235,(anonymous_9)
FNF:10
FNH:10
FNDA:33,(anonymous_0)
FNDA:24,(anonymous_1)
FNDA:2,(anonymous_2)
FNDA:11,(anonymous_3)
FNDA:10,(anonymous_4)
FNDA:16,(anonymous_5)
FNDA:25,(anonymous_6)
FNDA:9,(anonymous_7)
FNDA:3,(anonymous_8)
FNDA:2,(anonymous_9)
DA:12,14
DA:40,33
DA:41,33
DA:50,24
DA:52,24
DA:56,4
DA:57,1
DA:61,3
DA:62,3
DA:63,0
DA:68,3
DA:69,3
DA:70,2
DA:73,2
DA:74,1
DA:79,2
DA:81,24
DA:82,2
DA:111,2
DA:112,1
DA:118,2
DA:121,2
DA:125,11
DA:127,11
DA:128,11
DA:129,11
DA:130,11
DA:131,1
DA:138,11
DA:144,11
DA:148,16
DA:153,16
DA:154,13
DA:158,25
DA:159,25
DA:161,9
DA:162,9
DA:163,9
DA:166,9
DA:170,9
DA:171,9
DA:173,3
DA:174,2
DA:180,3
DA:181,3
DA:184,9
DA:185,2
DA:186,2
DA:191,2
DA:192,2
DA:195,2
DA:196,1
DA:200,1
DA:201,1
DA:206,0
DA:211,8
DA:212,1
DA:213,1
DA:218,1
DA:219,1
DA:222,8
DA:229,8
DA:233,3
DA:235,2
DA:237,2
DA:238,1
DA:244,2
LF:67
LH:65
BRDA:45,0,0,33
BRDA:45,0,1,33
BRDA:56,1,0,1
BRDA:56,1,1,3
BRDA:62,2,0,0
BRDA:62,2,1,3
BRDA:62,3,0,3
BRDA:62,3,1,2
BRDA:69,4,0,2
BRDA:69,4,1,1
BRDA:73,5,0,1
BRDA:73,5,1,1
BRDA:79,6,0,2
BRDA:79,6,1,2
BRDA:79,7,0,1
BRDA:79,7,1,1
BRDA:79,8,0,2
BRDA:79,8,1,1
BRDA:111,9,0,1
BRDA:111,9,1,1
BRDA:127,10,0,1
BRDA:127,10,1,10
BRDA:128,11,0,1
BRDA:128,11,1,10
BRDA:129,12,0,1
BRDA:129,12,1,10
BRDA:130,13,0,1
BRDA:130,13,1,10
BRDA:153,14,0,3
BRDA:153,14,1,13
BRDA:162,15,0,1
BRDA:162,15,1,8
BRDA:163,16,0,1
BRDA:163,16,1,8
BRDA:170,17,0,9
BRDA:170,17,1,7
BRDA:171,18,0,3
BRDA:171,18,1,6
BRDA:171,19,0,9
BRDA:171,19,1,3
BRDA:173,20,0,2
BRDA:173,20,1,1
BRDA:184,21,0,2
BRDA:184,21,1,7
BRDA:184,22,0,9
BRDA:184,22,1,2
BRDA:185,23,0,2
BRDA:185,23,1,0
BRDA:191,24,0,2
BRDA:191,24,1,0
BRDA:195,25,0,1
BRDA:195,25,1,1
BRDA:211,26,0,1
BRDA:211,26,1,7
BRDA:212,27,0,1
BRDA:212,27,1,0
BRDA:237,28,0,1
BRDA:237,28,1,1
BRF:58
BRH:54
end_of_record
TN:
SF:src\modules\animals\validators\animal.validator.ts
FN:10,isValideDate
FN:17,isNotFutureDate
FN:23,validateCreate
FN:141,validateUpdate
FNF:4
FNH:4
FNDA:19,isValideDate
FNDA:16,isNotFutureDate
FNDA:24,validateCreate
FNDA:25,validateUpdate
DA:4,14
DA:5,14
DA:7,14
DA:11,19
DA:12,19
DA:13,19
DA:18,16
DA:19,16
DA:20,16
DA:25,24
DA:26,1
DA:30,23
DA:31,1
DA:35,22
DA:36,1
DA:42,21
DA:43,20
DA:44,1
DA:46,19
DA:47,1
DA:54,19
DA:55,19
DA:56,1
DA:58,18
DA:59,1
DA:66,17
DA:67,1
DA:69,16
DA:70,1
DA:74,15
DA:75,1
DA:81,14
DA:82,1
DA:84,13
DA:85,1
DA:89,12
DA:90,1
DA:94,11
DA:95,1
DA:101,10
DA:102,1
DA:108,9
DA:109,1
DA:115,8
DA:116,1
DA:118,7
DA:119,1
DA:123,6
DA:124,1
DA:125,1
DA:132,5
DA:133,1
DA:134,1
DA:143,25
DA:144,2
DA:145,1
DA:147,1
DA:148,1
DA:155,23
DA:156,4
DA:157,1
DA:159,3
DA:160,1
DA:167,21
DA:168,2
DA:169,1
DA:173,1
DA:174,1
DA:181,19
DA:182,1
DA:188,18
DA:189,3
DA:190,1
DA:195,2
DA:196,1
DA:203,16
DA:204,1
DA:210,15
DA:211,3
DA:212,1
DA:216,14
DA:217,2
DA:218,1
DA:223,13
DA:224,3
DA:225,1
DA:229,2
DA:230,1
DA:235,11
DA:236,2
DA:237,1
LF:91
LH:91
BRDA:11,0,0,0
BRDA:11,0,1,19
BRDA:18,1,0,0
BRDA:18,1,1,16
BRDA:20,2,0,16
BRDA:20,2,1,16
BRDA:25,3,0,1
BRDA:25,3,1,23
BRDA:25,4,0,24
BRDA:25,4,1,24
BRDA:30,5,0,1
BRDA:30,5,1,22
BRDA:35,6,0,1
BRDA:35,6,1,21
BRDA:42,7,0,20
BRDA:42,7,1,1
BRDA:42,8,0,21
BRDA:42,8,1,20
BRDA:43,9,0,1
BRDA:43,9,1,19
BRDA:46,10,0,1
BRDA:46,10,1,18
BRDA:54,11,0,19
BRDA:54,11,1,0
BRDA:54,12,0,19
BRDA:54,12,1,19
BRDA:55,13,0,1
BRDA:55,13,1,18
BRDA:58,14,0,1
BRDA:58,14,1,17
BRDA:66,15,0,1
BRDA:66,15,1,16
BRDA:66,16,0,17
BRDA:66,16,1,17
BRDA:69,17,0,1
BRDA:69,17,1,15
BRDA:74,18,0,1
BRDA:74,18,1,14
BRDA:74,19,0,15
BRDA:74,19,1,15
BRDA:81,20,0,1
BRDA:81,20,1,13
BRDA:84,21,0,1
BRDA:84,21,1,12
BRDA:89,22,0,1
BRDA:89,22,1,11
BRDA:94,23,0,1
BRDA:94,23,1,10
BRDA:94,24,0,11
BRDA:94,24,1,11
BRDA:101,25,0,1
BRDA:101,25,1,9
BRDA:101,26,0,10
BRDA:101,26,1,9
BRDA:108,27,0,1
BRDA:108,27,1,8
BRDA:108,28,0,9
BRDA:108,28,1,1
BRDA:115,29,0,1
BRDA:115,29,1,7
BRDA:115,30,0,8
BRDA:115,30,1,1
BRDA:115,30,2,1
BRDA:118,31,0,1
BRDA:118,31,1,6
BRDA:118,32,0,7
BRDA:118,32,1,1
BRDA:118,32,2,1
BRDA:123,33,0,1
BRDA:123,33,1,5
BRDA:123,34,0,6
BRDA:123,34,1,1
BRDA:124,35,0,1
BRDA:124,35,1,0
BRDA:132,36,0,1
BRDA:132,36,1,4
BRDA:132,37,0,5
BRDA:132,37,1,1
BRDA:133,38,0,1
BRDA:133,38,1,0
BRDA:143,39,0,2
BRDA:143,39,1,23
BRDA:143,40,0,25
BRDA:143,40,1,2
BRDA:144,41,0,1
BRDA:144,41,1,1
BRDA:147,42,0,1
BRDA:147,42,1,0
BRDA:155,43,0,4
BRDA:155,43,1,19
BRDA:155,44,0,23
BRDA:155,44,1,4
BRDA:156,45,0,1
BRDA:156,45,1,3
BRDA:159,46,0,1
BRDA:159,46,1,2
BRDA:167,47,0,2
BRDA:167,47,1,19
BRDA:168,48,0,1
BRDA:168,48,1,1
BRDA:173,49,0,1
BRDA:173,49,1,0
BRDA:181,50,0,1
BRDA:181,50,1,18
BRDA:181,51,0,19
BRDA:181,51,1,1
BRDA:188,52,0,3
BRDA:188,52,1,15
BRDA:188,53,0,18
BRDA:188,53,1,3
BRDA:189,54,0,1
BRDA:189,54,1,2
BRDA:195,55,0,1
BRDA:195,55,1,1
BRDA:203,56,0,1
BRDA:203,56,1,15
BRDA:203,57,0,16
BRDA:203,57,1,5
BRDA:210,58,0,3
BRDA:210,58,1,12
BRDA:210,59,0,15
BRDA:210,59,1,3
BRDA:211,60,0,1
BRDA:211,60,1,2
BRDA:216,61,0,2
BRDA:216,61,1,12
BRDA:216,62,0,14
BRDA:216,62,1,3
BRDA:217,63,0,1
BRDA:217,63,1,1
BRDA:223,64,0,3
BRDA:223,64,1,10
BRDA:223,65,0,13
BRDA:223,65,1,4
BRDA:224,66,0,1
BRDA:224,66,1,2
BRDA:229,67,0,1
BRDA:229,67,1,1
BRDA:235,68,0,2
BRDA:235,68,1,9
BRDA:235,69,0,11
BRDA:235,69,1,3
BRDA:236,70,0,1
BRDA:236,70,1,1
BRF:144
BRH:137
end_of_record
TN:
SF:src\modules\auth\controllers\auth.controller.ts
FN:13,(anonymous_0)
FN:27,(anonymous_1)
FN:47,(anonymous_2)
FN:69,(anonymous_3)
FN:87,(anonymous_4)
FNF:5
FNH:4
FNDA:0,(anonymous_0)
FNDA:8,(anonymous_1)
FNDA:8,(anonymous_2)
FNDA:6,(anonymous_3)
FNDA:9,(anonymous_4)
DA:14,0
DA:15,0
DA:16,0
DA:17,0
DA:19,0
DA:28,8
DA:29,8
DA:31,8
DA:37,2
DA:39,6
DA:48,8
DA:49,8
DA:51,8
DA:52,2
DA:57,6
DA:59,2
DA:61,4
DA:70,6
DA:71,6
DA:73,6
DA:75,3
DA:79,3
DA:88,9
DA:89,9
DA:91,9
DA:98,1
DA:102,8
LF:27
LH:22
BRDA:51,0,0,2
BRDA:51,0,1,6
BRF:2
BRH:2
end_of_record
TN:
SF:src\modules\auth\routes\auth.routes.ts
FNF:0
FNH:0
DA:9,14
DA:17,14
DA:24,14
DA:31,14
DA:38,14
DA:49,14
LF:6
LH:6
BRF:0
BRH:0
end_of_record
TN:
SF:src\modules\auth\services\auth.service.ts
FN:23,(anonymous_0)
FN:71,(anonymous_1)
FN:120,(anonymous_2)
FN:168,(anonymous_3)
FN:215,(anonymous_4)
FN:264,(anonymous_5)
FN:277,(anonymous_6)
FNF:7
FNH:7
FNDA:5,(anonymous_0)
FNDA:9,(anonymous_1)
FNDA:7,(anonymous_2)
FNDA:6,(anonymous_3)
FNDA:8,(anonymous_4)
FNDA:5,(anonymous_5)
FNDA:5,(anonymous_6)
DA:28,5
DA:29,1
DA:31,4
DA:32,1
DA:36,3
DA:44,3
DA:45,1
DA:48,2
DA:49,2
DA:50,1
DA:53,1
DA:54,1
DA:57,1
DA:61,1
DA:73,9
DA:76,9
DA:85,6
DA:86,2
DA:90,4
DA:92,4
DA:93,2
DA:97,2
DA:98,2
DA:101,2
DA:107,2
DA:121,7
DA:123,7
DA:126,7
DA:129,6
DA:130,2
DA:135,4
DA:136,2
DA:142,2
DA:143,2
DA:145,2
DA:154,5
DA:155,4
DA:158,1
DA:170,6
DA:173,6
DA:181,4
DA:183,2
DA:192,2
DA:193,2
DA:195,2
DA:207,2
DA:208,0
DA:217,8
DA:220,8
DA:231,3
DA:232,1
DA:238,2
DA:242,2
DA:243,1
DA:247,1
DA:250,1
DA:265,5
DA:281,5
DA:289,5
DA:293,5
DA:297,5
LF:61
LH:60
BRDA:28,0,0,1
BRDA:28,0,1,4
BRDA:28,1,0,5
BRDA:28,1,1,5
BRDA:31,2,0,1
BRDA:31,2,1,3
BRDA:31,3,0,4
BRDA:31,3,1,4
BRDA:44,4,0,1
BRDA:44,4,1,2
BRDA:49,5,0,1
BRDA:49,5,1,1
BRDA:85,6,0,2
BRDA:85,6,1,4
BRDA:92,7,0,2
BRDA:92,7,1,2
BRDA:129,8,0,2
BRDA:129,8,1,4
BRDA:135,9,0,2
BRDA:135,9,1,2
BRDA:154,10,0,4
BRDA:154,10,1,1
BRDA:154,11,0,5
BRDA:154,11,1,5
BRDA:181,12,0,2
BRDA:181,12,1,2
BRDA:207,13,0,0
BRDA:207,13,1,2
BRDA:231,14,0,1
BRDA:231,14,1,2
BRDA:242,15,0,1
BRDA:242,15,1,1
BRDA:242,16,0,2
BRDA:242,16,1,2
BRF:34
BRH:33
end_of_record
TN:
SF:src\modules\auth\validators\auth.validator.ts
FN:3,validateLogin
FN:17,validateForgotPassword
FN:28,validateConfirmReset
FN:54,validateEmail
FN:58,hasStrongPassword
FNF:5
FNH:5
FNDA:9,validateLogin
FNDA:6,validateForgotPassword
FNDA:8,validateConfirmReset
FNDA:12,validateEmail
FNDA:4,hasStrongPassword
DA:5,9
DA:6,1
DA:9,8
DA:10,1
DA:13,7
DA:14,1
DA:19,6
DA:20,1
DA:24,5
DA:25,1
DA:30,8
DA:31,1
DA:35,7
DA:36,1
DA:40,6
DA:41,1
DA:45,5
DA:46,1
DA:50,4
DA:51,1
DA:55,12
DA:56,12
DA:59,4
DA:60,4
DA:61,4
DA:62,4
DA:64,4
LF:27
LH:27
BRDA:5,0,0,1
BRDA:5,0,1,8
BRDA:5,1,0,9
BRDA:5,1,1,8
BRDA:9,2,0,1
BRDA:9,2,1,7
BRDA:9,3,0,8
BRDA:9,3,1,8
BRDA:13,4,0,1
BRDA:13,4,1,6
BRDA:13,5,0,7
BRDA:13,5,1,7
BRDA:19,6,0,1
BRDA:19,6,1,5
BRDA:19,7,0,6
BRDA:19,7,1,5
BRDA:24,8,0,1
BRDA:24,8,1,4
BRDA:24,9,0,5
BRDA:24,9,1,5
BRDA:30,10,0,1
BRDA:30,10,1,7
BRDA:30,11,0,8
BRDA:30,11,1,7
BRDA:35,12,0,1
BRDA:35,12,1,6
BRDA:35,13,0,7
BRDA:35,13,1,7
BRDA:40,14,0,1
BRDA:40,14,1,5
BRDA:40,15,0,6
BRDA:40,15,1,6
BRDA:45,16,0,1
BRDA:45,16,1,4
BRDA:45,17,0,5
BRDA:45,17,1,5
BRDA:50,18,0,1
BRDA:50,18,1,3
BRDA:64,19,0,4
BRDA:64,19,1,3
BRDA:64,19,2,3
BRDA:64,19,3,3
BRF:42
BRH:42
end_of_record
TN:
SF:src\modules\birth\controllers\birth.controller.ts
FN:9,queryString
FN:20,(anonymous_1)
FN:37,(anonymous_2)
FN:59,(anonymous_3)
FN:75,(anonymous_4)
FN:91,(anonymous_5)
FN:108,(anonymous_6)
FNF:7
FNH:7
FNDA:16,queryString
FNDA:26,(anonymous_1)
FNDA:4,(anonymous_2)
FNDA:2,(anonymous_3)
FNDA:2,(anonymous_4)
FNDA:7,(anonymous_5)
FNDA:2,(anonymous_6)
DA:10,16
DA:11,12
DA:12,12
DA:21,26
DA:22,26
DA:23,26
DA:24,26
DA:26,26
DA:27,4
DA:29,22
DA:38,4
DA:39,4
DA:41,4
DA:48,4
DA:49,4
DA:51,0
DA:60,2
DA:61,2
DA:62,2
DA:64,2
DA:65,1
DA:67,1
DA:76,2
DA:77,2
DA:78,2
DA:80,2
DA:81,1
DA:83,1
DA:92,7
DA:93,7
DA:94,7
DA:95,7
DA:97,7
DA:98,2
DA:100,5
DA:109,2
DA:110,2
DA:111,2
DA:113,2
DA:114,1
DA:116,1
LF:41
LH:40
BRDA:10,0,0,4
BRDA:10,0,1,12
BRDA:11,1,0,0
BRDA:11,1,1,12
BRDA:11,2,0,0
BRDA:11,2,1,0
BRF:6
BRH:3
end_of_record
TN:
SF:src\modules\birth\routes\birth.routes.ts
FNF:0
FNH:0
DA:9,14
DA:11,14
DA:14,14
DA:20,14
DA:31,14
DA:37,14
DA:43,14
DA:53,14
LF:8
LH:8
BRF:0
BRH:0
end_of_record
TN:
SF:src\modules\birth\services\birth.service.ts
FN:47,formatBirth
FN:68,(anonymous_1)
FN:138,(anonymous_2)
FN:240,(anonymous_3)
FN:259,(anonymous_4)
FN:265,(anonymous_5)
FN:281,(anonymous_6)
FN:296,(anonymous_7)
FN:302,(anonymous_8)
FN:339,(anonymous_9)
FNF:10
FNH:10
FNDA:18,formatBirth
FNDA:26,(anonymous_1)
FNDA:4,(anonymous_2)
FNDA:4,(anonymous_3)
FNDA:1,(anonymous_4)
FNDA:11,(anonymous_5)
FNDA:2,(anonymous_6)
FNDA:1,(anonymous_7)
FNDA:7,(anonymous_8)
FNDA:2,(anonymous_9)
DA:15,14
DA:48,18
DA:49,18
DA:69,26
DA:72,26
DA:76,10
DA:77,1
DA:79,9
DA:80,1
DA:82,8
DA:83,1
DA:90,7
DA:91,7
DA:92,2
DA:97,2
DA:98,1
DA:100,1
DA:101,0
DA:105,1
DA:106,0
DA:111,1
DA:115,6
DA:116,2
DA:119,2
DA:120,1
DA:125,5
DA:126,1
DA:129,1
DA:130,1
DA:136,4
DA:138,4
DA:140,4
DA:162,4
DA:163,1
DA:168,1
DA:178,4
DA:179,1
DA:196,4
DA:197,1
DA:214,1
DA:217,1
DA:218,1
DA:225,1
DA:231,4
DA:234,4
DA:241,4
DA:243,4
DA:244,4
DA:246,4
DA:247,1
DA:253,4
DA:259,4
DA:266,11
DA:271,11
DA:272,1
DA:275,10
DA:282,2
DA:286,2
DA:287,1
DA:290,1
DA:296,1
DA:303,7
DA:305,7
DA:307,7
DA:309,7
DA:310,2
DA:311,2
DA:312,2
DA:313,2
DA:314,2
DA:315,2
DA:316,2
DA:317,2
DA:318,2
DA:319,2
DA:320,2
DA:321,0
DA:326,2
DA:332,2
DA:340,2
DA:342,2
DA:343,1
DA:351,1
LF:83
LH:80
BRDA:47,0,0,18
BRDA:51,1,0,18
BRDA:51,1,1,0
BRDA:52,2,0,18
BRDA:52,2,1,0
BRDA:53,3,0,18
BRDA:53,3,1,18
BRDA:76,4,0,1
BRDA:76,4,1,9
BRDA:79,5,0,1
BRDA:79,5,1,8
BRDA:82,6,0,1
BRDA:82,6,1,7
BRDA:91,7,0,2
BRDA:91,7,1,5
BRDA:97,8,0,1
BRDA:97,8,1,1
BRDA:100,9,0,0
BRDA:100,9,1,1
BRDA:105,10,0,0
BRDA:105,10,1,1
BRDA:115,11,0,2
BRDA:115,11,1,4
BRDA:119,12,0,1
BRDA:119,12,1,1
BRDA:125,13,0,1
BRDA:125,13,1,4
BRDA:129,14,0,1
BRDA:129,14,1,0
BRDA:144,15,0,4
BRDA:144,15,1,3
BRDA:146,16,0,4
BRDA:146,16,1,0
BRDA:149,17,0,4
BRDA:149,17,1,3
BRDA:150,18,0,4
BRDA:150,18,1,0
BRDA:151,19,0,4
BRDA:151,19,1,0
BRDA:152,20,0,4
BRDA:152,20,1,4
BRDA:153,21,0,4
BRDA:153,21,1,3
BRDA:155,22,0,4
BRDA:155,22,1,4
BRDA:156,23,0,4
BRDA:156,23,1,4
BRDA:162,24,0,1
BRDA:162,24,1,3
BRDA:162,25,0,4
BRDA:162,25,1,1
BRDA:178,26,0,1
BRDA:178,26,1,3
BRDA:185,27,0,1
BRDA:185,27,1,0
BRDA:186,28,0,1
BRDA:186,28,1,0
BRDA:187,29,0,1
BRDA:187,29,1,0
BRDA:189,30,0,1
BRDA:189,30,1,1
BRDA:196,31,0,1
BRDA:196,31,1,3
BRDA:196,32,0,4
BRDA:196,32,1,1
BRDA:196,32,2,1
BRDA:201,33,0,1
BRDA:201,33,1,1
BRDA:202,34,0,1
BRDA:202,34,1,1
BRDA:204,35,0,1
BRDA:204,35,1,0
BRDA:217,36,0,1
BRDA:217,36,1,0
BRDA:243,37,0,1
BRDA:243,37,1,3
BRDA:244,38,0,1
BRDA:244,38,1,3
BRDA:246,39,0,1
BRDA:246,39,1,3
BRDA:246,40,0,4
BRDA:246,40,1,3
BRDA:248,41,0,1
BRDA:248,41,1,0
BRDA:249,42,0,1
BRDA:249,42,1,0
BRDA:271,43,0,1
BRDA:271,43,1,10
BRDA:286,44,0,1
BRDA:286,44,1,1
BRDA:309,45,0,1
BRDA:309,45,1,6
BRDA:310,46,0,1
BRDA:310,46,1,1
BRDA:310,47,0,1
BRDA:310,47,1,0
BRDA:311,48,0,1
BRDA:311,48,1,1
BRDA:312,49,0,1
BRDA:312,49,1,1
BRDA:313,50,0,0
BRDA:313,50,1,2
BRDA:313,51,0,0
BRDA:313,51,1,0
BRDA:314,52,0,1
BRDA:314,52,1,1
BRDA:315,53,0,1
BRDA:315,53,1,1
BRDA:316,54,0,0
BRDA:316,54,1,2
BRDA:316,55,0,0
BRDA:316,55,1,0
BRDA:317,56,0,0
BRDA:317,56,1,2
BRDA:317,57,0,0
BRDA:317,57,1,0
BRDA:318,58,0,0
BRDA:318,58,1,2
BRDA:319,59,0,1
BRDA:319,59,1,1
BRDA:319,60,0,1
BRDA:319,60,1,0
BRDA:320,61,0,0
BRDA:320,61,1,2
BRDA:321,62,0,0
BRDA:321,62,1,0
BRDA:342,63,0,1
BRDA:342,63,1,1
BRF:128
BRH:98
end_of_record
TN:
SF:src\modules\birth\validators\birth.validator.ts
FN:9,isValidDate
FN:13,isNotFuture
FN:17,validateCreate
FN:98,validateUpdate
FNF:4
FNH:4
FNDA:26,isValidDate
FNDA:26,isNotFuture
FNDA:26,validateCreate
FNDA:7,validateUpdate
DA:4,14
DA:5,14
DA:6,14
DA:10,26
DA:11,26
DA:14,26
DA:19,26
DA:20,1
DA:23,25
DA:24,1
DA:26,24
DA:27,0
DA:29,24
DA:30,1
DA:33,23
DA:34,23
DA:35,1
DA:39,22
DA:40,1
DA:43,21
DA:44,1
DA:47,20
DA:48,1
DA:51,19
DA:52,1
DA:56,18
DA:57,18
DA:58,1
DA:60,17
DA:61,1
DA:66,16
DA:67,1
DA:68,1
DA:73,15
DA:74,5
DA:75,1
DA:77,4
DA:78,1
DA:83,13
DA:84,1
DA:88,12
DA:89,1
DA:93,11
DA:94,1
DA:99,7
DA:100,2
DA:101,0
DA:103,2
DA:104,1
DA:108,6
DA:109,2
DA:110,1
DA:114,5
DA:115,1
DA:118,4
DA:119,0
DA:122,4
DA:123,0
DA:126,4
DA:127,2
DA:128,1
DA:130,1
DA:131,0
DA:135,3
DA:136,0
DA:137,0
DA:141,3
DA:142,1
LF:68
LH:61
BRDA:19,0,0,1
BRDA:19,0,1,25
BRDA:19,1,0,26
BRDA:19,1,1,25
BRDA:23,2,0,1
BRDA:23,2,1,24
BRDA:26,3,0,0
BRDA:26,3,1,24
BRDA:29,4,0,1
BRDA:29,4,1,23
BRDA:33,5,0,23
BRDA:33,5,1,0
BRDA:33,6,0,23
BRDA:33,6,1,23
BRDA:34,7,0,1
BRDA:34,7,1,22
BRDA:39,8,0,1
BRDA:39,8,1,21
BRDA:39,9,0,22
BRDA:39,9,1,22
BRDA:43,10,0,1
BRDA:43,10,1,20
BRDA:43,11,0,21
BRDA:43,11,1,21
BRDA:47,12,0,1
BRDA:47,12,1,19
BRDA:47,13,0,20
BRDA:47,13,1,3
BRDA:51,14,0,1
BRDA:51,14,1,18
BRDA:51,15,0,19
BRDA:51,15,1,19
BRDA:56,16,0,18
BRDA:56,16,1,0
BRDA:56,17,0,18
BRDA:56,17,1,18
BRDA:57,18,0,1
BRDA:57,18,1,17
BRDA:57,19,0,18
BRDA:57,19,1,18
BRDA:60,20,0,1
BRDA:60,20,1,16
BRDA:66,21,0,1
BRDA:66,21,1,15
BRDA:66,22,0,16
BRDA:66,22,1,1
BRDA:67,23,0,1
BRDA:67,23,1,0
BRDA:73,24,0,5
BRDA:73,24,1,10
BRDA:73,25,0,15
BRDA:73,25,1,5
BRDA:74,26,0,1
BRDA:74,26,1,4
BRDA:74,27,0,5
BRDA:74,27,1,4
BRDA:77,28,0,1
BRDA:77,28,1,3
BRDA:83,29,0,1
BRDA:83,29,1,12
BRDA:83,30,0,13
BRDA:83,30,1,3
BRDA:88,31,0,1
BRDA:88,31,1,11
BRDA:88,32,0,12
BRDA:88,32,1,2
BRDA:93,33,0,1
BRDA:93,33,1,10
BRDA:93,34,0,11
BRDA:93,34,1,1
BRDA:99,35,0,2
BRDA:99,35,1,5
BRDA:100,36,0,0
BRDA:100,36,1,2
BRDA:103,37,0,1
BRDA:103,37,1,1
BRDA:108,38,0,2
BRDA:108,38,1,4
BRDA:108,39,0,6
BRDA:108,39,1,2
BRDA:109,40,0,1
BRDA:109,40,1,1
BRDA:114,41,0,1
BRDA:114,41,1,4
BRDA:114,42,0,5
BRDA:114,42,1,2
BRDA:118,43,0,0
BRDA:118,43,1,4
BRDA:118,44,0,4
BRDA:118,44,1,1
BRDA:122,45,0,0
BRDA:122,45,1,4
BRDA:122,46,0,4
BRDA:122,46,1,1
BRDA:126,47,0,2
BRDA:126,47,1,2
BRDA:126,48,0,4
BRDA:126,48,1,2
BRDA:127,49,0,1
BRDA:127,49,1,1
BRDA:127,50,0,2
BRDA:127,50,1,2
BRDA:130,51,0,0
BRDA:130,51,1,1
BRDA:135,52,0,0
BRDA:135,52,1,3
BRDA:135,53,0,3
BRDA:135,53,1,0
BRDA:136,54,0,0
BRDA:136,54,1,0
BRDA:141,55,0,1
BRDA:141,55,1,2
BRDA:141,56,0,3
BRDA:141,56,1,2
BRF:114
BRH:102
end_of_record
TN:
SF:src\modules\breed\controllers\breed.controller.ts
FN:9,queryString
FN:18,(anonymous_1)
FN:34,(anonymous_2)
FN:46,(anonymous_3)
FN:59,(anonymous_4)
FN:73,(anonymous_5)
FN:86,(anonymous_6)
FN:99,(anonymous_7)
FNF:8
FNH:8
FNDA:8,queryString
FNDA:4,(anonymous_1)
FNDA:2,(anonymous_2)
FNDA:7,(anonymous_3)
FNDA:7,(anonymous_4)
FNDA:2,(anonymous_5)
FNDA:1,(anonymous_6)
FNDA:3,(anonymous_7)
DA:10,8
DA:11,5
DA:12,5
DA:19,4
DA:20,4
DA:21,4
DA:26,4
DA:27,4
DA:29,0
DA:35,2
DA:36,2
DA:37,2
DA:38,1
DA:40,1
DA:47,7
DA:48,7
DA:49,7
DA:50,2
DA:52,5
DA:60,7
DA:61,7
DA:62,7
DA:63,7
DA:64,2
DA:66,5
DA:74,2
DA:75,2
DA:76,2
DA:77,1
DA:79,1
DA:87,1
DA:88,1
DA:89,1
DA:90,1
DA:92,0
DA:100,3
DA:101,3
DA:102,3
DA:103,1
DA:105,2
LF:40
LH:38
BRDA:10,0,0,3
BRDA:10,0,1,5
BRDA:11,1,0,0
BRDA:11,1,1,5
BRDA:11,2,0,0
BRDA:11,2,1,0
BRDA:22,3,0,2
BRDA:22,3,1,2
BRF:8
BRH:5
end_of_record
TN:
SF:src\modules\breed\routes\breed.routes.ts
FNF:0
FNH:0
DA:5,14
DA:7,14
DA:10,14
DA:12,14
DA:14,14
DA:20,14
DA:26,14
DA:32,14
DA:38,14
LF:9
LH:9
BRF:0
BRH:0
end_of_record
TN:
SF:src\modules\breed\services\breed.service.ts
FN:21,(anonymous_0)
FN:38,(anonymous_1)
FN:50,(anonymous_2)
FN:67,(anonymous_3)
FN:98,(anonymous_4)
FN:121,(anonymous_5)
FNF:6
FNH:6
FNDA:4,(anonymous_0)
FNDA:15,(anonymous_1)
FNDA:7,(anonymous_2)
FNDA:7,(anonymous_3)
FNDA:3,(anonymous_4)
FNDA:3,(anonymous_5)
DA:11,14
DA:22,4
DA:24,4
DA:25,2
DA:27,4
DA:28,1
DA:30,4
DA:39,15
DA:43,15
DA:44,4
DA:46,11
DA:51,7
DA:53,7
DA:56,3
DA:57,1
DA:59,2
DA:68,7
DA:69,6
DA:72,6
DA:73,2
DA:79,2
DA:80,1
DA:84,2
DA:85,2
DA:86,2
DA:88,2
DA:99,3
DA:102,2
DA:103,2
DA:105,2
DA:108,2
DA:109,1
DA:116,1
DA:122,3
DA:124,2
LF:35
LH:35
BRDA:24,0,0,2
BRDA:24,0,1,2
BRDA:27,1,0,1
BRDA:27,1,1,3
BRDA:43,2,0,4
BRDA:43,2,1,11
BRDA:56,3,0,1
BRDA:56,3,1,2
BRDA:72,4,0,2
BRDA:72,4,1,4
BRDA:79,5,0,1
BRDA:79,5,1,1
BRDA:85,6,0,1
BRDA:85,6,1,1
BRDA:86,7,0,1
BRDA:86,7,1,1
BRDA:103,8,0,0
BRDA:103,8,1,2
BRDA:108,9,0,1
BRDA:108,9,1,1
BRF:20
BRH:19
end_of_record
TN:
SF:src\modules\breed\validators\breed.validator.ts
FN:3,validateCreate
FN:15,validateUpdate
FNF:2
FNH:2
FNDA:7,validateCreate
FNDA:6,validateUpdate
DA:4,7
DA:5,2
DA:7,5
DA:8,1
DA:10,4
DA:11,1
DA:16,6
DA:17,5
DA:18,1
DA:20,4
DA:21,1
DA:23,3
DA:24,1
LF:13
LH:13
BRDA:4,0,0,2
BRDA:4,0,1,5
BRDA:4,1,0,7
BRDA:4,1,1,6
BRDA:7,2,0,1
BRDA:7,2,1,4
BRDA:10,3,0,1
BRDA:10,3,1,3
BRDA:16,4,0,5
BRDA:16,4,1,1
BRDA:17,5,0,1
BRDA:17,5,1,4
BRDA:20,6,0,1
BRDA:20,6,1,3
BRDA:23,7,0,1
BRDA:23,7,1,2
BRF:16
BRH:16
end_of_record
TN:
SF:src\modules\buyers\controllers\buyer.controller.ts
FN:10,queryString
FN:17,(anonymous_1)
FN:27,(anonymous_2)
FN:39,(anonymous_3)
FN:51,(anonymous_4)
FN:64,(anonymous_5)
FNF:6
FNH:6
FNDA:4,queryString
FNDA:10,(anonymous_1)
FNDA:4,(anonymous_2)
FNDA:2,(anonymous_3)
FNDA:10,(anonymous_4)
FNDA:2,(anonymous_5)
DA:11,4
DA:12,3
DA:13,2
DA:18,10
DA:19,10
DA:20,10
DA:21,10
DA:22,3
DA:24,7
DA:28,4
DA:29,4
DA:30,4
DA:33,4
DA:34,4
DA:36,0
DA:40,2
DA:41,2
DA:42,2
DA:44,2
DA:45,1
DA:47,1
DA:52,10
DA:53,10
DA:54,10
DA:55,10
DA:57,10
DA:58,3
DA:60,7
DA:65,2
DA:66,2
DA:67,2
DA:69,2
DA:70,1
DA:72,1
LF:34
LH:33
BRDA:11,0,0,1
BRDA:11,0,1,3
BRDA:12,1,0,1
BRDA:12,1,1,2
BRDA:12,2,0,1
BRDA:12,2,1,0
BRF:6
BRH:5
end_of_record
TN:
SF:src\modules\buyers\routes\buyer.routes.ts
FNF:0
FNH:0
DA:5,14
DA:6,14
DA:8,14
DA:9,14
DA:10,14
DA:11,14
DA:12,14
LF:7
LH:7
BRF:0
BRH:0
end_of_record
TN:
SF:src\modules\buyers\services\buyer.service.ts
FN:25,(anonymous_0)
FN:41,(anonymous_1)
FN:57,(anonymous_2)
FN:67,(anonymous_3)
FN:84,(anonymous_4)
FNF:5
FNH:5
FNDA:10,(anonymous_0)
FNDA:4,(anonymous_1)
FNDA:14,(anonymous_2)
FNDA:10,(anonymous_3)
FNDA:2,(anonymous_4)
DA:11,14
DA:26,10
DA:27,10
DA:42,4
DA:43,4
DA:44,2
DA:45,2
DA:51,4
DA:58,14
DA:62,14
DA:63,3
DA:65,11
DA:68,10
DA:69,9
DA:71,9
DA:72,9
DA:73,3
DA:74,3
DA:75,3
DA:76,3
DA:77,3
DA:79,3
DA:85,2
DA:86,1
LF:24
LH:24
BRDA:30,0,0,10
BRDA:30,0,1,0
BRDA:31,1,0,10
BRDA:31,1,1,1
BRDA:32,2,0,10
BRDA:32,2,1,2
BRDA:33,3,0,10
BRDA:33,3,1,1
BRDA:34,4,0,10
BRDA:34,4,1,1
BRDA:43,5,0,2
BRDA:43,5,1,2
BRDA:62,6,0,3
BRDA:62,6,1,11
BRDA:72,7,0,1
BRDA:72,7,1,8
BRDA:73,8,0,0
BRDA:73,8,1,3
BRDA:73,9,0,0
BRDA:73,9,1,0
BRDA:74,10,0,1
BRDA:74,10,1,2
BRDA:74,11,0,1
BRDA:74,11,1,1
BRDA:75,12,0,1
BRDA:75,12,1,2
BRDA:75,13,0,1
BRDA:75,13,1,0
BRDA:76,14,0,2
BRDA:76,14,1,1
BRDA:76,15,0,2
BRDA:76,15,1,1
BRDA:77,16,0,1
BRDA:77,16,1,2
BRDA:77,17,0,1
BRDA:77,17,1,0
BRF:36
BRH:30
end_of_record
TN:
SF:src\modules\buyers\validators\buyer.validator.ts
FN:3,validateCreate
FN:37,validateUpdate
FNF:2
FNH:2
FNDA:10,validateCreate
FNDA:9,validateUpdate
DA:4,10
DA:5,1
DA:7,9
DA:8,1
DA:12,8
DA:13,2
DA:17,6
DA:18,1
DA:22,5
DA:23,3
DA:24,3
DA:25,1
DA:28,4
DA:29,1
DA:33,3
DA:34,0
DA:38,9
DA:39,3
DA:40,1
DA:44,2
DA:45,1
DA:50,7
DA:51,2
DA:52,1
DA:56,1
DA:57,1
DA:62,5
DA:63,2
DA:64,2
DA:65,1
DA:68,4
DA:69,1
LF:32
LH:31
BRDA:4,0,0,1
BRDA:4,0,1,9
BRDA:4,1,0,10
BRDA:4,1,1,10
BRDA:7,2,0,1
BRDA:7,2,1,8
BRDA:12,3,0,2
BRDA:12,3,1,6
BRDA:12,4,0,8
BRDA:12,4,1,7
BRDA:17,5,0,1
BRDA:17,5,1,5
BRDA:22,6,0,3
BRDA:22,6,1,2
BRDA:22,7,0,5
BRDA:22,7,1,3
BRDA:24,8,0,1
BRDA:24,8,1,2
BRDA:28,9,0,1
BRDA:28,9,1,3
BRDA:28,10,0,4
BRDA:28,10,1,3
BRDA:33,11,0,0
BRDA:33,11,1,3
BRDA:38,12,0,3
BRDA:38,12,1,6
BRDA:39,13,0,1
BRDA:39,13,1,2
BRDA:44,14,0,1
BRDA:44,14,1,1
BRDA:50,15,0,2
BRDA:50,15,1,5
BRDA:50,16,0,7
BRDA:50,16,1,7
BRDA:51,17,0,1
BRDA:51,17,1,1
BRDA:56,18,0,1
BRDA:56,18,1,0
BRDA:62,19,0,2
BRDA:62,19,1,3
BRDA:62,20,0,5
BRDA:62,20,1,2
BRDA:64,21,0,1
BRDA:64,21,1,1
BRDA:68,22,0,1
BRDA:68,22,1,3
BRDA:68,23,0,4
BRDA:68,23,1,2
BRF:48
BRH:46
end_of_record
TN:
SF:src\modules\earTagHistory\controllers\earTagHistory.controller.ts
FN:18,(anonymous_0)
FN:35,(anonymous_1)
FN:55,(anonymous_2)
FN:71,(anonymous_3)
FN:87,(anonymous_4)
FN:104,(anonymous_5)
FNF:6
FNH:6
FNDA:16,(anonymous_0)
FNDA:2,(anonymous_1)
FNDA:2,(anonymous_2)
FNDA:2,(anonymous_3)
FNDA:7,(anonymous_4)
FNDA:2,(anonymous_5)
DA:19,16
DA:20,16
DA:21,16
DA:23,16
DA:24,5
DA:26,11
DA:36,2
DA:37,2
DA:39,2
DA:44,2
DA:45,2
DA:47,0
DA:56,2
DA:57,2
DA:58,2
DA:60,2
DA:61,1
DA:63,1
DA:72,2
DA:73,2
DA:74,2
DA:76,2
DA:77,1
DA:79,1
DA:88,7
DA:89,7
DA:90,7
DA:91,7
DA:93,7
DA:94,2
DA:96,5
DA:105,2
DA:106,2
DA:107,2
DA:109,2
DA:110,1
DA:112,1
LF:37
LH:36
BRF:0
BRH:0
end_of_record
TN:
SF:src\modules\earTagHistory\routes\earTagHistory.routes.ts
FNF:0
FNH:0
DA:9,15
DA:11,15
DA:14,15
DA:20,15
DA:31,15
DA:37,15
DA:43,15
DA:53,15
LF:8
LH:8
BRF:0
BRH:0
end_of_record
TN:
SF:src\modules\earTagHistory\services\earTagHisotory.service.ts
FN:32,formatRecord
FN:51,(anonymous_1)
FN:77,(anonymous_2)
FN:130,(anonymous_3)
FN:145,(anonymous_4)
FN:177,(anonymous_5)
FN:198,(anonymous_6)
FN:221,(anonymous_7)
FN:239,(anonymous_8)
FNF:9
FNH:9
FNDA:16,formatRecord
FNDA:16,(anonymous_1)
FNDA:5,(anonymous_2)
FNDA:7,(anonymous_3)
FNDA:2,(anonymous_4)
FNDA:2,(anonymous_5)
FNDA:2,(anonymous_6)
FNDA:7,(anonymous_7)
FNDA:2,(anonymous_8)
DA:15,15
DA:33,16
DA:34,16
DA:52,16
DA:55,16
DA:59,8
DA:60,1
DA:63,7
DA:64,1
DA:69,6
DA:70,1
DA:75,5
DA:77,5
DA:79,5
DA:87,5
DA:88,2
DA:100,5
DA:112,5
DA:117,5
DA:120,5
DA:135,7
DA:137,7
DA:139,3
DA:140,1
DA:145,2
DA:146,2
DA:156,2
DA:161,2
DA:162,1
DA:168,2
DA:171,2
DA:178,2
DA:182,2
DA:183,1
DA:186,1
DA:192,1
DA:199,2
DA:201,2
DA:202,1
DA:205,2
DA:206,1
DA:209,2
DA:215,2
DA:222,7
DA:227,7
DA:228,1
DA:231,6
DA:240,2
DA:242,2
DA:243,1
DA:251,1
LF:51
LH:51
BRDA:36,0,0,16
BRDA:36,0,1,1
BRDA:37,1,0,16
BRDA:37,1,1,1
BRDA:59,2,0,1
BRDA:59,2,1,7
BRDA:63,3,0,1
BRDA:63,3,1,6
BRDA:69,4,0,1
BRDA:69,4,1,5
BRDA:87,5,0,2
BRDA:87,5,1,3
BRDA:92,6,0,1
BRDA:92,6,1,1
BRDA:106,7,0,5
BRDA:106,7,1,0
BRDA:139,8,0,1
BRDA:139,8,1,2
BRDA:150,9,0,2
BRDA:150,9,1,0
BRDA:161,10,0,1
BRDA:161,10,1,1
BRDA:182,11,0,1
BRDA:182,11,1,1
BRDA:201,12,0,1
BRDA:201,12,1,1
BRDA:205,13,0,1
BRDA:205,13,1,1
BRDA:227,14,0,1
BRDA:227,14,1,6
BRDA:242,15,0,1
BRDA:242,15,1,1
BRF:32
BRH:30
end_of_record
TN:
SF:src\modules\earTagHistory\validators\eartaghistory.validator.ts
FN:3,isValidDate
FN:8,isNotFuture
FN:12,validatePlace
FN:48,validateRemove
FNF:4
FNH:4
FNDA:17,isValidDate
FNDA:15,isNotFuture
FNDA:16,validatePlace
FNDA:7,validateRemove
DA:4,17
DA:5,17
DA:9,15
DA:14,16
DA:15,1
DA:19,15
DA:20,1
DA:22,14
DA:23,1
DA:25,13
DA:26,1
DA:30,12
DA:31,1
DA:33,11
DA:34,1
DA:36,10
DA:37,1
DA:41,9
DA:42,9
DA:43,1
DA:50,7
DA:51,1
DA:53,6
DA:54,1
DA:56,5
DA:57,1
DA:61,4
DA:62,4
DA:63,1
LF:29
LH:29
BRDA:14,0,0,1
BRDA:14,0,1,15
BRDA:14,1,0,16
BRDA:14,1,1,15
BRDA:19,2,0,1
BRDA:19,2,1,14
BRDA:19,3,0,15
BRDA:19,3,1,14
BRDA:22,4,0,1
BRDA:22,4,1,13
BRDA:25,5,0,1
BRDA:25,5,1,12
BRDA:30,6,0,1
BRDA:30,6,1,11
BRDA:33,7,0,1
BRDA:33,7,1,10
BRDA:36,8,0,1
BRDA:36,8,1,9
BRDA:41,9,0,9
BRDA:41,9,1,0
BRDA:41,10,0,9
BRDA:41,10,1,9
BRDA:42,11,0,1
BRDA:42,11,1,8
BRDA:50,12,0,1
BRDA:50,12,1,6
BRDA:53,13,0,1
BRDA:53,13,1,5
BRDA:56,14,0,1
BRDA:56,14,1,4
BRDA:61,15,0,4
BRDA:61,15,1,0
BRDA:61,16,0,4
BRDA:61,16,1,4
BRDA:62,17,0,1
BRDA:62,17,1,3
BRF:36
BRH:34
end_of_record
TN:
SF:src\modules\estrus\controllers\estrus.controller.ts
FN:13,queryString
FN:23,(anonymous_1)
FN:39,(anonymous_2)
FN:61,(anonymous_3)
FN:76,(anonymous_4)
FN:91,(anonymous_5)
FN:107,(anonymous_6)
FNF:7
FNH:7
FNDA:20,queryString
FNDA:10,(anonymous_1)
FNDA:5,(anonymous_2)
FNDA:2,(anonymous_3)
FNDA:2,(anonymous_4)
FNDA:7,(anonymous_5)
FNDA:2,(anonymous_6)
DA:14,20
DA:15,16
DA:16,16
DA:24,10
DA:25,10
DA:26,10
DA:27,10
DA:29,10
DA:30,1
DA:32,9
DA:40,5
DA:41,5
DA:43,5
DA:51,5
DA:52,5
DA:54,0
DA:62,2
DA:63,2
DA:64,2
DA:66,2
DA:67,1
DA:69,1
DA:77,2
DA:78,2
DA:79,2
DA:81,2
DA:82,1
DA:84,1
DA:92,7
DA:93,7
DA:94,7
DA:95,7
DA:97,7
DA:98,3
DA:100,4
DA:108,2
DA:109,2
DA:110,2
DA:112,2
DA:113,2
DA:115,0
LF:41
LH:39
BRDA:14,0,0,4
BRDA:14,0,1,16
BRDA:15,1,0,0
BRDA:15,1,1,16
BRDA:15,2,0,0
BRDA:15,2,1,0
BRDA:110,3,0,1
BRDA:110,3,1,1
BRF:8
BRH:5
end_of_record
TN:
SF:src\modules\estrus\routes\estrus.routes.ts
FNF:0
FNH:0
DA:5,14
DA:7,14
DA:10,14
DA:11,14
DA:13,14
DA:19,14
DA:22,14
DA:24,14
LF:8
LH:8
BRF:0
BRH:0
end_of_record
TN:
SF:src\modules\estrus\services\estrus.service.ts
FN:39,calcNextEstrus
FN:45,formatEstrus
FN:59,(anonymous_2)
FN:109,(anonymous_3)
FN:149,(anonymous_4)
FN:165,(anonymous_5)
FN:186,(anonymous_6)
FN:218,(anonymous_7)
FNF:8
FNH:8
FNDA:2,calcNextEstrus
FNDA:15,formatEstrus
FNDA:10,(anonymous_2)
FNDA:5,(anonymous_3)
FNDA:9,(anonymous_4)
FNDA:2,(anonymous_5)
FNDA:7,(anonymous_6)
FNDA:2,(anonymous_7)
DA:15,14
DA:40,2
DA:41,2
DA:42,2
DA:46,15
DA:47,15
DA:64,10
DA:66,10
DA:70,4
DA:71,1
DA:74,3
DA:75,1
DA:80,2
DA:81,1
DA:87,1
DA:88,1
DA:90,1
DA:103,1
DA:110,5
DA:112,5
DA:113,1
DA:116,5
DA:117,1
DA:121,5
DA:122,1
DA:129,5
DA:130,1
DA:131,1
DA:132,1
DA:134,1
DA:137,5
DA:143,5
DA:150,9
DA:155,9
DA:156,1
DA:159,8
DA:166,2
DA:170,2
DA:171,1
DA:174,1
DA:180,1
DA:187,7
DA:189,7
DA:191,7
DA:193,7
DA:195,3
DA:196,1
DA:200,3
DA:201,1
DA:202,1
DA:203,1
DA:206,3
DA:212,3
DA:219,2
DA:220,2
DA:221,2
DA:223,2
DA:232,2
LF:58
LH:58
BRDA:49,0,0,15
BRDA:49,0,1,0
BRDA:50,1,0,15
BRDA:50,1,1,0
BRDA:51,2,0,15
BRDA:51,2,1,0
BRDA:70,3,0,1
BRDA:70,3,1,3
BRDA:74,4,0,1
BRDA:74,4,1,2
BRDA:80,5,0,1
BRDA:80,5,1,1
BRDA:97,6,0,1
BRDA:97,6,1,1
BRDA:112,7,0,1
BRDA:112,7,1,4
BRDA:116,8,0,1
BRDA:116,8,1,4
BRDA:121,9,0,1
BRDA:121,9,1,4
BRDA:121,10,0,5
BRDA:121,10,1,4
BRDA:123,11,0,1
BRDA:123,11,1,0
BRDA:124,12,0,1
BRDA:124,12,1,0
BRDA:129,13,0,1
BRDA:129,13,1,4
BRDA:155,14,0,1
BRDA:155,14,1,8
BRDA:170,15,0,1
BRDA:170,15,1,1
BRDA:193,16,0,1
BRDA:193,16,1,6
BRDA:195,17,0,1
BRDA:195,17,1,2
BRDA:196,18,0,1
BRDA:196,18,1,1
BRDA:200,19,0,1
BRDA:200,19,1,2
BRDA:218,20,0,2
BRF:41
BRH:36
end_of_record
TN:
SF:src\modules\estrus\validators\estrus.validator.ts
FN:6,isValideDate
FN:11,isNotFutureDate
FN:14,validateCreate
FN:39,validateUpdate
FNF:4
FNH:4
FNDA:11,isValideDate
FNDA:9,isNotFutureDate
FNDA:10,validateCreate
FNDA:7,validateUpdate
DA:4,14
DA:7,11
DA:8,11
DA:12,9
DA:16,10
DA:17,1
DA:20,9
DA:21,1
DA:23,8
DA:24,1
DA:26,7
DA:27,1
DA:30,6
DA:31,1
DA:34,5
DA:35,1
DA:41,7
DA:42,3
DA:43,1
DA:45,2
DA:46,1
DA:51,5
DA:52,1
DA:56,4
DA:57,1
LF:25
LH:25
BRDA:16,0,0,1
BRDA:16,0,1,9
BRDA:16,1,0,10
BRDA:16,1,1,9
BRDA:20,2,0,1
BRDA:20,2,1,8
BRDA:23,3,0,1
BRDA:23,3,1,7
BRDA:26,4,0,1
BRDA:26,4,1,6
BRDA:30,5,0,1
BRDA:30,5,1,5
BRDA:30,6,0,6
BRDA:30,6,1,6
BRDA:34,7,0,1
BRDA:34,7,1,4
BRDA:34,8,0,5
BRDA:34,8,1,1
BRDA:41,9,0,3
BRDA:41,9,1,4
BRDA:42,10,0,1
BRDA:42,10,1,2
BRDA:45,11,0,1
BRDA:45,11,1,1
BRDA:51,12,0,1
BRDA:51,12,1,4
BRDA:51,13,0,5
BRDA:51,13,1,2
BRDA:56,14,0,1
BRDA:56,14,1,3
BRDA:56,15,0,4
BRDA:56,15,1,2
BRDA:56,15,2,1
BRF:33
BRH:33
end_of_record
TN:
SF:src\modules\farm\controllers\farm.controller.ts
FN:11,queryString
FN:22,(anonymous_1)
FN:34,(anonymous_2)
FN:48,(anonymous_3)
FN:71,(anonymous_4)
FN:88,(anonymous_5)
FN:106,(anonymous_6)
FN:119,(anonymous_7)
FN:133,(anonymous_8)
FN:146,(anonymous_9)
FN:182,(anonymous_10)
FNF:11
FNH:9
FNDA:8,queryString
FNDA:0,(anonymous_1)
FNDA:7,(anonymous_2)
FNDA:4,(anonymous_3)
FNDA:3,(anonymous_4)
FNDA:7,(anonymous_5)
FNDA:2,(anonymous_6)
FNDA:1,(anonymous_7)
FNDA:0,(anonymous_8)
FNDA:5,(anonymous_9)
FNDA:2,(anonymous_10)
DA:12,8
DA:13,6
DA:14,6
DA:23,0
DA:24,0
DA:25,0
DA:27,0
DA:35,7
DA:36,7
DA:37,7
DA:38,2
DA:40,5
DA:49,4
DA:50,4
DA:51,4
DA:53,4
DA:55,4
DA:60,4
DA:61,4
DA:63,0
DA:72,3
DA:73,3
DA:74,3
DA:75,3
DA:77,3
DA:78,1
DA:80,2
DA:89,7
DA:90,7
DA:91,7
DA:92,7
DA:93,7
DA:95,7
DA:96,2
DA:98,5
DA:107,2
DA:108,2
DA:109,1
DA:111,1
DA:120,1
DA:121,1
DA:122,1
DA:124,0
DA:134,0
DA:135,0
DA:136,0
DA:138,0
DA:147,5
DA:148,5
DA:149,5
DA:150,5
DA:152,5
DA:153,1
DA:154,1
DA:157,4
DA:159,4
DA:160,4
DA:161,1
DA:162,1
DA:165,3
DA:166,3
DA:167,0
DA:168,0
DA:171,3
DA:172,1
DA:174,2
DA:183,2
DA:184,2
DA:185,1
DA:187,1
LF:70
LH:58
BRDA:12,0,0,2
BRDA:12,0,1,6
BRDA:13,1,0,0
BRDA:13,1,1,6
BRDA:13,2,0,0
BRDA:13,2,1,0
BRDA:56,3,0,1
BRDA:56,3,1,3
BRDA:152,4,0,1
BRDA:152,4,1,4
BRDA:160,5,0,1
BRDA:160,5,1,3
BRDA:166,6,0,0
BRDA:166,6,1,3
BRF:14
BRH:10
end_of_record
TN:
SF:src\modules\farm\routes\farm.routes.ts
FNF:0
FNH:0
DA:10,14
DA:15,14
DA:19,14
DA:24,14
DA:27,14
DA:33,14
DA:39,14
DA:45,14
DA:51,14
DA:58,14
DA:68,14
DA:78,14
DA:88,14
LF:13
LH:13
BRF:0
BRH:0
end_of_record
TN:
SF:src\modules\farm\services\farm.service.ts
FN:26,(anonymous_0)
FN:34,(anonymous_1)
FN:59,(anonymous_2)
FN:91,(anonymous_3)
FN:114,(anonymous_4)
FN:157,(anonymous_5)
FN:176,(anonymous_6)
FN:193,(anonymous_7)
FN:216,(anonymous_8)
FN:232,(anonymous_9)
FN:290,(anonymous_10)
FN:308,(anonymous_11)
FNF:12
FNH:10
FNDA:0,(anonymous_0)
FNDA:7,(anonymous_1)
FNDA:4,(anonymous_2)
FNDA:14,(anonymous_3)
FNDA:7,(anonymous_4)
FNDA:3,(anonymous_5)
FNDA:0,(anonymous_6)
FNDA:3,(anonymous_7)
FNDA:2,(anonymous_8)
FNDA:3,(anonymous_9)
FNDA:2,(anonymous_10)
FNDA:16,(anonymous_11)
DA:13,14
DA:27,0
DA:35,7
DA:37,7
DA:42,3
DA:43,1
DA:45,2
DA:53,2
DA:65,4
DA:66,1
DA:67,1
DA:69,3
DA:70,3
DA:71,1
DA:73,3
DA:74,1
DA:75,1
DA:81,3
DA:93,14
DA:94,1
DA:98,13
DA:102,13
DA:103,1
DA:107,12
DA:121,7
DA:123,7
DA:126,7
DA:127,2
DA:134,2
DA:135,1
DA:141,2
DA:143,2
DA:144,2
DA:145,2
DA:147,2
DA:158,3
DA:160,3
DA:161,1
DA:164,2
DA:179,0
DA:201,3
DA:203,3
DA:205,1
DA:217,2
DA:219,2
DA:220,1
DA:223,1
DA:237,3
DA:238,3
DA:239,3
DA:241,3
DA:242,1
DA:251,2
DA:252,2
DA:253,2
DA:254,2
DA:257,2
DA:258,2
DA:260,2
DA:261,2
DA:262,2
DA:263,2
DA:264,2
DA:265,2
DA:266,2
DA:268,2
DA:273,2
DA:274,1
DA:275,1
DA:281,1
DA:283,1
DA:291,2
DA:292,2
DA:293,2
DA:296,2
DA:305,2
DA:307,2
DA:308,16
LF:78
LH:76
BRDA:42,0,0,1
BRDA:42,0,1,2
BRDA:49,1,0,2
BRDA:49,1,1,1
BRDA:65,2,0,1
BRDA:65,2,1,3
BRDA:70,3,0,1
BRDA:70,3,1,2
BRDA:73,4,0,1
BRDA:73,4,1,2
BRDA:93,5,0,1
BRDA:93,5,1,13
BRDA:93,6,0,14
BRDA:93,6,1,2
BRDA:102,7,0,1
BRDA:102,7,1,12
BRDA:126,8,0,2
BRDA:126,8,1,5
BRDA:134,9,0,1
BRDA:134,9,1,1
BRDA:143,10,0,1
BRDA:143,10,1,1
BRDA:144,11,0,1
BRDA:144,11,1,1
BRDA:145,12,0,1
BRDA:145,12,1,1
BRDA:145,13,0,1
BRDA:145,13,1,1
BRDA:160,14,0,1
BRDA:160,14,1,2
BRDA:219,15,0,1
BRDA:219,15,1,1
BRDA:241,16,0,1
BRDA:241,16,1,2
BRDA:241,17,0,3
BRDA:241,17,1,2
BRDA:241,17,2,2
BRDA:273,18,0,1
BRDA:273,18,1,1
BRDA:276,19,0,1
BRDA:276,19,1,0
BRF:41
BRH:40
end_of_record
TN:
SF:src\modules\farm\validators\farm.validators.ts
FN:3,isValidCNPJ
FN:10,(anonymous_1)
FN:19,(anonymous_2)
FN:32,validateCreate
FN:46,validateUpdate
FNF:5
FNH:5
FNDA:3,isValidCNPJ
FNDA:2,(anonymous_1)
FNDA:25,(anonymous_2)
FNDA:7,validateCreate
FNDA:7,validateUpdate
DA:4,3
DA:5,3
DA:7,1
DA:10,1
DA:12,2
DA:16,2
DA:19,25
DA:21,2
DA:22,2
DA:25,1
DA:26,1
DA:29,1
DA:33,7
DA:34,1
DA:36,6
DA:37,1
DA:39,5
DA:40,1
DA:42,4
DA:43,1
DA:47,7
DA:48,4
DA:49,1
DA:51,3
DA:52,1
DA:56,5
DA:57,1
DA:60,4
DA:61,1
DA:62,1
LF:30
LH:30
BRDA:5,0,0,2
BRDA:5,0,1,1
BRDA:7,1,0,0
BRDA:7,1,1,1
BRDA:12,2,0,1
BRDA:12,2,1,1
BRDA:22,3,0,0
BRDA:22,3,1,2
BRDA:29,4,0,1
BRDA:29,4,1,1
BRDA:33,5,0,1
BRDA:33,5,1,6
BRDA:33,6,0,7
BRDA:33,6,1,7
BRDA:36,7,0,1
BRDA:36,7,1,5
BRDA:39,8,0,1
BRDA:39,8,1,4
BRDA:39,9,0,5
BRDA:39,9,1,5
BRDA:42,10,0,1
BRDA:42,10,1,3
BRDA:42,11,0,4
BRDA:42,11,1,2
BRDA:42,11,2,2
BRDA:47,12,0,4
BRDA:47,12,1,3
BRDA:48,13,0,1
BRDA:48,13,1,3
BRDA:51,14,0,1
BRDA:51,14,1,2
BRDA:56,15,0,1
BRDA:56,15,1,4
BRDA:56,16,0,5
BRDA:56,16,1,2
BRDA:60,17,0,1
BRDA:60,17,1,3
BRDA:60,18,0,4
BRDA:60,18,1,2
BRDA:60,18,2,1
BRDA:61,19,0,1
BRDA:61,19,1,0
BRF:42
BRH:39
end_of_record
TN:
SF:src\modules\management\controllers\management.controller.ts
FN:9,(anonymous_0)
FN:19,(anonymous_1)
FN:29,(anonymous_2)
FN:41,(anonymous_3)
FNF:4
FNH:4
FNDA:12,(anonymous_0)
FNDA:17,(anonymous_1)
FNDA:2,(anonymous_2)
FNDA:3,(anonymous_3)
DA:10,12
DA:11,12
DA:12,12
DA:13,12
DA:14,2
DA:16,10
DA:20,17
DA:21,17
DA:22,17
DA:23,17
DA:24,3
DA:26,14
DA:30,2
DA:31,2
DA:32,2
DA:33,2
DA:34,2
DA:36,2
DA:38,0
DA:42,3
DA:43,3
DA:44,3
DA:45,3
DA:46,2
DA:48,1
LF:25
LH:24
BRF:0
BRH:0
end_of_record
TN:
SF:src\modules\management\routes\management.routes.ts
FN:22,(anonymous_0)
FNF:1
FNH:1
FNDA:1,(anonymous_0)
DA:5,14
DA:6,14
DA:9,14
DA:15,14
DA:21,14
DA:24,1
DA:25,1
DA:26,1
DA:32,14
LF:9
LH:9
BRF:0
BRH:0
end_of_record
TN:
SF:src\modules\management\services\management.service.ts
FN:10,(anonymous_0)
FN:37,(anonymous_1)
FN:74,(anonymous_2)
FN:92,(anonymous_3)
FN:135,(anonymous_4)
FN:141,(anonymous_5)
FN:152,(anonymous_6)
FNF:7
FNH:7
FNDA:12,(anonymous_0)
FNDA:2,(anonymous_1)
FNDA:17,(anonymous_2)
FNDA:3,(anonymous_3)
FNDA:1,(anonymous_4)
FNDA:1,(anonymous_5)
FNDA:1,(anonymous_6)
DA:11,12
DA:12,12
DA:15,12
DA:21,4
DA:24,3
DA:30,3
DA:31,1
DA:33,2
DA:34,12
DA:37,12
DA:39,2
DA:51,2
DA:59,2
DA:60,1
DA:66,2
DA:70,2
DA:72,2
DA:75,17
DA:76,17
DA:78,17
DA:81,5
DA:82,5
DA:86,4
DA:89,4
DA:90,1
DA:92,3
DA:93,3
DA:94,6
DA:97,6
DA:109,6
DA:118,6
DA:119,4
DA:126,6
DA:133,3
DA:136,1
DA:142,1
DA:152,1
LF:37
LH:37
BRDA:21,0,0,1
BRDA:21,0,1,3
BRDA:30,1,0,1
BRDA:30,1,1,2
BRDA:33,2,0,2
BRDA:33,2,1,1
BRDA:47,3,0,0
BRDA:47,3,1,2
BRDA:59,4,0,1
BRDA:59,4,1,1
BRDA:81,5,0,1
BRDA:81,5,1,4
BRDA:89,6,0,1
BRDA:89,6,1,3
BRDA:94,7,0,6
BRDA:94,7,1,2
BRDA:105,8,0,0
BRDA:105,8,1,6
BRDA:118,9,0,4
BRDA:118,9,1,2
BRDA:154,10,0,1
BRDA:154,10,1,1
BRF:22
BRH:20
end_of_record
TN:
SF:src\modules\management\validators\management.validator.ts
FN:11,isValidDate
FN:16,validateMove
FN:52,validateMoveBatch
FNF:3
FNH:3
FNDA:4,isValidDate
FNDA:12,validateMove
FNDA:17,validateMoveBatch
DA:12,4
DA:13,4
DA:18,12
DA:19,1
DA:22,11
DA:23,1
DA:26,10
DA:27,1
DA:29,9
DA:30,1
DA:34,8
DA:35,1
DA:37,7
DA:38,1
DA:42,6
DA:43,2
DA:44,1
DA:46,1
DA:47,1
DA:54,17
DA:55,1
DA:57,16
DA:58,1
DA:60,15
DA:61,1
DA:65,14
DA:66,28
DA:67,1
DA:72,13
DA:73,13
DA:74,1
DA:78,12
DA:79,1
DA:83,11
DA:84,1
DA:86,10
DA:87,1
DA:91,9
DA:92,1
DA:94,8
DA:95,1
DA:99,7
DA:100,2
DA:101,1
DA:103,1
DA:104,1
LF:46
LH:46
BRDA:18,0,0,1
BRDA:18,0,1,11
BRDA:18,1,0,12
BRDA:18,1,1,11
BRDA:22,2,0,1
BRDA:22,2,1,10
BRDA:22,3,0,11
BRDA:22,3,1,10
BRDA:26,4,0,1
BRDA:26,4,1,9
BRDA:26,5,0,10
BRDA:26,5,1,10
BRDA:29,6,0,1
BRDA:29,6,1,8
BRDA:34,7,0,1
BRDA:34,7,1,7
BRDA:34,8,0,8
BRDA:34,8,1,8
BRDA:37,9,0,1
BRDA:37,9,1,6
BRDA:42,10,0,2
BRDA:42,10,1,4
BRDA:43,11,0,1
BRDA:43,11,1,1
BRDA:46,12,0,1
BRDA:46,12,1,0
BRDA:54,13,0,1
BRDA:54,13,1,16
BRDA:54,14,0,17
BRDA:54,14,1,17
BRDA:57,15,0,1
BRDA:57,15,1,15
BRDA:60,16,0,1
BRDA:60,16,1,14
BRDA:66,17,0,1
BRDA:66,17,1,27
BRDA:66,18,0,28
BRDA:66,18,1,27
BRDA:73,19,0,1
BRDA:73,19,1,12
BRDA:78,20,0,1
BRDA:78,20,1,11
BRDA:78,21,0,12
BRDA:78,21,1,11
BRDA:83,22,0,1
BRDA:83,22,1,10
BRDA:83,23,0,11
BRDA:83,23,1,11
BRDA:86,24,0,1
BRDA:86,24,1,9
BRDA:91,25,0,1
BRDA:91,25,1,8
BRDA:91,26,0,9
BRDA:91,26,1,9
BRDA:94,27,0,1
BRDA:94,27,1,7
BRDA:99,28,0,2
BRDA:99,28,1,5
BRDA:100,29,0,1
BRDA:100,29,1,1
BRDA:103,30,0,1
BRDA:103,30,1,0
BRF:62
BRH:60
end_of_record
TN:
SF:src\modules\mortality\controllers\mortality.controller.ts
FN:13,queryString
FN:24,(anonymous_1)
FN:42,(anonymous_2)
FN:64,(anonymous_3)
FN:79,(anonymous_4)
FN:95,(anonymous_5)
FN:113,(anonymous_6)
FN:136,(anonymous_7)
FNF:8
FNH:8
FNDA:12,queryString
FNDA:21,(anonymous_1)
FNDA:4,(anonymous_2)
FNDA:2,(anonymous_3)
FNDA:2,(anonymous_4)
FNDA:6,(anonymous_5)
FNDA:4,(anonymous_6)
FNDA:6,(anonymous_7)
DA:14,12
DA:15,9
DA:16,9
DA:25,21
DA:26,21
DA:27,21
DA:28,21
DA:30,21
DA:31,4
DA:33,17
DA:43,4
DA:44,4
DA:46,4
DA:53,4
DA:54,4
DA:56,0
DA:65,2
DA:66,2
DA:67,2
DA:69,2
DA:70,1
DA:72,1
DA:80,2
DA:81,2
DA:82,2
DA:84,2
DA:85,1
DA:87,1
DA:96,6
DA:97,6
DA:98,6
DA:99,6
DA:101,6
DA:102,2
DA:104,4
DA:114,4
DA:115,4
DA:116,4
DA:117,4
DA:119,4
DA:120,2
DA:121,2
DA:124,2
DA:125,1
DA:127,1
DA:137,6
DA:138,6
DA:139,6
DA:140,6
DA:142,6
DA:143,2
DA:144,2
DA:146,4
DA:147,1
DA:149,3
LF:55
LH:54
BRDA:14,0,0,3
BRDA:14,0,1,9
BRDA:15,1,0,0
BRDA:15,1,1,9
BRDA:15,2,0,0
BRDA:15,2,1,0
BRDA:50,3,0,1
BRDA:50,3,1,3
BRDA:119,4,0,2
BRDA:119,4,1,2
BRDA:119,5,0,4
BRDA:119,5,1,3
BRDA:142,6,0,2
BRDA:142,6,1,4
BRDA:142,7,0,6
BRDA:142,7,1,5
BRF:16
BRH:13
end_of_record
TN:
SF:src\modules\mortality\routes\mortality.routes.ts
FNF:0
FNH:0
DA:9,14
DA:11,14
DA:14,14
DA:23,14
DA:33,14
DA:38,14
DA:43,14
DA:53,14
DA:63,14
LF:9
LH:9
BRF:0
BRH:0
end_of_record
TN:
SF:src\modules\mortality\services\mortality.service.ts
FN:46,formatMortality
FN:65,(anonymous_1)
FN:106,(anonymous_2)
FN:176,(anonymous_3)
FN:206,(anonymous_4)
FN:225,(anonymous_5)
FN:247,(anonymous_6)
FN:280,(anonymous_7)
FN:313,(anonymous_8)
FN:321,(anonymous_9)
FNF:10
FNH:10
FNDA:22,formatMortality
FNDA:21,(anonymous_1)
FNDA:4,(anonymous_2)
FNDA:4,(anonymous_3)
FNDA:14,(anonymous_4)
FNDA:2,(anonymous_5)
FNDA:6,(anonymous_6)
FNDA:2,(anonymous_7)
FNDA:4,(anonymous_8)
FNDA:3,(anonymous_9)
DA:15,14
DA:47,22
DA:48,22
DA:70,21
DA:73,21
DA:77,8
DA:78,1
DA:82,7
DA:83,1
DA:88,6
DA:89,1
DA:95,5
DA:96,2
DA:99,2
DA:100,1
DA:106,4
DA:108,4
DA:129,4
DA:138,4
DA:139,3
DA:147,3
DA:155,4
DA:167,4
DA:170,4
DA:177,4
DA:179,4
DA:180,1
DA:186,4
DA:187,1
DA:190,4
DA:191,1
DA:194,4
DA:200,4
DA:207,14
DA:212,14
DA:213,2
DA:218,12
DA:226,2
DA:230,2
DA:231,1
DA:234,1
DA:240,1
DA:252,6
DA:254,6
DA:256,6
DA:258,6
DA:259,2
DA:260,2
DA:261,2
DA:262,2
DA:263,2
DA:264,2
DA:265,2
DA:267,2
DA:273,2
DA:281,2
DA:284,2
DA:285,2
DA:286,1
DA:294,1
DA:305,1
DA:314,4
DA:316,3
DA:317,2
DA:321,3
DA:323,1
DA:330,1
LF:67
LH:67
BRDA:50,0,0,22
BRDA:50,0,1,0
BRDA:51,1,0,22
BRDA:51,1,1,0
BRDA:52,2,0,22
BRDA:52,2,1,0
BRDA:77,3,0,1
BRDA:77,3,1,7
BRDA:82,4,0,1
BRDA:82,4,1,6
BRDA:88,5,0,1
BRDA:88,5,1,5
BRDA:95,6,0,2
BRDA:95,6,1,3
BRDA:99,7,0,1
BRDA:99,7,1,1
BRDA:112,8,0,4
BRDA:112,8,1,3
BRDA:114,9,0,4
BRDA:114,9,1,0
BRDA:117,10,0,4
BRDA:117,10,1,0
BRDA:118,11,0,4
BRDA:118,11,1,4
BRDA:119,12,0,4
BRDA:119,12,1,4
BRDA:120,13,0,4
BRDA:120,13,1,4
BRDA:121,14,0,4
BRDA:121,14,1,4
BRDA:122,15,0,1
BRDA:122,15,1,3
BRDA:138,16,0,3
BRDA:138,16,1,1
BRDA:179,17,0,1
BRDA:179,17,1,3
BRDA:179,18,0,4
BRDA:179,18,1,3
BRDA:181,19,0,1
BRDA:181,19,1,0
BRDA:182,20,0,1
BRDA:182,20,1,0
BRDA:186,21,0,1
BRDA:186,21,1,3
BRDA:190,22,0,1
BRDA:190,22,1,3
BRDA:212,23,0,2
BRDA:212,23,1,12
BRDA:230,24,0,1
BRDA:230,24,1,1
BRDA:258,25,0,1
BRDA:258,25,1,5
BRDA:259,26,0,1
BRDA:259,26,1,1
BRDA:259,27,0,1
BRDA:259,27,1,0
BRDA:260,28,0,1
BRDA:260,28,1,1
BRDA:261,29,0,1
BRDA:261,29,1,1
BRDA:262,30,0,1
BRDA:262,30,1,1
BRDA:263,31,0,1
BRDA:263,31,1,1
BRDA:264,32,0,1
BRDA:264,32,1,1
BRDA:264,33,0,1
BRDA:264,33,1,0
BRDA:265,34,0,1
BRDA:265,34,1,1
BRDA:265,35,0,1
BRDA:265,35,1,0
BRDA:284,36,0,2
BRDA:284,36,1,0
BRDA:285,37,0,1
BRDA:285,37,1,1
BRDA:288,38,0,1
BRDA:288,38,1,0
BRDA:316,39,0,2
BRDA:316,39,1,1
BRDA:316,40,0,3
BRDA:316,40,1,3
BRF:82
BRH:70
end_of_record
TN:
SF:src\modules\mortality\validators\mortality.validator.ts
FN:7,isValidDate
FN:12,isNotFutureDate
FN:15,validateCreate
FN:79,validateUpdate
FNF:4
FNH:4
FNDA:21,isValidDate
FNDA:21,isNotFutureDate
FNDA:21,validateCreate
FNDA:6,validateUpdate
DA:4,14
DA:8,21
DA:9,21
DA:13,21
DA:17,21
DA:18,1
DA:21,20
DA:22,1
DA:24,19
DA:25,0
DA:27,19
DA:28,1
DA:31,18
DA:32,18
DA:33,1
DA:37,17
DA:38,1
DA:40,16
DA:41,1
DA:44,15
DA:45,1
DA:47,14
DA:48,1
DA:51,13
DA:52,1
DA:56,12
DA:57,1
DA:58,1
DA:62,11
DA:63,2
DA:64,1
DA:66,1
DA:67,1
DA:72,9
DA:73,1
DA:74,1
DA:80,6
DA:81,2
DA:82,0
DA:84,2
DA:85,1
DA:89,5
DA:90,2
DA:91,1
DA:95,4
DA:96,1
DA:97,0
DA:99,1
DA:100,0
DA:104,4
DA:105,2
DA:106,1
DA:108,1
DA:109,0
DA:113,3
DA:114,1
DA:117,2
DA:118,1
DA:119,0
DA:123,2
DA:124,1
DA:125,0
LF:62
LH:55
BRDA:17,0,0,1
BRDA:17,0,1,20
BRDA:17,1,0,21
BRDA:17,1,1,20
BRDA:21,2,0,1
BRDA:21,2,1,19
BRDA:24,3,0,0
BRDA:24,3,1,19
BRDA:27,4,0,1
BRDA:27,4,1,18
BRDA:31,5,0,18
BRDA:31,5,1,0
BRDA:31,6,0,18
BRDA:31,6,1,18
BRDA:32,7,0,1
BRDA:32,7,1,17
BRDA:37,8,0,1
BRDA:37,8,1,16
BRDA:37,9,0,17
BRDA:37,9,1,17
BRDA:40,10,0,1
BRDA:40,10,1,15
BRDA:40,11,0,16
BRDA:40,11,1,16
BRDA:44,12,0,1
BRDA:44,12,1,14
BRDA:44,13,0,15
BRDA:44,13,1,15
BRDA:47,14,0,1
BRDA:47,14,1,13
BRDA:51,15,0,1
BRDA:51,15,1,12
BRDA:51,16,0,13
BRDA:51,16,1,13
BRDA:56,17,0,1
BRDA:56,17,1,11
BRDA:56,18,0,12
BRDA:56,18,1,1
BRDA:57,19,0,1
BRDA:57,19,1,0
BRDA:62,20,0,2
BRDA:62,20,1,9
BRDA:63,21,0,1
BRDA:63,21,1,1
BRDA:66,22,0,1
BRDA:66,22,1,0
BRDA:72,23,0,1
BRDA:72,23,1,8
BRDA:72,24,0,9
BRDA:72,24,1,1
BRDA:73,25,0,1
BRDA:73,25,1,0
BRDA:80,26,0,2
BRDA:80,26,1,4
BRDA:81,27,0,0
BRDA:81,27,1,2
BRDA:84,28,0,1
BRDA:84,28,1,1
BRDA:89,29,0,2
BRDA:89,29,1,3
BRDA:89,30,0,5
BRDA:89,30,1,2
BRDA:90,31,0,1
BRDA:90,31,1,1
BRDA:95,32,0,1
BRDA:95,32,1,3
BRDA:96,33,0,0
BRDA:96,33,1,1
BRDA:99,34,0,0
BRDA:99,34,1,1
BRDA:104,35,0,2
BRDA:104,35,1,2
BRDA:105,36,0,1
BRDA:105,36,1,1
BRDA:108,37,0,0
BRDA:108,37,1,1
BRDA:113,38,0,1
BRDA:113,38,1,2
BRDA:113,39,0,3
BRDA:113,39,1,2
BRDA:117,40,0,1
BRDA:117,40,1,1
BRDA:117,41,0,2
BRDA:117,41,1,1
BRDA:118,42,0,0
BRDA:118,42,1,1
BRDA:123,43,0,1
BRDA:123,43,1,1
BRDA:123,44,0,2
BRDA:123,44,1,1
BRDA:124,45,0,0
BRDA:124,45,1,1
BRF:92
BRH:81
end_of_record
TN:
SF:src\modules\pasture\controllers\pasture.controller.ts
FN:16,queryString
FN:27,(anonymous_1)
FN:43,(anonymous_2)
FN:65,(anonymous_3)
FN:81,(anonymous_4)
FN:98,(anonymous_5)
FN:114,(anonymous_6)
FN:130,(anonymous_7)
FNF:8
FNH:8
FNDA:12,queryString
FNDA:9,(anonymous_1)
FNDA:4,(anonymous_2)
FNDA:2,(anonymous_3)
FNDA:7,(anonymous_4)
FNDA:1,(anonymous_5)
FNDA:2,(anonymous_6)
FNDA:2,(anonymous_7)
DA:17,12
DA:18,9
DA:19,9
DA:28,9
DA:29,9
DA:30,9
DA:32,9
DA:33,1
DA:35,8
DA:44,4
DA:45,4
DA:46,4
DA:48,4
DA:54,4
DA:55,4
DA:57,0
DA:66,2
DA:67,2
DA:68,2
DA:70,2
DA:71,1
DA:73,1
DA:82,7
DA:83,7
DA:84,7
DA:85,7
DA:87,7
DA:88,2
DA:90,5
DA:99,1
DA:100,1
DA:101,1
DA:103,1
DA:104,1
DA:106,0
DA:115,2
DA:116,2
DA:117,2
DA:119,2
DA:120,1
DA:122,1
DA:131,2
DA:132,2
DA:133,2
DA:135,2
DA:136,1
DA:138,1
LF:47
LH:45
BRDA:17,0,0,3
BRDA:17,0,1,9
BRDA:18,1,0,0
BRDA:18,1,1,9
BRDA:18,2,0,0
BRDA:18,2,1,0
BRDA:49,3,0,1
BRDA:49,3,1,3
BRF:8
BRH:5
end_of_record
TN:
SF:src\modules\pasture\routes\pasture.routes.ts
FNF:0
FNH:0
DA:9,14
DA:12,14
DA:18,14
DA:29,14
DA:35,14
DA:41,14
DA:51,14
DA:61,14
DA:71,14
LF:9
LH:9
BRF:0
BRH:0
end_of_record
TN:
SF:src\modules\pasture\services\pasture.service.ts
FN:31,calcOccupancyRate
FN:37,formatPasture
FN:49,(anonymous_2)
FN:86,(anonymous_3)
FN:116,(anonymous_4)
FN:133,(anonymous_5)
FN:182,(anonymous_6)
FN:213,(anonymous_7)
FNF:8
FNH:8
FNDA:19,calcOccupancyRate
FNDA:19,formatPasture
FNDA:9,(anonymous_2)
FNDA:4,(anonymous_3)
FNDA:14,(anonymous_4)
FNDA:7,(anonymous_5)
FNDA:3,(anonymous_6)
FNDA:2,(anonymous_7)
DA:17,14
DA:32,19
DA:33,19
DA:38,19
DA:51,9
DA:54,9
DA:61,2
DA:62,1
DA:68,1
DA:79,1
DA:87,4
DA:90,4
DA:91,1
DA:95,4
DA:96,1
DA:100,4
DA:101,1
DA:104,4
DA:110,4
DA:117,14
DA:122,14
DA:123,1
DA:126,13
DA:139,7
DA:142,7
DA:145,7
DA:146,2
DA:154,2
DA:155,1
DA:162,2
DA:164,2
DA:165,2
DA:166,2
DA:167,2
DA:169,2
DA:175,2
DA:188,3
DA:191,3
DA:192,1
DA:200,2
DA:206,2
DA:214,2
DA:217,2
DA:218,1
DA:226,1
LF:45
LH:45
BRDA:32,0,0,0
BRDA:32,0,1,19
BRDA:61,1,0,1
BRDA:61,1,1,1
BRDA:90,2,0,1
BRDA:90,2,1,3
BRDA:95,3,0,1
BRDA:95,3,1,3
BRDA:100,4,0,1
BRDA:100,4,1,3
BRDA:122,5,0,1
BRDA:122,5,1,13
BRDA:145,6,0,2
BRDA:145,6,1,5
BRDA:154,7,0,1
BRDA:154,7,1,1
BRDA:164,8,0,1
BRDA:164,8,1,1
BRDA:165,9,0,1
BRDA:165,9,1,1
BRDA:166,10,0,1
BRDA:166,10,1,1
BRDA:167,11,0,1
BRDA:167,11,1,1
BRDA:191,12,0,1
BRDA:191,12,1,2
BRDA:191,13,0,3
BRDA:191,13,1,2
BRDA:217,14,0,1
BRDA:217,14,1,1
BRF:30
BRH:29
end_of_record
TN:
SF:src\modules\pasture\validators\pasture.validator.ts
FN:5,validateCreate
FN:35,validateUpdate
FNF:2
FNH:2
FNDA:9,validateCreate
FNDA:7,validateUpdate
DA:3,14
DA:7,9
DA:8,1
DA:10,8
DA:11,1
DA:15,7
DA:16,1
DA:18,6
DA:19,1
DA:23,5
DA:24,1
DA:28,4
DA:29,1
DA:31,3
DA:32,1
DA:36,7
DA:37,3
DA:38,1
DA:40,2
DA:41,0
DA:45,6
DA:46,2
DA:47,1
DA:51,5
DA:52,1
DA:55,4
DA:56,2
DA:57,1
LF:28
LH:27
BRDA:7,0,0,1
BRDA:7,0,1,8
BRDA:7,1,0,9
BRDA:7,1,1,9
BRDA:10,2,0,1
BRDA:10,2,1,7
BRDA:15,3,0,1
BRDA:15,3,1,6
BRDA:15,4,0,7
BRDA:15,4,1,6
BRDA:18,5,0,1
BRDA:18,5,1,5
BRDA:18,6,0,6
BRDA:18,6,1,6
BRDA:23,7,0,1
BRDA:23,7,1,4
BRDA:23,8,0,5
BRDA:23,8,1,5
BRDA:28,9,0,1
BRDA:28,9,1,3
BRDA:28,10,0,4
BRDA:28,10,1,3
BRDA:31,11,0,1
BRDA:31,11,1,2
BRDA:31,12,0,3
BRDA:31,12,1,3
BRDA:36,13,0,3
BRDA:36,13,1,4
BRDA:37,14,0,1
BRDA:37,14,1,2
BRDA:40,15,0,0
BRDA:40,15,1,2
BRDA:45,16,0,2
BRDA:45,16,1,4
BRDA:46,17,0,1
BRDA:46,17,1,1
BRDA:46,18,0,2
BRDA:46,18,1,2
BRDA:51,19,0,1
BRDA:51,19,1,4
BRDA:51,20,0,5
BRDA:51,20,1,2
BRDA:55,21,0,2
BRDA:55,21,1,2
BRDA:56,22,0,1
BRDA:56,22,1,1
BRDA:56,23,0,2
BRDA:56,23,1,2
BRF:48
BRH:47
end_of_record
TN:
SF:src\modules\pregnancy\controllers\pregnancy.controller.ts
FN:14,queryString
FN:25,(anonymous_1)
FN:42,(anonymous_2)
FN:62,(anonymous_3)
FN:78,(anonymous_4)
FN:94,(anonymous_5)
FN:111,(anonymous_6)
FNF:7
FNH:7
FNDA:6,queryString
FNDA:6,(anonymous_1)
FNDA:3,(anonymous_2)
FNDA:2,(anonymous_3)
FNDA:2,(anonymous_4)
FNDA:11,(anonymous_5)
FNDA:10,(anonymous_6)
DA:15,6
DA:16,4
DA:17,4
DA:26,6
DA:27,6
DA:28,6
DA:30,6
DA:31,1
DA:33,5
DA:43,3
DA:44,3
DA:46,3
DA:51,3
DA:52,3
DA:54,0
DA:63,2
DA:64,2
DA:65,2
DA:67,2
DA:68,1
DA:70,1
DA:79,2
DA:80,2
DA:81,2
DA:83,2
DA:84,1
DA:86,1
DA:95,11
DA:96,11
DA:97,11
DA:98,11
DA:100,11
DA:101,2
DA:103,9
DA:112,10
DA:113,10
DA:114,10
DA:115,10
DA:117,10
DA:118,3
DA:120,7
LF:41
LH:40
BRDA:15,0,0,2
BRDA:15,0,1,4
BRDA:16,1,0,0
BRDA:16,1,1,4
BRDA:16,2,0,0
BRDA:16,2,1,0
BRF:6
BRH:3
end_of_record
TN:
SF:src\modules\pregnancy\routes\pregnancy.routes.ts
FNF:0
FNH:0
DA:9,14
DA:11,14
DA:14,14
DA:23,14
DA:33,14
DA:38,14
DA:44,14
DA:54,14
LF:8
LH:8
BRF:0
BRH:0
end_of_record
TN:
SF:src\modules\pregnancy\services\pregnancy.service.ts
FN:24,calcDataPartoPrevista
FN:31,dentroPeríodoFertil
FN:79,formatUltrasound
FN:93,formatAttempt
FN:112,formatPregnancy
FN:133,(anonymous_5)
FN:190,(anonymous_6)
FN:238,(anonymous_7)
FN:283,(anonymous_8)
FN:305,(anonymous_9)
FN:313,(anonymous_10)
FN:387,(anonymous_11)
FN:405,(anonymous_12)
FN:421,(anonymous_13)
FNF:14
FNH:12
FNDA:2,calcDataPartoPrevista
FNDA:1,dentroPeríodoFertil
FNDA:0,formatUltrasound
FNDA:0,formatAttempt
FNDA:19,formatPregnancy
FNDA:6,(anonymous_5)
FNDA:11,(anonymous_6)
FNDA:2,(anonymous_7)
FNDA:10,(anonymous_8)
FNDA:1,(anonymous_9)
FNDA:3,(anonymous_10)
FNDA:3,(anonymous_11)
FNDA:17,(anonymous_12)
FNDA:2,(anonymous_13)
DA:21,14
DA:25,2
DA:26,2
DA:27,2
DA:32,1
DA:33,1
DA:37,14
DA:49,14
DA:66,14
DA:80,0
DA:94,0
DA:113,19
DA:134,6
DA:137,6
DA:141,5
DA:142,1
DA:145,4
DA:146,1
DA:151,3
DA:152,1
DA:159,2
DA:167,2
DA:168,1
DA:173,1
DA:183,1
DA:195,11
DA:197,11
DA:200,5
DA:201,1
DA:208,4
DA:212,4
DA:213,1
DA:222,3
DA:223,2
DA:227,2
DA:228,1
DA:233,2
DA:235,2
DA:236,2
DA:238,2
DA:240,2
DA:256,2
DA:265,2
DA:271,2
DA:288,10
DA:290,10
DA:293,5
DA:298,5
DA:299,1
DA:305,4
DA:306,4
DA:307,1
DA:313,3
DA:315,3
DA:327,3
DA:329,1
DA:336,2
DA:338,1
DA:343,1
DA:350,1
DA:352,1
DA:357,1
DA:359,1
DA:361,1
DA:370,0
DA:381,3
DA:388,3
DA:390,3
DA:391,3
DA:393,3
DA:399,3
DA:406,17
DA:411,17
DA:412,1
DA:415,16
DA:422,2
DA:426,2
DA:427,1
DA:430,1
DA:436,1
LF:80
LH:77
BRDA:88,0,0,0
BRDA:88,0,1,0
BRDA:101,1,0,0
BRDA:101,1,1,0
BRDA:107,2,0,0
BRDA:107,2,1,0
BRDA:117,3,0,19
BRDA:117,3,1,0
BRDA:118,4,0,19
BRDA:118,4,1,0
BRDA:121,5,0,19
BRDA:121,5,1,0
BRDA:122,6,0,19
BRDA:122,6,1,0
BRDA:141,7,0,1
BRDA:141,7,1,4
BRDA:145,8,0,1
BRDA:145,8,1,3
BRDA:151,9,0,1
BRDA:151,9,1,2
BRDA:167,10,0,1
BRDA:167,10,1,1
BRDA:200,11,0,1
BRDA:200,11,1,4
BRDA:212,12,0,1
BRDA:212,12,1,3
BRDA:222,13,0,2
BRDA:222,13,1,1
BRDA:227,14,0,1
BRDA:227,14,1,1
BRDA:246,15,0,2
BRDA:246,15,1,1
BRDA:247,16,0,2
BRDA:247,16,1,1
BRDA:248,17,0,2
BRDA:248,17,1,2
BRDA:251,18,0,2
BRDA:251,18,1,2
BRDA:298,19,0,1
BRDA:298,19,1,4
BRDA:306,20,0,1
BRDA:306,20,1,3
BRDA:321,21,0,3
BRDA:321,21,1,3
BRDA:322,22,0,3
BRDA:322,22,1,3
BRDA:327,23,0,1
BRDA:327,23,1,2
BRDA:336,24,0,1
BRDA:336,24,1,1
BRDA:350,25,0,1
BRDA:350,25,1,0
BRDA:350,26,0,1
BRDA:350,26,1,0
BRDA:359,27,0,1
BRDA:359,27,1,0
BRDA:390,28,0,1
BRDA:390,28,1,2
BRDA:391,29,0,1
BRDA:391,29,1,2
BRDA:411,30,0,1
BRDA:411,30,1,16
BRDA:426,31,0,1
BRDA:426,31,1,1
BRF:64
BRH:51
end_of_record
TN:
SF:src\modules\pregnancy\validators\pregnancy.validator.ts
FN:12,isValidDate
FN:17,isNotFuture
FN:21,validateCreatePregnancy
FN:27,validateCreateAttempt
FN:60,validateCreateUltrasound
FNF:5
FNH:5
FNDA:17,isValidDate
FNDA:17,isNotFuture
FNDA:6,validateCreatePregnancy
FNDA:11,validateCreateAttempt
FNDA:10,validateCreateUltrasound
DA:8,14
DA:9,14
DA:10,14
DA:13,17
DA:14,17
DA:18,17
DA:22,6
DA:23,1
DA:29,11
DA:30,1
DA:32,10
DA:33,0
DA:35,10
DA:36,1
DA:40,9
DA:41,1
DA:45,8
DA:46,1
DA:50,7
DA:51,1
DA:55,6
DA:56,1
DA:62,10
DA:63,1
DA:67,9
DA:68,1
DA:72,8
DA:73,1
DA:75,7
DA:76,0
DA:78,7
DA:79,1
DA:83,6
DA:84,1
LF:34
LH:32
BRDA:22,0,0,1
BRDA:22,0,1,5
BRDA:22,1,0,6
BRDA:22,1,1,5
BRDA:29,2,0,1
BRDA:29,2,1,10
BRDA:32,3,0,0
BRDA:32,3,1,10
BRDA:35,4,0,1
BRDA:35,4,1,9
BRDA:40,5,0,1
BRDA:40,5,1,8
BRDA:40,6,0,9
BRDA:40,6,1,9
BRDA:45,7,0,1
BRDA:45,7,1,7
BRDA:45,8,0,8
BRDA:45,8,1,6
BRDA:50,9,0,1
BRDA:50,9,1,6
BRDA:50,10,0,7
BRDA:50,10,1,2
BRDA:55,11,0,1
BRDA:55,11,1,5
BRDA:55,12,0,6
BRDA:55,12,1,1
BRDA:62,13,0,1
BRDA:62,13,1,9
BRDA:67,14,0,1
BRDA:67,14,1,8
BRDA:67,15,0,9
BRDA:67,15,1,9
BRDA:72,16,0,1
BRDA:72,16,1,7
BRDA:75,17,0,0
BRDA:75,17,1,7
BRDA:78,18,0,1
BRDA:78,18,1,6
BRDA:83,19,0,1
BRDA:83,19,1,5
BRDA:83,20,0,6
BRDA:83,20,1,1
BRF:42
BRH:40
end_of_record
TN:
SF:src\modules\upload\controller\upload.controller.ts
FN:16,(anonymous_0)
FNF:1
FNH:1
FNDA:10,(anonymous_0)
DA:12,14
DA:13,14
DA:17,10
DA:19,10
DA:20,1
DA:21,1
DA:23,9
DA:26,9
DA:27,1
DA:30,1
DA:34,8
DA:35,1
DA:36,1
DA:40,7
DA:41,10
DA:43,5
DA:48,2
LF:17
LH:17
BRDA:19,0,0,1
BRDA:19,0,1,9
BRDA:26,1,0,1
BRDA:26,1,1,8
BRDA:34,2,0,1
BRDA:34,2,1,7
BRDA:40,3,0,7
BRDA:40,3,1,6
BRF:8
BRH:8
end_of_record
TN:
SF:src\modules\upload\routes\upload.routes.ts
FN:25,handleUpload
FN:26,(anonymous_1)
FNF:2
FNH:2
FNDA:11,handleUpload
FNDA:11,(anonymous_1)
DA:12,14
DA:15,14
DA:16,14
DA:26,11
DA:27,11
DA:28,2
DA:29,1
DA:35,1
DA:39,9
DA:40,9
DA:45,14
DA:62,14
LF:12
LH:12
BRDA:27,0,0,2
BRDA:27,0,1,9
BRDA:28,1,0,1
BRDA:28,1,1,1
BRDA:39,2,0,0
BRDA:39,2,1,9
BRF:6
BRH:5
end_of_record
TN:
SF:src\modules\upload\services\upload.service.ts
FN:12,signParams
FN:23,(anonymous_1)
FN:40,uploadToCloudinary
FNF:3
FNH:3
FNDA:4,signParams
FNDA:80,(anonymous_1)
FNDA:7,uploadToCloudinary
DA:13,4
DA:14,4
DA:21,4
DA:22,4
DA:23,80
DA:46,7
DA:47,7
DA:48,7
DA:51,7
DA:52,3
DA:59,4
DA:62,4
DA:68,7
DA:70,4
DA:72,4
DA:73,4
DA:74,4
DA:75,4
DA:76,4
DA:77,4
DA:78,4
DA:80,4
DA:85,4
DA:86,2
DA:87,2
DA:93,2
DA:94,2
LF:27
LH:27
BRDA:51,0,0,3
BRDA:51,0,1,4
BRDA:51,1,0,7
BRDA:51,1,1,6
BRDA:51,1,2,5
BRDA:64,2,0,1
BRDA:64,2,1,3
BRDA:78,3,0,1
BRDA:78,3,1,3
BRDA:85,4,0,2
BRDA:85,4,1,2
BRDA:88,5,0,2
BRDA:88,5,1,1
BRF:13
BRH:13
end_of_record
TN:
SF:src\modules\user\controllers\user.controller.ts
FN:26,(anonymous_0)
FN:73,(anonymous_1)
FN:95,(anonymous_2)
FN:112,(anonymous_3)
FN:130,(anonymous_4)
FN:169,(anonymous_5)
FN:187,(anonymous_6)
FN:204,(anonymous_7)
FN:223,(anonymous_8)
FN:242,(anonymous_9)
FNF:10
FNH:10
FNDA:17,(anonymous_0)
FNDA:4,(anonymous_1)
FNDA:2,(anonymous_2)
FNDA:2,(anonymous_3)
FNDA:12,(anonymous_4)
FNDA:2,(anonymous_5)
FNDA:2,(anonymous_6)
FNDA:6,(anonymous_7)
FNDA:3,(anonymous_8)
FNDA:3,(anonymous_9)
DA:16,14
DA:27,17
DA:28,17
DA:29,17
DA:30,17
DA:33,17
DA:35,12
DA:36,1
DA:37,1
DA:39,5
DA:41,2
DA:42,2
DA:43,1
DA:46,1
DA:48,1
DA:49,3
DA:51,2
DA:52,1
DA:53,1
DA:55,1
DA:57,1
DA:58,1
DA:61,13
DA:62,3
DA:64,10
DA:74,4
DA:75,4
DA:76,4
DA:82,4
DA:84,3
DA:86,1
DA:96,2
DA:97,2
DA:98,2
DA:100,2
DA:102,1
DA:104,1
DA:113,2
DA:114,2
DA:115,2
DA:117,2
DA:119,1
DA:121,1
DA:131,12
DA:132,12
DA:133,12
DA:134,12
DA:135,12
DA:136,12
DA:139,12
DA:140,1
DA:141,1
DA:145,11
DA:146,2
DA:147,2
DA:149,2
DA:150,1
DA:153,1
DA:157,10
DA:158,1
DA:160,9
DA:170,2
DA:171,2
DA:172,2
DA:174,2
DA:176,1
DA:178,1
DA:188,2
DA:189,2
DA:190,2
DA:192,2
DA:194,1
DA:196,1
DA:205,6
DA:206,6
DA:207,6
DA:208,6
DA:210,6
DA:212,1
DA:214,5
DA:224,3
DA:225,3
DA:226,3
DA:227,3
DA:229,3
DA:231,1
DA:233,2
DA:243,3
DA:244,3
DA:245,3
DA:246,3
DA:248,3
DA:250,1
DA:252,2
LF:94
LH:94
BRDA:33,0,0,12
BRDA:33,0,1,5
BRDA:35,1,0,1
BRDA:35,1,1,11
BRDA:39,2,0,2
BRDA:39,2,1,3
BRDA:42,3,0,1
BRDA:42,3,1,1
BRDA:49,4,0,2
BRDA:49,4,1,1
BRDA:51,5,0,1
BRDA:51,5,1,1
BRDA:78,6,0,2
BRDA:78,6,1,2
BRDA:139,7,0,1
BRDA:139,7,1,11
BRDA:139,8,0,12
BRDA:139,8,1,1
BRDA:145,9,0,2
BRDA:145,9,1,9
BRDA:146,10,0,2
BRDA:146,10,1,0
BRDA:147,11,0,2
BRDA:147,11,1,1
BRDA:149,12,0,1
BRDA:149,12,1,1
BRF:26
BRH:25
end_of_record
TN:
SF:src\modules\user\routes\user.routes.ts
FNF:0
FNH:0
DA:5,14
DA:8,14
DA:11,14
DA:14,14
DA:17,14
DA:23,14
DA:29,14
DA:36,14
DA:42,14
DA:52,14
DA:62,14
DA:72,14
LF:12
LH:12
BRF:0
BRH:0
end_of_record
TN:
SF:src\modules\user\services\user.service.ts
FN:55,(anonymous_0)
FN:120,(anonymous_1)
FN:146,(anonymous_2)
FN:152,(anonymous_3)
FN:170,(anonymous_4)
FN:247,(anonymous_5)
FN:262,(anonymous_6)
FN:295,(anonymous_7)
FN:316,(anonymous_8)
FN:327,(anonymous_9)
FNF:10
FNH:10
FNDA:13,(anonymous_0)
FNDA:4,(anonymous_1)
FNDA:1,(anonymous_2)
FNDA:22,(anonymous_3)
FNDA:10,(anonymous_4)
FNDA:4,(anonymous_5)
FNDA:6,(anonymous_6)
FNDA:3,(anonymous_7)
FNDA:3,(anonymous_8)
FNDA:23,(anonymous_9)
DA:21,14
DA:43,14
DA:57,13
DA:59,13
DA:60,13
DA:61,0
DA:66,5
DA:75,5
DA:76,1
DA:82,4
DA:89,4
DA:90,1
DA:94,3
DA:97,3
DA:113,3
DA:121,4
DA:123,4
DA:124,1
DA:127,4
DA:128,2
DA:131,4
DA:132,1
DA:133,1
DA:140,4
DA:146,3
DA:153,22
DA:158,18
DA:159,2
DA:162,16
DA:178,10
DA:180,9
DA:181,10
DA:182,10
DA:183,0
DA:189,9
DA:192,9
DA:193,2
DA:201,2
DA:202,1
DA:207,2
DA:208,1
DA:216,1
DA:217,1
DA:222,1
DA:224,1
DA:225,1
DA:226,1
DA:227,1
DA:228,1
DA:229,1
DA:230,1
DA:231,0
DA:233,1
DA:235,1
DA:241,1
DA:248,4
DA:250,2
DA:256,2
DA:267,6
DA:270,6
DA:274,2
DA:275,0
DA:278,2
DA:280,2
DA:281,1
DA:284,1
DA:286,1
DA:300,3
DA:302,3
DA:304,1
DA:306,1
DA:317,3
DA:319,2
DA:320,1
DA:323,1
DA:328,23
DA:329,23
LF:77
LH:73
BRDA:59,0,0,13
BRDA:59,0,1,0
BRDA:60,1,0,0
BRDA:60,1,1,13
BRDA:75,2,0,1
BRDA:75,2,1,4
BRDA:89,3,0,1
BRDA:89,3,1,3
BRDA:103,4,0,3
BRDA:103,4,1,3
BRDA:106,5,0,13
BRDA:106,5,1,3
BRDA:107,6,0,0
BRDA:107,6,1,3
BRDA:108,7,0,13
BRDA:108,7,1,3
BRDA:123,8,0,1
BRDA:123,8,1,3
BRDA:127,9,0,2
BRDA:127,9,1,2
BRDA:131,10,0,1
BRDA:131,10,1,3
BRDA:158,11,0,2
BRDA:158,11,1,16
BRDA:180,12,0,9
BRDA:180,12,1,0
BRDA:181,13,0,10
BRDA:181,13,1,0
BRDA:182,14,0,0
BRDA:182,14,1,10
BRDA:182,15,0,10
BRDA:182,15,1,9
BRDA:192,16,0,2
BRDA:192,16,1,7
BRDA:201,17,0,1
BRDA:201,17,1,1
BRDA:207,18,0,1
BRDA:207,18,1,1
BRDA:216,19,0,1
BRDA:216,19,1,0
BRDA:224,20,0,1
BRDA:224,20,1,0
BRDA:225,21,0,0
BRDA:225,21,1,1
BRDA:226,22,0,0
BRDA:226,22,1,1
BRDA:227,23,0,0
BRDA:227,23,1,1
BRDA:227,24,0,0
BRDA:227,24,1,0
BRDA:228,25,0,0
BRDA:228,25,1,1
BRDA:229,26,0,0
BRDA:229,26,1,1
BRDA:229,27,0,0
BRDA:229,27,1,0
BRDA:230,28,0,0
BRDA:230,28,1,1
BRDA:231,29,0,0
BRDA:231,29,1,0
BRDA:233,30,0,0
BRDA:233,30,1,1
BRDA:274,31,0,0
BRDA:274,31,1,2
BRDA:280,32,0,1
BRDA:280,32,1,1
BRDA:319,33,0,1
BRDA:319,33,1,1
BRF:68
BRH:46
end_of_record
TN:
SF:src\modules\user\validators\user.validator.ts
FN:12,validateCreate
FN:48,validateUpdate
FN:81,validateChangePassword
FN:101,validateAdminResetPassword
FNF:4
FNH:4
FNDA:13,validateCreate
FNDA:9,validateUpdate
FNDA:6,validateChangePassword
FNDA:3,validateAdminResetPassword
DA:8,14
DA:9,14
DA:10,14
DA:13,13
DA:14,1
DA:17,12
DA:18,1
DA:21,11
DA:22,1
DA:25,10
DA:26,1
DA:29,9
DA:30,1
DA:33,8
DA:34,1
DA:39,7
DA:40,1
DA:43,6
DA:44,1
DA:49,9
DA:50,1
DA:53,8
DA:54,4
DA:55,1
DA:57,3
DA:58,1
DA:64,6
DA:65,1
DA:68,5
DA:69,1
DA:72,4
DA:77,1
DA:82,6
DA:83,1
DA:86,5
DA:87,1
DA:90,4
DA:91,1
DA:96,3
DA:97,1
DA:102,3
DA:103,1
DA:106,2
DA:107,1
LF:44
LH:44
BRDA:13,0,0,1
BRDA:13,0,1,12
BRDA:13,1,0,13
BRDA:13,1,1,13
BRDA:17,2,0,1
BRDA:17,2,1,11
BRDA:17,3,0,12
BRDA:17,3,1,12
BRDA:21,4,0,1
BRDA:21,4,1,10
BRDA:25,5,0,1
BRDA:25,5,1,9
BRDA:25,6,0,10
BRDA:25,6,1,10
BRDA:29,7,0,1
BRDA:29,7,1,8
BRDA:29,8,0,9
BRDA:29,8,1,9
BRDA:33,9,0,1
BRDA:33,9,1,7
BRDA:39,10,0,1
BRDA:39,10,1,6
BRDA:39,11,0,7
BRDA:39,11,1,7
BRDA:43,12,0,1
BRDA:43,12,1,5
BRDA:43,13,0,6
BRDA:43,13,1,1
BRDA:49,14,0,1
BRDA:49,14,1,8
BRDA:49,15,0,9
BRDA:49,15,1,2
BRDA:53,16,0,4
BRDA:53,16,1,4
BRDA:54,17,0,1
BRDA:54,17,1,3
BRDA:57,18,0,1
BRDA:57,18,1,2
BRDA:64,19,0,1
BRDA:64,19,1,5
BRDA:64,20,0,6
BRDA:64,20,1,2
BRDA:68,21,0,1
BRDA:68,21,1,4
BRDA:68,22,0,5
BRDA:68,22,1,1
BRDA:72,23,0,1
BRDA:72,23,1,3
BRDA:73,24,0,4
BRDA:73,24,1,1
BRDA:73,24,2,1
BRDA:82,25,0,1
BRDA:82,25,1,5
BRDA:86,26,0,1
BRDA:86,26,1,4
BRDA:86,27,0,5
BRDA:86,27,1,5
BRDA:90,28,0,1
BRDA:90,28,1,3
BRDA:96,29,0,1
BRDA:96,29,1,2
BRDA:102,30,0,1
BRDA:102,30,1,2
BRDA:102,31,0,3
BRDA:102,31,1,3
BRDA:106,32,0,1
BRDA:106,32,1,1
BRF:67
BRH:67
end_of_record
TN:
SF:src\modules\vaccination\controller\vaccination.controller.ts
FN:13,queryString
FN:24,(anonymous_1)
FN:40,(anonymous_2)
FN:63,(anonymous_3)
FN:79,(anonymous_4)
FN:94,(anonymous_5)
FN:109,(anonymous_6)
FN:125,(anonymous_7)
FNF:8
FNH:8
FNDA:20,queryString
FNDA:17,(anonymous_1)
FNDA:5,(anonymous_2)
FNDA:1,(anonymous_3)
FNDA:2,(anonymous_4)
FNDA:2,(anonymous_5)
FNDA:10,(anonymous_6)
FNDA:2,(anonymous_7)
DA:14,20
DA:15,16
DA:16,16
DA:25,17
DA:26,17
DA:27,17
DA:29,17
DA:30,2
DA:32,15
DA:41,5
DA:42,5
DA:44,5
DA:52,5
DA:53,5
DA:55,0
DA:64,1
DA:65,1
DA:66,1
DA:68,1
DA:69,1
DA:71,0
DA:80,2
DA:81,2
DA:82,2
DA:84,2
DA:85,1
DA:87,1
DA:95,2
DA:96,2
DA:97,2
DA:99,2
DA:100,1
DA:102,1
DA:110,10
DA:111,10
DA:112,10
DA:113,10
DA:115,10
DA:116,3
DA:118,7
DA:126,2
DA:127,2
DA:128,2
DA:130,2
DA:131,1
DA:133,1
LF:46
LH:44
BRDA:14,0,0,4
BRDA:14,0,1,16
BRDA:15,1,0,0
BRDA:15,1,1,16
BRDA:15,2,0,0
BRDA:15,2,1,0
BRDA:66,3,0,0
BRDA:66,3,1,1
BRF:8
BRH:4
end_of_record
TN:
SF:src\modules\vaccination\routes\vaccination.routes.ts
FNF:0
FNH:0
DA:9,14
DA:11,14
DA:14,14
DA:15,14
DA:24,14
DA:35,14
DA:40,14
DA:45,14
DA:54,14
LF:9
LH:9
BRF:0
BRH:0
end_of_record
TN:
SF:src\modules\vaccination\services\vaccination.service.ts
FN:44,formatVaccination
FN:62,(anonymous_1)
FN:117,(anonymous_2)
FN:154,(anonymous_3)
FN:170,(anonymous_4)
FN:191,(anonymous_5)
FN:211,(anonymous_6)
FN:263,(anonymous_7)
FNF:8
FNH:8
FNDA:20,formatVaccination
FNDA:17,(anonymous_1)
FNDA:5,(anonymous_2)
FNDA:14,(anonymous_3)
FNDA:2,(anonymous_4)
FNDA:1,(anonymous_5)
FNDA:10,(anonymous_6)
FNDA:2,(anonymous_7)
DA:15,14
DA:45,20
DA:46,20
DA:63,17
DA:66,17
DA:70,6
DA:71,1
DA:74,5
DA:75,2
DA:82,3
DA:83,2
DA:86,2
DA:87,1
DA:93,2
DA:111,2
DA:118,5
DA:120,5
DA:122,5
DA:123,1
DA:126,5
DA:127,1
DA:134,5
DA:135,1
DA:136,1
DA:137,1
DA:139,1
DA:142,5
DA:148,5
DA:155,14
DA:160,14
DA:161,2
DA:164,12
DA:171,2
DA:175,2
DA:176,1
DA:179,1
DA:185,1
DA:192,1
DA:193,1
DA:194,1
DA:196,1
DA:205,1
DA:216,10
DA:218,10
DA:221,10
DA:222,2
DA:225,2
DA:226,1
DA:232,3
DA:234,3
DA:235,3
DA:236,3
DA:237,3
DA:238,3
DA:239,3
DA:240,1
DA:242,3
DA:243,3
DA:244,3
DA:245,3
DA:246,2
DA:251,3
DA:257,3
DA:264,2
DA:265,1
LF:65
LH:65
BRDA:48,0,0,20
BRDA:48,0,1,0
BRDA:49,1,0,20
BRDA:49,1,1,0
BRDA:50,2,0,20
BRDA:50,2,1,20
BRDA:70,3,0,1
BRDA:70,3,1,5
BRDA:74,4,0,2
BRDA:74,4,1,3
BRDA:74,5,0,5
BRDA:74,5,1,4
BRDA:82,6,0,2
BRDA:82,6,1,1
BRDA:86,7,0,1
BRDA:86,7,1,1
BRDA:102,8,0,0
BRDA:102,8,1,2
BRDA:103,9,0,17
BRDA:103,9,1,2
BRDA:104,10,0,17
BRDA:104,10,1,2
BRDA:105,11,0,17
BRDA:105,11,1,2
BRDA:106,12,0,17
BRDA:106,12,1,1
BRDA:120,13,0,1
BRDA:120,13,1,4
BRDA:122,14,0,1
BRDA:122,14,1,4
BRDA:126,15,0,1
BRDA:126,15,1,4
BRDA:126,16,0,5
BRDA:126,16,1,4
BRDA:128,17,0,1
BRDA:128,17,1,0
BRDA:129,18,0,1
BRDA:129,18,1,0
BRDA:134,19,0,1
BRDA:134,19,1,4
BRDA:160,20,0,2
BRDA:160,20,1,12
BRDA:175,21,0,1
BRDA:175,21,1,1
BRDA:191,22,0,1
BRDA:221,23,0,2
BRDA:221,23,1,8
BRDA:225,24,0,1
BRDA:225,24,1,1
BRDA:234,25,0,0
BRDA:234,25,1,3
BRDA:235,26,0,1
BRDA:235,26,1,2
BRDA:236,27,0,0
BRDA:236,27,1,3
BRDA:237,28,0,1
BRDA:237,28,1,2
BRDA:238,29,0,1
BRDA:238,29,1,2
BRDA:239,30,0,1
BRDA:239,30,1,2
BRDA:240,31,0,0
BRDA:240,31,1,1
BRDA:242,32,0,1
BRDA:242,32,1,2
BRDA:242,33,0,1
BRDA:242,33,1,0
BRDA:243,34,0,1
BRDA:243,34,1,2
BRDA:243,35,0,1
BRDA:243,35,1,0
BRDA:244,36,0,1
BRDA:244,36,1,2
BRDA:244,37,0,1
BRDA:244,37,1,0
BRDA:245,38,0,2
BRDA:245,38,1,1
BRDA:246,39,0,1
BRDA:246,39,1,1
BRF:79
BRH:68
end_of_record
TN:
SF:src\modules\vaccination\validators\vaccination.validator.ts
FN:6,isValidDate
FN:11,isNotFuture
FN:15,validateCreate
FN:94,validateUpdate
FNF:4
FNH:4
FNDA:27,isValidDate
FNDA:14,isNotFuture
FNDA:17,validateCreate
FNDA:10,validateUpdate
DA:7,27
DA:8,27
DA:12,14
DA:17,17
DA:18,1
DA:22,16
DA:23,1
DA:25,15
DA:26,0
DA:30,15
DA:31,1
DA:33,14
DA:34,0
DA:38,14
DA:39,1
DA:41,13
DA:42,0
DA:46,13
DA:47,1
DA:49,12
DA:50,0
DA:52,12
DA:53,1
DA:57,11
DA:58,1
DA:60,10
DA:61,0
DA:65,10
DA:66,1
DA:70,9
DA:71,1
DA:72,0
DA:74,1
DA:75,1
DA:80,8
DA:81,1
DA:82,1
DA:87,7
DA:88,1
DA:89,1
DA:95,10
DA:96,1
DA:97,1
DA:99,0
DA:100,0
DA:104,9
DA:105,1
DA:106,0
DA:108,1
DA:109,0
DA:113,9
DA:114,1
DA:115,1
DA:117,0
DA:118,0
DA:122,8
DA:123,2
DA:124,0
DA:126,2
DA:127,1
DA:131,7
DA:132,1
DA:133,0
DA:138,7
DA:139,1
DA:140,0
DA:144,7
DA:145,1
DA:146,1
DA:150,6
DA:151,2
DA:152,1
DA:156,5
DA:157,2
DA:158,1
LF:75
LH:60
BRDA:17,0,0,1
BRDA:17,0,1,16
BRDA:17,1,0,17
BRDA:17,1,1,16
BRDA:22,2,0,1
BRDA:22,2,1,15
BRDA:22,3,0,16
BRDA:22,3,1,16
BRDA:25,4,0,0
BRDA:25,4,1,15
BRDA:30,5,0,1
BRDA:30,5,1,14
BRDA:30,6,0,15
BRDA:30,6,1,15
BRDA:33,7,0,0
BRDA:33,7,1,14
BRDA:38,8,0,1
BRDA:38,8,1,13
BRDA:38,9,0,14
BRDA:38,9,1,13
BRDA:41,10,0,0
BRDA:41,10,1,13
BRDA:46,11,0,1
BRDA:46,11,1,12
BRDA:49,12,0,0
BRDA:49,12,1,12
BRDA:52,13,0,1
BRDA:52,13,1,11
BRDA:57,14,0,1
BRDA:57,14,1,10
BRDA:60,15,0,0
BRDA:60,15,1,10
BRDA:65,16,0,1
BRDA:65,16,1,9
BRDA:70,17,0,1
BRDA:70,17,1,8
BRDA:70,18,0,9
BRDA:70,18,1,1
BRDA:71,19,0,0
BRDA:71,19,1,1
BRDA:74,20,0,1
BRDA:74,20,1,0
BRDA:80,21,0,1
BRDA:80,21,1,7
BRDA:80,22,0,8
BRDA:80,22,1,1
BRDA:81,23,0,1
BRDA:81,23,1,0
BRDA:87,24,0,1
BRDA:87,24,1,6
BRDA:87,25,0,7
BRDA:87,25,1,1
BRDA:88,26,0,1
BRDA:88,26,1,0
BRDA:95,27,0,1
BRDA:95,27,1,9
BRDA:96,28,0,1
BRDA:96,28,1,0
BRDA:99,29,0,0
BRDA:99,29,1,0
BRDA:104,30,0,1
BRDA:104,30,1,8
BRDA:105,31,0,0
BRDA:105,31,1,1
BRDA:108,32,0,0
BRDA:108,32,1,1
BRDA:113,33,0,1
BRDA:113,33,1,8
BRDA:114,34,0,1
BRDA:114,34,1,0
BRDA:117,35,0,0
BRDA:117,35,1,0
BRDA:122,36,0,2
BRDA:122,36,1,6
BRDA:123,37,0,0
BRDA:123,37,1,2
BRDA:126,38,0,1
BRDA:126,38,1,1
BRDA:131,39,0,1
BRDA:131,39,1,6
BRDA:132,40,0,0
BRDA:132,40,1,1
BRDA:138,41,0,1
BRDA:138,41,1,6
BRDA:138,42,0,7
BRDA:138,42,1,1
BRDA:139,43,0,0
BRDA:139,43,1,1
BRDA:144,44,0,1
BRDA:144,44,1,6
BRDA:144,45,0,7
BRDA:144,45,1,2
BRDA:145,46,0,1
BRDA:145,46,1,0
BRDA:150,47,0,2
BRDA:150,47,1,4
BRDA:150,48,0,6
BRDA:150,48,1,2
BRDA:151,49,0,1
BRDA:151,49,1,1
BRDA:156,50,0,2
BRDA:156,50,1,3
BRDA:156,51,0,5
BRDA:156,51,1,2
BRDA:157,52,0,1
BRDA:157,52,1,1
BRF:106
BRH:85
end_of_record
TN:
SF:src\shared\constants\permissions.ts
FNF:0
FNH:0
DA:1,19
LF:1
LH:1
BRF:0
BRH:0
end_of_record
TN:
SF:src\shared\middlewares\authMiddleware.ts
FN:19,protectRoute
FN:81,requirePermission
FN:82,(anonymous_2)
FN:93,requireAnyPermission
FN:94,(anonymous_4)
FN:95,(anonymous_5)
FNF:6
FNH:6
FNDA:8,protectRoute
FNDA:2,requirePermission
FNDA:2,(anonymous_2)
FNDA:2,requireAnyPermission
FNDA:2,(anonymous_4)
FNDA:4,(anonymous_5)
DA:20,8
DA:21,8
DA:23,8
DA:24,1
DA:27,7
DA:28,7
DA:31,7
DA:36,6
DA:37,1
DA:39,5
DA:40,1
DA:44,4
DA:45,1
DA:49,1
DA:50,1
DA:55,3
DA:56,3
DA:57,3
DA:64,3
DA:65,2
DA:66,2
DA:67,0
DA:72,3
DA:73,3
DA:75,8
DA:77,1
DA:82,2
DA:83,2
DA:84,1
DA:89,1
DA:94,2
DA:95,4
DA:96,2
DA:97,1
DA:102,1
LF:35
LH:34
BRDA:23,0,0,1
BRDA:23,0,1,7
BRDA:36,1,0,1
BRDA:36,1,1,5
BRDA:39,2,0,1
BRDA:39,2,1,4
BRDA:44,3,0,1
BRDA:44,3,1,3
BRDA:44,4,0,4
BRDA:44,4,1,2
BRDA:49,5,0,1
BRDA:49,5,1,0
BRDA:49,6,0,1
BRDA:49,6,1,0
BRDA:64,7,0,2
BRDA:64,7,1,1
BRDA:66,8,0,0
BRDA:66,8,1,2
BRDA:66,9,0,2
BRDA:66,9,1,0
BRDA:73,10,0,3
BRDA:73,10,1,1
BRDA:83,11,0,1
BRDA:83,11,1,1
BRDA:96,12,0,1
BRDA:96,12,1,1
BRF:26
BRH:22
end_of_record
TN:
SF:src\shared\middlewares\errorHandler.ts
FN:8,errorHandler
FNF:1
FNH:1
FNDA:302,errorHandler
DA:14,302
DA:15,302
DA:16,302
DA:20,302
DA:24,302
DA:25,301
DA:27,1
DA:30,302
LF:8
LH:8
BRDA:15,0,0,302
BRDA:15,0,1,302
BRDA:15,0,2,302
BRDA:16,1,0,302
BRDA:16,1,1,163
BRDA:20,2,0,1
BRDA:20,2,1,301
BRDA:20,3,0,302
BRDA:20,3,1,1
BRDA:22,4,0,301
BRDA:22,4,1,0
BRDA:24,5,0,301
BRDA:24,5,1,1
BRDA:35,6,0,302
BRDA:35,6,1,301
BRF:15
BRH:14
end_of_record
TN:
SF:src\shared\middlewares\rateLimiter.ts
FN:13,(anonymous_0)
FN:29,rateLimiter
FN:36,(anonymous_2)
FNF:3
FNH:2
FNDA:0,(anonymous_0)
FNDA:5,rateLimiter
FNDA:7,(anonymous_2)
DA:10,1
DA:13,1
DA:14,0
DA:15,0
DA:16,0
DA:34,5
DA:36,5
DA:38,7
DA:39,7
DA:41,7
DA:43,7
DA:45,4
DA:46,4
DA:49,3
DA:51,2
DA:52,2
DA:53,2
DA:61,1
DA:62,1
DA:67,1
DA:73,1
LF:21
LH:18
BRDA:16,0,0,0
BRDA:16,0,1,0
BRDA:33,1,0,5
BRDA:43,2,0,4
BRDA:43,2,1,3
BRDA:43,3,0,7
BRDA:43,3,1,4
BRDA:49,4,0,2
BRDA:49,4,1,1
BRF:9
BRH:7
end_of_record
TN:
SF:src\shared\utils\animalUtils.ts
FN:9,calculateAnimalCategory
FNF:1
FNH:1
FNDA:33,calculateAnimalCategory
DA:13,33
DA:14,33
DA:15,33
DA:17,33
DA:19,33
DA:20,2
DA:21,31
DA:22,2
DA:24,29
DA:26,33
LF:10
LH:10
BRDA:19,0,0,2
BRDA:19,0,1,31
BRDA:20,1,0,1
BRDA:20,1,1,1
BRDA:21,2,0,2
BRDA:21,2,1,29
BRDA:21,3,0,31
BRDA:21,3,1,31
BRDA:22,4,0,1
BRDA:22,4,1,1
BRDA:24,5,0,1
BRDA:24,5,1,28
BRF:12
BRH:12
end_of_record
