TN:
SF:src\modules\animals\controllers\animal.controller.ts
FN:11,(anonymous_0)
FN:22,(anonymous_1)
FN:38,(anonymous_2)
FN:49,(anonymous_3)
FN:61,(anonymous_4)
FNF:5
FNH:5
FNDA:2,(anonymous_0)
FNDA:1,(anonymous_1)
FNDA:2,(anonymous_2)
FNDA:1,(anonymous_3)
FNDA:1,(anonymous_4)
DA:12,2
DA:13,2
DA:14,2
DA:15,2
DA:16,1
DA:18,1
DA:23,1
DA:24,1
DA:25,1
DA:31,1
DA:32,1
DA:34,0
DA:39,2
DA:40,2
DA:41,2
DA:42,2
DA:43,1
DA:45,1
DA:50,1
DA:51,1
DA:52,1
DA:53,1
DA:54,1
DA:55,1
DA:57,0
DA:62,1
DA:63,1
DA:64,1
DA:65,1
DA:66,1
DA:68,0
LF:31
LH:28
BRF:0
BRH:0
end_of_record
TN:
SF:src\modules\animals\routes\animal.routes.ts
FNF:0
FNH:0
DA:5,11
DA:7,11
DA:9,11
DA:14,11
DA:15,11
DA:16,11
DA:21,11
LF:7
LH:7
BRF:0
BRH:0
end_of_record
TN:
SF:src\modules\animals\services\animal.service.ts
FN:35,(anonymous_0)
FN:45,(anonymous_1)
FN:77,(anonymous_2)
FN:116,(anonymous_3)
FN:136,(anonymous_4)
FN:139,(anonymous_5)
FN:149,(anonymous_6)
FN:157,(anonymous_7)
FN:211,(anonymous_8)
FN:214,(anonymous_9)
FNF:10
FNH:10
FNDA:6,(anonymous_0)
FNDA:2,(anonymous_1)
FNDA:1,(anonymous_2)
FNDA:1,(anonymous_3)
FNDA:1,(anonymous_4)
FNDA:4,(anonymous_5)
FNDA:1,(anonymous_6)
FNDA:1,(anonymous_7)
FNDA:1,(anonymous_8)
FNDA:1,(anonymous_9)
DA:12,11
DA:36,6
DA:37,6
DA:46,2
DA:48,2
DA:52,2
DA:53,1
DA:57,1
DA:58,1
DA:59,0
DA:64,1
DA:65,1
DA:66,1
DA:69,1
DA:70,1
DA:75,1
DA:77,2
DA:78,1
DA:103,1
DA:104,1
DA:110,1
DA:113,1
DA:117,1
DA:119,1
DA:120,1
DA:121,1
DA:122,1
DA:123,0
DA:130,1
DA:136,1
DA:140,4
DA:145,4
DA:146,3
DA:150,1
DA:151,1
DA:153,1
DA:154,1
DA:157,1
DA:161,1
DA:162,1
DA:164,1
DA:165,1
DA:171,1
DA:172,1
DA:175,1
DA:176,0
DA:177,0
DA:182,0
DA:183,0
DA:186,0
DA:187,0
DA:191,0
DA:192,0
DA:197,0
DA:201,1
DA:208,1
DA:212,1
DA:214,1
DA:216,1
DA:217,1
DA:223,1
LF:61
LH:50
BRDA:52,0,0,1
BRDA:52,0,1,1
BRDA:58,1,0,0
BRDA:58,1,1,1
BRDA:58,2,0,1
BRDA:58,2,1,1
BRDA:65,3,0,1
BRDA:65,3,1,0
BRDA:69,4,0,0
BRDA:69,4,1,1
BRDA:75,5,0,1
BRDA:75,5,1,1
BRDA:75,6,0,0
BRDA:75,6,1,1
BRDA:75,7,0,1
BRDA:75,7,1,0
BRDA:103,8,0,1
BRDA:103,8,1,0
BRDA:119,9,0,0
BRDA:119,9,1,1
BRDA:120,10,0,0
BRDA:120,10,1,1
BRDA:121,11,0,0
BRDA:121,11,1,1
BRDA:122,12,0,0
BRDA:122,12,1,1
BRDA:145,13,0,1
BRDA:145,13,1,3
BRDA:154,14,0,0
BRDA:154,14,1,1
BRDA:161,15,0,1
BRDA:161,15,1,0
BRDA:162,16,0,1
BRDA:162,16,1,0
BRDA:162,17,0,1
BRDA:162,17,1,1
BRDA:164,18,0,1
BRDA:164,18,1,0
BRDA:175,19,0,0
BRDA:175,19,1,1
BRDA:175,20,0,1
BRDA:175,20,1,0
BRDA:176,21,0,0
BRDA:176,21,1,0
BRDA:182,22,0,0
BRDA:182,22,1,0
BRDA:186,23,0,0
BRDA:186,23,1,0
BRDA:216,24,0,1
BRDA:216,24,1,0
BRF:50
BRH:27
end_of_record
TN:
SF:src\modules\animals\validators\animal.validator.ts
FN:10,isValideDate
FN:17,isNotFutureDate
FN:23,validateCreate
FN:117,validateUpdate
FNF:4
FNH:4
FNDA:2,isValideDate
FNDA:2,isNotFutureDate
FNDA:2,validateCreate
FNDA:1,validateUpdate
DA:4,11
DA:5,11
DA:7,11
DA:11,2
DA:12,2
DA:13,2
DA:18,2
DA:19,2
DA:20,2
DA:25,2
DA:26,0
DA:28,2
DA:29,0
DA:31,2
DA:32,0
DA:36,2
DA:37,1
DA:38,0
DA:40,1
DA:41,0
DA:46,2
DA:47,2
DA:48,0
DA:50,2
DA:51,0
DA:56,2
DA:57,0
DA:59,2
DA:60,0
DA:64,2
DA:65,0
DA:69,2
DA:70,0
DA:72,2
DA:73,0
DA:75,2
DA:76,0
DA:80,2
DA:81,0
DA:85,2
DA:86,0
DA:90,2
DA:91,0
DA:95,2
DA:96,0
DA:98,2
DA:99,0
DA:103,2
DA:104,0
DA:105,0
DA:110,2
DA:111,0
DA:112,0
DA:119,1
DA:120,0
DA:121,0
DA:123,0
DA:124,0
DA:129,1
DA:130,0
DA:131,0
DA:133,0
DA:134,0
DA:139,1
DA:140,0
DA:141,0
DA:143,0
DA:144,0
DA:149,1
DA:150,0
DA:154,1
DA:155,0
DA:156,0
DA:158,0
DA:159,0
DA:164,1
DA:165,0
DA:169,1
DA:170,0
DA:171,0
LF:80
LH:38
BRDA:11,0,0,0
BRDA:11,0,1,2
BRDA:18,1,0,0
BRDA:18,1,1,2
BRDA:20,2,0,2
BRDA:20,2,1,2
BRDA:25,3,0,0
BRDA:25,3,1,2
BRDA:25,4,0,2
BRDA:25,4,1,2
BRDA:28,5,0,0
BRDA:28,5,1,2
BRDA:31,6,0,0
BRDA:31,6,1,2
BRDA:36,7,0,1
BRDA:36,7,1,1
BRDA:36,8,0,2
BRDA:36,8,1,1
BRDA:37,9,0,0
BRDA:37,9,1,1
BRDA:40,10,0,0
BRDA:40,10,1,1
BRDA:46,11,0,2
BRDA:46,11,1,0
BRDA:46,12,0,2
BRDA:46,12,1,2
BRDA:47,13,0,0
BRDA:47,13,1,2
BRDA:50,14,0,0
BRDA:50,14,1,2
BRDA:56,15,0,0
BRDA:56,15,1,2
BRDA:56,16,0,2
BRDA:56,16,1,2
BRDA:59,17,0,0
BRDA:59,17,1,2
BRDA:64,18,0,0
BRDA:64,18,1,2
BRDA:64,19,0,2
BRDA:64,19,1,2
BRDA:69,20,0,0
BRDA:69,20,1,2
BRDA:72,21,0,0
BRDA:72,21,1,2
BRDA:75,22,0,0
BRDA:75,22,1,2
BRDA:80,23,0,0
BRDA:80,23,1,2
BRDA:80,24,0,2
BRDA:80,24,1,2
BRDA:85,25,0,0
BRDA:85,25,1,2
BRDA:85,26,0,2
BRDA:85,26,1,2
BRDA:90,27,0,0
BRDA:90,27,1,2
BRDA:90,28,0,2
BRDA:90,28,1,0
BRDA:95,29,0,0
BRDA:95,29,1,2
BRDA:95,30,0,2
BRDA:95,30,1,0
BRDA:95,30,2,0
BRDA:98,31,0,0
BRDA:98,31,1,2
BRDA:98,32,0,2
BRDA:98,32,1,0
BRDA:98,32,2,0
BRDA:103,33,0,0
BRDA:103,33,1,2
BRDA:103,34,0,2
BRDA:103,34,1,0
BRDA:104,35,0,0
BRDA:104,35,1,0
BRDA:110,36,0,0
BRDA:110,36,1,2
BRDA:110,37,0,2
BRDA:110,37,1,0
BRDA:111,38,0,0
BRDA:111,38,1,0
BRDA:119,39,0,0
BRDA:119,39,1,1
BRDA:119,40,0,1
BRDA:119,40,1,0
BRDA:120,41,0,0
BRDA:120,41,1,0
BRDA:123,42,0,0
BRDA:123,42,1,0
BRDA:129,43,0,0
BRDA:129,43,1,1
BRDA:129,44,0,1
BRDA:129,44,1,0
BRDA:130,45,0,0
BRDA:130,45,1,0
BRDA:133,46,0,0
BRDA:133,46,1,0
BRDA:139,47,0,0
BRDA:139,47,1,1
BRDA:140,48,0,0
BRDA:140,48,1,0
BRDA:143,49,0,0
BRDA:143,49,1,0
BRDA:149,50,0,0
BRDA:149,50,1,1
BRDA:149,51,0,1
BRDA:149,51,1,0
BRDA:154,52,0,0
BRDA:154,52,1,1
BRDA:154,53,0,1
BRDA:154,53,1,0
BRDA:155,54,0,0
BRDA:155,54,1,0
BRDA:158,55,0,0
BRDA:158,55,1,0
BRDA:164,56,0,0
BRDA:164,56,1,1
BRDA:164,57,0,1
BRDA:164,57,1,1
BRDA:169,58,0,0
BRDA:169,58,1,1
BRDA:169,59,0,1
BRDA:169,59,1,0
BRDA:170,60,0,0
BRDA:170,60,1,0
BRF:124
BRH:60
end_of_record
TN:
SF:src\modules\auth\controllers\auth.controller.ts
FN:13,(anonymous_0)
FN:33,(anonymous_1)
FN:55,(anonymous_2)
FN:73,(anonymous_3)
FNF:4
FNH:3
FNDA:4,(anonymous_0)
FNDA:0,(anonymous_1)
FNDA:2,(anonymous_2)
FNDA:1,(anonymous_3)
DA:14,4
DA:15,4
DA:17,4
DA:23,1
DA:25,3
DA:34,0
DA:35,0
DA:37,0
DA:38,0
DA:43,0
DA:45,0
DA:47,0
DA:56,2
DA:57,2
DA:59,2
DA:61,2
DA:65,0
DA:74,1
DA:75,1
DA:77,1
DA:84,0
DA:88,1
LF:22
LH:13
BRDA:37,0,0,0
BRDA:37,0,1,0
BRF:2
BRH:0
end_of_record
TN:
SF:src\modules\auth\routes\auth.routes.ts
FNF:0
FNH:0
DA:9,11
DA:16,11
DA:23,11
DA:30,11
DA:41,11
LF:5
LH:5
BRF:0
BRH:0
end_of_record
TN:
SF:src\modules\auth\services\auth.service.ts
FN:23,(anonymous_0)
FN:72,(anonymous_1)
FN:110,(anonymous_2)
FN:157,(anonymous_3)
FN:206,(anonymous_4)
FN:219,(anonymous_5)
FNF:6
FNH:5
FNDA:4,(anonymous_0)
FNDA:0,(anonymous_1)
FNDA:2,(anonymous_2)
FNDA:1,(anonymous_3)
FNDA:1,(anonymous_4)
FNDA:1,(anonymous_5)
DA:25,4
DA:28,4
DA:37,3
DA:38,1
DA:42,2
DA:44,2
DA:45,1
DA:49,1
DA:50,1
DA:53,1
DA:59,1
DA:73,0
DA:75,0
DA:78,0
DA:81,0
DA:82,0
DA:85,0
DA:86,0
DA:90,0
DA:91,0
DA:93,0
DA:102,0
DA:112,2
DA:115,2
DA:123,2
DA:125,1
DA:134,1
DA:135,1
DA:137,1
DA:149,1
DA:150,0
DA:159,1
DA:162,1
DA:173,1
DA:174,1
DA:180,0
DA:184,0
DA:185,0
DA:189,0
DA:192,0
DA:207,1
DA:223,1
DA:231,1
DA:235,1
DA:239,1
LF:45
LH:28
BRDA:37,0,0,1
BRDA:37,0,1,2
BRDA:44,1,0,1
BRDA:44,1,1,1
BRDA:81,2,0,0
BRDA:81,2,1,0
BRDA:85,3,0,0
BRDA:85,3,1,0
BRDA:123,4,0,1
BRDA:123,4,1,1
BRDA:149,5,0,0
BRDA:149,5,1,1
BRDA:173,6,0,1
BRDA:173,6,1,0
BRDA:184,7,0,0
BRDA:184,7,1,0
BRDA:184,8,0,0
BRDA:184,8,1,0
BRF:18
BRH:8
end_of_record
TN:
SF:src\modules\auth\validators\auth.validator.ts
FN:3,validateLogin
FN:17,validateForgotPassword
FN:28,validateConfirmReset
FN:54,validateEmail
FN:58,hasStrongPassword
FNF:5
FNH:5
FNDA:4,validateLogin
FNDA:2,validateForgotPassword
FNDA:1,validateConfirmReset
FNDA:3,validateEmail
FNDA:1,hasStrongPassword
DA:5,4
DA:6,1
DA:9,3
DA:10,0
DA:13,3
DA:14,0
DA:19,2
DA:20,0
DA:24,2
DA:25,0
DA:30,1
DA:31,0
DA:35,1
DA:36,0
DA:40,1
DA:41,0
DA:45,1
DA:46,0
DA:50,1
DA:51,0
DA:55,3
DA:56,3
DA:59,1
DA:60,1
DA:61,1
DA:62,1
DA:64,1
LF:27
LH:18
BRDA:5,0,0,1
BRDA:5,0,1,3
BRDA:5,1,0,4
BRDA:5,1,1,3
BRDA:9,2,0,0
BRDA:9,2,1,3
BRDA:9,3,0,3
BRDA:9,3,1,3
BRDA:13,4,0,0
BRDA:13,4,1,3
BRDA:13,5,0,3
BRDA:13,5,1,3
BRDA:19,6,0,0
BRDA:19,6,1,2
BRDA:19,7,0,2
BRDA:19,7,1,2
BRDA:24,8,0,0
BRDA:24,8,1,2
BRDA:24,9,0,2
BRDA:24,9,1,2
BRDA:30,10,0,0
BRDA:30,10,1,1
BRDA:30,11,0,1
BRDA:30,11,1,1
BRDA:35,12,0,0
BRDA:35,12,1,1
BRDA:35,13,0,1
BRDA:35,13,1,1
BRDA:40,14,0,0
BRDA:40,14,1,1
BRDA:40,15,0,1
BRDA:40,15,1,1
BRDA:45,16,0,0
BRDA:45,16,1,1
BRDA:45,17,0,1
BRDA:45,17,1,1
BRDA:50,18,0,0
BRDA:50,18,1,1
BRDA:64,19,0,1
BRDA:64,19,1,1
BRDA:64,19,2,1
BRDA:64,19,3,1
BRF:42
BRH:33
end_of_record
TN:
SF:src\modules\birth\controllers\birth.controller.ts
FN:9,queryString
FN:20,(anonymous_1)
FN:37,(anonymous_2)
FN:59,(anonymous_3)
FN:75,(anonymous_4)
FN:91,(anonymous_5)
FN:108,(anonymous_6)
FNF:7
FNH:2
FNDA:0,queryString
FNDA:4,(anonymous_1)
FNDA:0,(anonymous_2)
FNDA:0,(anonymous_3)
FNDA:0,(anonymous_4)
FNDA:0,(anonymous_5)
FNDA:2,(anonymous_6)
DA:10,0
DA:11,0
DA:12,0
DA:21,4
DA:22,4
DA:23,4
DA:24,4
DA:26,4
DA:27,3
DA:29,1
DA:38,0
DA:39,0
DA:41,0
DA:48,0
DA:49,0
DA:51,0
DA:60,0
DA:61,0
DA:62,0
DA:64,0
DA:65,0
DA:67,0
DA:76,0
DA:77,0
DA:78,0
DA:80,0
DA:81,0
DA:83,0
DA:92,0
DA:93,0
DA:94,0
DA:95,0
DA:97,0
DA:98,0
DA:100,0
DA:109,2
DA:110,2
DA:111,2
DA:113,2
DA:114,1
DA:116,1
LF:41
LH:13
BRDA:10,0,0,0
BRDA:10,0,1,0
BRDA:11,1,0,0
BRDA:11,1,1,0
BRDA:11,2,0,0
BRDA:11,2,1,0
BRF:6
BRH:0
end_of_record
TN:
SF:src\modules\birth\routes\birth.routes.ts
FNF:0
FNH:0
DA:9,11
DA:11,11
DA:14,11
DA:20,11
DA:31,11
DA:37,11
DA:43,11
DA:53,11
LF:8
LH:8
BRF:0
BRH:0
end_of_record
TN:
SF:src\modules\birth\services\birth.service.ts
FN:47,formatBirth
FN:68,(anonymous_1)
FN:138,(anonymous_2)
FN:240,(anonymous_3)
FN:259,(anonymous_4)
FN:265,(anonymous_5)
FN:281,(anonymous_6)
FN:296,(anonymous_7)
FN:302,(anonymous_8)
FN:339,(anonymous_9)
FNF:10
FNH:5
FNDA:5,formatBirth
FNDA:4,(anonymous_1)
FNDA:3,(anonymous_2)
FNDA:0,(anonymous_3)
FNDA:0,(anonymous_4)
FNDA:2,(anonymous_5)
FNDA:0,(anonymous_6)
FNDA:0,(anonymous_7)
FNDA:0,(anonymous_8)
FNDA:2,(anonymous_9)
DA:15,11
DA:48,5
DA:49,5
DA:69,4
DA:72,4
DA:76,3
DA:77,0
DA:79,3
DA:80,0
DA:82,3
DA:83,0
DA:90,3
DA:91,3
DA:92,0
DA:97,0
DA:98,0
DA:100,0
DA:101,0
DA:105,0
DA:106,0
DA:111,0
DA:115,3
DA:116,1
DA:119,1
DA:120,0
DA:125,3
DA:126,0
DA:129,0
DA:130,0
DA:136,3
DA:138,3
DA:140,3
DA:162,3
DA:163,0
DA:168,0
DA:178,3
DA:179,1
DA:196,3
DA:197,1
DA:214,1
DA:217,1
DA:218,1
DA:225,1
DA:231,3
DA:234,3
DA:241,0
DA:243,0
DA:244,0
DA:246,0
DA:247,0
DA:253,0
DA:259,0
DA:266,2
DA:271,2
DA:272,0
DA:275,2
DA:282,0
DA:286,0
DA:287,0
DA:290,0
DA:296,0
DA:303,0
DA:305,0
DA:307,0
DA:309,0
DA:310,0
DA:311,0
DA:312,0
DA:313,0
DA:314,0
DA:315,0
DA:316,0
DA:317,0
DA:318,0
DA:319,0
DA:320,0
DA:321,0
DA:326,0
DA:332,0
DA:340,2
DA:342,2
DA:343,1
DA:351,1
LF:83
LH:35
BRDA:47,0,0,5
BRDA:51,1,0,5
BRDA:51,1,1,0
BRDA:52,2,0,5
BRDA:52,2,1,0
BRDA:53,3,0,5
BRDA:53,3,1,5
BRDA:76,4,0,0
BRDA:76,4,1,3
BRDA:79,5,0,0
BRDA:79,5,1,3
BRDA:82,6,0,0
BRDA:82,6,1,3
BRDA:91,7,0,0
BRDA:91,7,1,3
BRDA:97,8,0,0
BRDA:97,8,1,0
BRDA:100,9,0,0
BRDA:100,9,1,0
BRDA:105,10,0,0
BRDA:105,10,1,0
BRDA:115,11,0,1
BRDA:115,11,1,2
BRDA:119,12,0,0
BRDA:119,12,1,1
BRDA:125,13,0,0
BRDA:125,13,1,3
BRDA:129,14,0,0
BRDA:129,14,1,0
BRDA:144,15,0,3
BRDA:144,15,1,3
BRDA:146,16,0,3
BRDA:146,16,1,2
BRDA:149,17,0,3
BRDA:149,17,1,2
BRDA:150,18,0,3
BRDA:150,18,1,1
BRDA:151,19,0,3
BRDA:151,19,1,2
BRDA:152,20,0,3
BRDA:152,20,1,3
BRDA:153,21,0,3
BRDA:153,21,1,2
BRDA:155,22,0,3
BRDA:155,22,1,3
BRDA:156,23,0,3
BRDA:156,23,1,3
BRDA:162,24,0,0
BRDA:162,24,1,3
BRDA:162,25,0,3
BRDA:162,25,1,0
BRDA:178,26,0,1
BRDA:178,26,1,2
BRDA:185,27,0,1
BRDA:185,27,1,1
BRDA:186,28,0,1
BRDA:186,28,1,0
BRDA:187,29,0,1
BRDA:187,29,1,0
BRDA:189,30,0,1
BRDA:189,30,1,1
BRDA:196,31,0,1
BRDA:196,31,1,2
BRDA:196,32,0,3
BRDA:196,32,1,1
BRDA:196,32,2,1
BRDA:201,33,0,1
BRDA:201,33,1,1
BRDA:202,34,0,1
BRDA:202,34,1,1
BRDA:204,35,0,1
BRDA:204,35,1,0
BRDA:217,36,0,1
BRDA:217,36,1,0
BRDA:243,37,0,0
BRDA:243,37,1,0
BRDA:244,38,0,0
BRDA:244,38,1,0
BRDA:246,39,0,0
BRDA:246,39,1,0
BRDA:246,40,0,0
BRDA:246,40,1,0
BRDA:248,41,0,0
BRDA:248,41,1,0
BRDA:249,42,0,0
BRDA:249,42,1,0
BRDA:271,43,0,0
BRDA:271,43,1,2
BRDA:286,44,0,0
BRDA:286,44,1,0
BRDA:309,45,0,0
BRDA:309,45,1,0
BRDA:310,46,0,0
BRDA:310,46,1,0
BRDA:310,47,0,0
BRDA:310,47,1,0
BRDA:311,48,0,0
BRDA:311,48,1,0
BRDA:312,49,0,0
BRDA:312,49,1,0
BRDA:313,50,0,0
BRDA:313,50,1,0
BRDA:313,51,0,0
BRDA:313,51,1,0
BRDA:314,52,0,0
BRDA:314,52,1,0
BRDA:315,53,0,0
BRDA:315,53,1,0
BRDA:316,54,0,0
BRDA:316,54,1,0
BRDA:316,55,0,0
BRDA:316,55,1,0
BRDA:317,56,0,0
BRDA:317,56,1,0
BRDA:317,57,0,0
BRDA:317,57,1,0
BRDA:318,58,0,0
BRDA:318,58,1,0
BRDA:319,59,0,0
BRDA:319,59,1,0
BRDA:319,60,0,0
BRDA:319,60,1,0
BRDA:320,61,0,0
BRDA:320,61,1,0
BRDA:321,62,0,0
BRDA:321,62,1,0
BRDA:342,63,0,1
BRDA:342,63,1,1
BRF:128
BRH:55
end_of_record
TN:
SF:src\modules\birth\validators\birth.validator.ts
FN:9,isValidDate
FN:13,isNotFuture
FN:17,validateCreate
FN:98,validateUpdate
FNF:4
FNH:3
FNDA:4,isValidDate
FNDA:4,isNotFuture
FNDA:4,validateCreate
FNDA:0,validateUpdate
DA:4,11
DA:5,11
DA:6,11
DA:10,4
DA:11,4
DA:14,4
DA:19,4
DA:20,0
DA:23,4
DA:24,0
DA:26,4
DA:27,0
DA:29,4
DA:30,0
DA:33,4
DA:34,1
DA:35,0
DA:39,4
DA:40,0
DA:43,4
DA:44,0
DA:47,4
DA:48,0
DA:51,4
DA:52,0
DA:56,4
DA:57,1
DA:58,0
DA:60,1
DA:61,0
DA:66,4
DA:67,0
DA:68,0
DA:73,4
DA:74,2
DA:75,0
DA:77,2
DA:78,0
DA:83,4
DA:84,1
DA:88,3
DA:89,0
DA:93,3
DA:94,0
DA:99,0
DA:100,0
DA:101,0
DA:103,0
DA:104,0
DA:108,0
DA:109,0
DA:110,0
DA:114,0
DA:115,0
DA:118,0
DA:119,0
DA:122,0
DA:123,0
DA:126,0
DA:127,0
DA:128,0
DA:130,0
DA:131,0
DA:135,0
DA:136,0
DA:137,0
DA:141,0
DA:142,0
LF:68
LH:27
BRDA:19,0,0,0
BRDA:19,0,1,4
BRDA:19,1,0,4
BRDA:19,1,1,4
BRDA:23,2,0,0
BRDA:23,2,1,4
BRDA:26,3,0,0
BRDA:26,3,1,4
BRDA:29,4,0,0
BRDA:29,4,1,4
BRDA:33,5,0,1
BRDA:33,5,1,3
BRDA:33,6,0,4
BRDA:33,6,1,1
BRDA:34,7,0,0
BRDA:34,7,1,1
BRDA:39,8,0,0
BRDA:39,8,1,4
BRDA:39,9,0,4
BRDA:39,9,1,4
BRDA:43,10,0,0
BRDA:43,10,1,4
BRDA:43,11,0,4
BRDA:43,11,1,4
BRDA:47,12,0,0
BRDA:47,12,1,4
BRDA:47,13,0,4
BRDA:47,13,1,2
BRDA:51,14,0,0
BRDA:51,14,1,4
BRDA:51,15,0,4
BRDA:51,15,1,2
BRDA:56,16,0,1
BRDA:56,16,1,3
BRDA:56,17,0,4
BRDA:56,17,1,1
BRDA:57,18,0,0
BRDA:57,18,1,1
BRDA:57,19,0,1
BRDA:57,19,1,1
BRDA:60,20,0,0
BRDA:60,20,1,1
BRDA:66,21,0,0
BRDA:66,21,1,4
BRDA:66,22,0,4
BRDA:66,22,1,0
BRDA:67,23,0,0
BRDA:67,23,1,0
BRDA:73,24,0,2
BRDA:73,24,1,2
BRDA:73,25,0,4
BRDA:73,25,1,2
BRDA:74,26,0,0
BRDA:74,26,1,2
BRDA:74,27,0,2
BRDA:74,27,1,2
BRDA:77,28,0,0
BRDA:77,28,1,2
BRDA:83,29,0,1
BRDA:83,29,1,3
BRDA:83,30,0,4
BRDA:83,30,1,2
BRDA:88,31,0,0
BRDA:88,31,1,3
BRDA:88,32,0,3
BRDA:88,32,1,1
BRDA:93,33,0,0
BRDA:93,33,1,3
BRDA:93,34,0,3
BRDA:93,34,1,0
BRDA:99,35,0,0
BRDA:99,35,1,0
BRDA:100,36,0,0
BRDA:100,36,1,0
BRDA:103,37,0,0
BRDA:103,37,1,0
BRDA:108,38,0,0
BRDA:108,38,1,0
BRDA:108,39,0,0
BRDA:108,39,1,0
BRDA:109,40,0,0
BRDA:109,40,1,0
BRDA:114,41,0,0
BRDA:114,41,1,0
BRDA:114,42,0,0
BRDA:114,42,1,0
BRDA:118,43,0,0
BRDA:118,43,1,0
BRDA:118,44,0,0
BRDA:118,44,1,0
BRDA:122,45,0,0
BRDA:122,45,1,0
BRDA:122,46,0,0
BRDA:122,46,1,0
BRDA:126,47,0,0
BRDA:126,47,1,0
BRDA:126,48,0,0
BRDA:126,48,1,0
BRDA:127,49,0,0
BRDA:127,49,1,0
BRDA:127,50,0,0
BRDA:127,50,1,0
BRDA:130,51,0,0
BRDA:130,51,1,0
BRDA:135,52,0,0
BRDA:135,52,1,0
BRDA:135,53,0,0
BRDA:135,53,1,0
BRDA:136,54,0,0
BRDA:136,54,1,0
BRDA:141,55,0,0
BRDA:141,55,1,0
BRDA:141,56,0,0
BRDA:141,56,1,0
BRF:114
BRH:50
end_of_record
TN:
SF:src\modules\estrus\controllers\estrus.controller.ts
FN:13,queryString
FN:23,(anonymous_1)
FN:39,(anonymous_2)
FN:61,(anonymous_3)
FN:76,(anonymous_4)
FN:91,(anonymous_5)
FN:107,(anonymous_6)
FNF:7
FNH:6
FNDA:4,queryString
FNDA:3,(anonymous_1)
FNDA:1,(anonymous_2)
FNDA:2,(anonymous_3)
FNDA:0,(anonymous_4)
FNDA:1,(anonymous_5)
FNDA:1,(anonymous_6)
DA:14,4
DA:15,3
DA:16,3
DA:24,3
DA:25,3
DA:26,3
DA:27,3
DA:29,3
DA:30,1
DA:32,2
DA:40,1
DA:41,1
DA:43,1
DA:51,1
DA:52,1
DA:54,0
DA:62,2
DA:63,2
DA:64,2
DA:66,2
DA:67,1
DA:69,1
DA:77,0
DA:78,0
DA:79,0
DA:81,0
DA:82,0
DA:84,0
DA:92,1
DA:93,1
DA:94,1
DA:95,1
DA:97,1
DA:98,1
DA:100,0
DA:108,1
DA:109,1
DA:110,1
DA:112,1
DA:113,1
DA:115,0
LF:41
LH:32
BRDA:14,0,0,1
BRDA:14,0,1,3
BRDA:15,1,0,0
BRDA:15,1,1,3
BRDA:15,2,0,0
BRDA:15,2,1,0
BRDA:110,3,0,0
BRDA:110,3,1,1
BRF:8
BRH:4
end_of_record
TN:
SF:src\modules\estrus\routes\estrus.routes.ts
FNF:0
FNH:0
DA:5,11
DA:7,11
DA:10,11
DA:11,11
DA:13,11
DA:19,11
DA:22,11
DA:24,11
LF:8
LH:8
BRF:0
BRH:0
end_of_record
TN:
SF:src\modules\estrus\services\estrus.service.ts
FN:39,calcNextEstrus
FN:45,formatEstrus
FN:59,(anonymous_2)
FN:109,(anonymous_3)
FN:149,(anonymous_4)
FN:165,(anonymous_5)
FN:186,(anonymous_6)
FN:218,(anonymous_7)
FNF:8
FNH:7
FNDA:2,calcNextEstrus
FNDA:6,formatEstrus
FNDA:3,(anonymous_2)
FNDA:1,(anonymous_3)
FNDA:3,(anonymous_4)
FNDA:0,(anonymous_5)
FNDA:1,(anonymous_6)
FNDA:1,(anonymous_7)
DA:15,11
DA:40,2
DA:41,2
DA:42,2
DA:46,6
DA:47,6
DA:64,3
DA:66,3
DA:70,3
DA:71,0
DA:74,3
DA:75,1
DA:80,2
DA:81,1
DA:87,1
DA:88,1
DA:90,1
DA:103,1
DA:110,1
DA:112,1
DA:113,0
DA:116,1
DA:117,1
DA:121,1
DA:122,0
DA:129,1
DA:130,0
DA:131,0
DA:132,0
DA:134,0
DA:137,1
DA:143,1
DA:150,3
DA:155,3
DA:156,1
DA:159,2
DA:166,0
DA:170,0
DA:171,0
DA:174,0
DA:180,0
DA:187,1
DA:189,1
DA:191,1
DA:193,1
DA:195,1
DA:196,0
DA:200,1
DA:201,1
DA:202,1
DA:203,1
DA:206,1
DA:212,1
DA:219,1
DA:220,1
DA:221,1
DA:223,1
DA:232,1
LF:58
LH:45
BRDA:49,0,0,6
BRDA:49,0,1,0
BRDA:50,1,0,6
BRDA:50,1,1,0
BRDA:51,2,0,6
BRDA:51,2,1,0
BRDA:70,3,0,0
BRDA:70,3,1,3
BRDA:74,4,0,1
BRDA:74,4,1,2
BRDA:80,5,0,1
BRDA:80,5,1,1
BRDA:97,6,0,1
BRDA:97,6,1,1
BRDA:112,7,0,0
BRDA:112,7,1,1
BRDA:116,8,0,1
BRDA:116,8,1,0
BRDA:121,9,0,0
BRDA:121,9,1,1
BRDA:121,10,0,1
BRDA:121,10,1,1
BRDA:123,11,0,0
BRDA:123,11,1,0
BRDA:124,12,0,0
BRDA:124,12,1,0
BRDA:129,13,0,0
BRDA:129,13,1,1
BRDA:155,14,0,1
BRDA:155,14,1,2
BRDA:170,15,0,0
BRDA:170,15,1,0
BRDA:193,16,0,0
BRDA:193,16,1,1
BRDA:195,17,0,0
BRDA:195,17,1,1
BRDA:196,18,0,0
BRDA:196,18,1,0
BRDA:200,19,0,1
BRDA:200,19,1,0
BRDA:218,20,0,1
BRF:41
BRH:22
end_of_record
TN:
SF:src\modules\estrus\validators\estrus.validator.ts
FN:6,isValideDate
FN:11,isNotFutureDate
FN:14,validateCreate
FN:39,validateUpdate
FNF:4
FNH:4
FNDA:4,isValideDate
FNDA:4,isNotFutureDate
FNDA:3,validateCreate
FNDA:1,validateUpdate
DA:4,11
DA:7,4
DA:8,4
DA:12,4
DA:16,3
DA:17,0
DA:20,3
DA:21,0
DA:23,3
DA:24,0
DA:26,3
DA:27,0
DA:30,3
DA:31,0
DA:34,3
DA:35,0
DA:41,1
DA:42,1
DA:43,0
DA:45,1
DA:46,0
DA:51,1
DA:52,0
DA:56,1
DA:57,0
LF:25
LH:15
BRDA:16,0,0,0
BRDA:16,0,1,3
BRDA:16,1,0,3
BRDA:16,1,1,3
BRDA:20,2,0,0
BRDA:20,2,1,3
BRDA:23,3,0,0
BRDA:23,3,1,3
BRDA:26,4,0,0
BRDA:26,4,1,3
BRDA:30,5,0,0
BRDA:30,5,1,3
BRDA:30,6,0,3
BRDA:30,6,1,3
BRDA:34,7,0,0
BRDA:34,7,1,3
BRDA:34,8,0,3
BRDA:34,8,1,0
BRDA:41,9,0,1
BRDA:41,9,1,0
BRDA:42,10,0,0
BRDA:42,10,1,1
BRDA:45,11,0,0
BRDA:45,11,1,1
BRDA:51,12,0,0
BRDA:51,12,1,1
BRDA:51,13,0,1
BRDA:51,13,1,0
BRDA:56,14,0,0
BRDA:56,14,1,1
BRDA:56,15,0,1
BRDA:56,15,1,0
BRF:32
BRH:18
end_of_record
TN:
SF:src\modules\farm\controllers\farm.controller.ts
FN:11,queryString
FN:22,(anonymous_1)
FN:36,(anonymous_2)
FN:59,(anonymous_3)
FN:76,(anonymous_4)
FN:94,(anonymous_5)
FN:107,(anonymous_6)
FN:120,(anonymous_7)
FN:156,(anonymous_8)
FNF:9
FNH:7
FNDA:2,queryString
FNDA:3,(anonymous_1)
FNDA:1,(anonymous_2)
FNDA:2,(anonymous_3)
FNDA:1,(anonymous_4)
FNDA:1,(anonymous_5)
FNDA:0,(anonymous_6)
FNDA:0,(anonymous_7)
FNDA:1,(anonymous_8)
DA:12,2
DA:13,2
DA:14,2
DA:23,3
DA:24,3
DA:25,3
DA:26,1
DA:28,2
DA:37,1
DA:38,1
DA:39,1
DA:41,1
DA:43,1
DA:48,1
DA:49,1
DA:51,0
DA:60,2
DA:61,2
DA:62,2
DA:63,2
DA:65,2
DA:66,1
DA:68,1
DA:77,1
DA:78,1
DA:79,1
DA:80,1
DA:81,1
DA:83,1
DA:84,1
DA:86,0
DA:95,1
DA:96,1
DA:97,1
DA:99,0
DA:108,0
DA:109,0
DA:110,0
DA:112,0
DA:121,0
DA:122,0
DA:123,0
DA:124,0
DA:126,0
DA:127,0
DA:128,0
DA:131,0
DA:133,0
DA:134,0
DA:135,0
DA:136,0
DA:139,0
DA:140,0
DA:141,0
DA:142,0
DA:145,0
DA:146,0
DA:148,0
DA:157,1
DA:158,1
DA:159,1
DA:161,0
LF:62
LH:35
BRDA:12,0,0,0
BRDA:12,0,1,2
BRDA:13,1,0,0
BRDA:13,1,1,2
BRDA:13,2,0,0
BRDA:13,2,1,0
BRDA:44,3,0,0
BRDA:44,3,1,1
BRDA:126,4,0,0
BRDA:126,4,1,0
BRDA:134,5,0,0
BRDA:134,5,1,0
BRDA:140,6,0,0
BRDA:140,6,1,0
BRF:14
BRH:3
end_of_record
TN:
SF:src\modules\farm\routes\farm.routes.ts
FNF:0
FNH:0
DA:10,11
DA:14,11
DA:20,11
DA:26,11
DA:32,11
DA:38,11
DA:44,11
DA:51,11
DA:61,11
DA:71,11
DA:81,11
LF:11
LH:11
BRF:0
BRH:0
end_of_record
TN:
SF:src\modules\farm\services\farm.service.ts
FN:26,(anonymous_0)
FN:51,(anonymous_1)
FN:83,(anonymous_2)
FN:106,(anonymous_3)
FN:149,(anonymous_4)
FN:165,(anonymous_5)
FN:188,(anonymous_6)
FN:204,(anonymous_7)
FN:262,(anonymous_8)
FN:280,(anonymous_9)
FNF:10
FNH:6
FNDA:3,(anonymous_0)
FNDA:1,(anonymous_1)
FNDA:3,(anonymous_2)
FNDA:1,(anonymous_3)
FNDA:1,(anonymous_4)
FNDA:0,(anonymous_5)
FNDA:1,(anonymous_6)
FNDA:0,(anonymous_7)
FNDA:0,(anonymous_8)
FNDA:0,(anonymous_9)
DA:13,11
DA:27,3
DA:29,3
DA:34,2
DA:35,1
DA:37,1
DA:45,1
DA:57,1
DA:58,0
DA:59,0
DA:61,1
DA:62,1
DA:63,0
DA:65,1
DA:66,0
DA:67,0
DA:73,1
DA:85,3
DA:86,0
DA:90,3
DA:94,3
DA:95,1
DA:99,2
DA:113,1
DA:115,1
DA:118,1
DA:119,1
DA:126,1
DA:127,0
DA:133,1
DA:135,1
DA:136,1
DA:137,1
DA:139,1
DA:150,1
DA:152,1
DA:153,0
DA:156,1
DA:173,0
DA:175,0
DA:177,0
DA:189,1
DA:191,1
DA:192,0
DA:195,1
DA:209,0
DA:210,0
DA:211,0
DA:213,0
DA:214,0
DA:223,0
DA:224,0
DA:225,0
DA:226,0
DA:229,0
DA:230,0
DA:232,0
DA:233,0
DA:234,0
DA:235,0
DA:236,0
DA:237,0
DA:238,0
DA:240,0
DA:245,0
DA:246,0
DA:247,0
DA:253,0
DA:255,0
DA:263,0
DA:264,0
DA:265,0
DA:268,0
DA:277,0
DA:279,0
DA:280,0
LF:76
LH:33
BRDA:34,0,0,1
BRDA:34,0,1,1
BRDA:41,1,0,1
BRDA:41,1,1,1
BRDA:57,2,0,0
BRDA:57,2,1,1
BRDA:62,3,0,0
BRDA:62,3,1,1
BRDA:65,4,0,0
BRDA:65,4,1,1
BRDA:85,5,0,0
BRDA:85,5,1,3
BRDA:85,6,0,3
BRDA:85,6,1,0
BRDA:94,7,0,1
BRDA:94,7,1,2
BRDA:118,8,0,1
BRDA:118,8,1,0
BRDA:126,9,0,0
BRDA:126,9,1,1
BRDA:135,10,0,1
BRDA:135,10,1,0
BRDA:136,11,0,0
BRDA:136,11,1,1
BRDA:137,12,0,0
BRDA:137,12,1,1
BRDA:137,13,0,0
BRDA:137,13,1,0
BRDA:152,14,0,0
BRDA:152,14,1,1
BRDA:191,15,0,0
BRDA:191,15,1,1
BRDA:213,16,0,0
BRDA:213,16,1,0
BRDA:213,17,0,0
BRDA:213,17,1,0
BRDA:213,17,2,0
BRDA:245,18,0,0
BRDA:245,18,1,0
BRDA:248,19,0,0
BRDA:248,19,1,0
BRF:41
BRH:18
end_of_record
TN:
SF:src\modules\farm\validators\farm.validators.ts
FN:3,isValidCNPJ
FN:10,(anonymous_1)
FN:19,(anonymous_2)
FN:32,validateCreate
FN:46,validateUpdate
FNF:5
FNH:2
FNDA:0,isValidCNPJ
FNDA:0,(anonymous_1)
FNDA:0,(anonymous_2)
FNDA:3,validateCreate
FNDA:1,validateUpdate
DA:4,0
DA:5,0
DA:7,0
DA:10,0
DA:12,0
DA:16,0
DA:19,0
DA:21,0
DA:22,0
DA:25,0
DA:26,0
DA:29,0
DA:33,3
DA:34,1
DA:36,2
DA:37,0
DA:39,2
DA:40,0
DA:42,2
DA:43,0
DA:47,1
DA:48,1
DA:49,0
DA:51,1
DA:52,0
DA:56,1
DA:57,0
DA:60,1
DA:61,0
DA:62,0
LF:30
LH:10
BRDA:5,0,0,0
BRDA:5,0,1,0
BRDA:7,1,0,0
BRDA:7,1,1,0
BRDA:12,2,0,0
BRDA:12,2,1,0
BRDA:22,3,0,0
BRDA:22,3,1,0
BRDA:29,4,0,0
BRDA:29,4,1,0
BRDA:33,5,0,1
BRDA:33,5,1,2
BRDA:33,6,0,3
BRDA:33,6,1,3
BRDA:36,7,0,0
BRDA:36,7,1,2
BRDA:39,8,0,0
BRDA:39,8,1,2
BRDA:39,9,0,2
BRDA:39,9,1,2
BRDA:42,10,0,0
BRDA:42,10,1,2
BRDA:42,11,0,2
BRDA:42,11,1,0
BRDA:42,11,2,0
BRDA:47,12,0,1
BRDA:47,12,1,0
BRDA:48,13,0,0
BRDA:48,13,1,1
BRDA:51,14,0,0
BRDA:51,14,1,1
BRDA:56,15,0,0
BRDA:56,15,1,1
BRDA:56,16,0,1
BRDA:56,16,1,0
BRDA:60,17,0,0
BRDA:60,17,1,1
BRDA:60,18,0,1
BRDA:60,18,1,0
BRDA:60,18,2,0
BRDA:61,19,0,0
BRDA:61,19,1,0
BRF:42
BRH:17
end_of_record
TN:
SF:src\modules\management\controllers\management.controller.ts
FN:9,(anonymous_0)
FN:19,(anonymous_1)
FN:29,(anonymous_2)
FNF:3
FNH:2
FNDA:2,(anonymous_0)
FNDA:0,(anonymous_1)
FNDA:1,(anonymous_2)
DA:10,2
DA:11,2
DA:12,2
DA:13,2
DA:14,1
DA:16,1
DA:20,0
DA:21,0
DA:22,0
DA:23,0
DA:24,0
DA:26,0
DA:30,1
DA:31,1
DA:32,1
DA:33,1
DA:34,1
DA:36,0
LF:18
LH:11
BRF:0
BRH:0
end_of_record
TN:
SF:src\modules\management\routes\management.routes.ts
FNF:0
FNH:0
DA:5,11
DA:6,11
DA:9,11
DA:15,11
DA:21,11
LF:5
LH:5
BRF:0
BRH:0
end_of_record
TN:
SF:src\modules\management\services\management.service.ts
FN:10,(anonymous_0)
FN:37,(anonymous_1)
FN:74,(anonymous_2)
FN:92,(anonymous_3)
FN:135,(anonymous_4)
FNF:5
FNH:3
FNDA:2,(anonymous_0)
FNDA:1,(anonymous_1)
FNDA:0,(anonymous_2)
FNDA:0,(anonymous_3)
FNDA:1,(anonymous_4)
DA:11,2
DA:12,2
DA:15,2
DA:21,2
DA:24,1
DA:30,1
DA:31,0
DA:33,1
DA:34,2
DA:37,2
DA:39,1
DA:51,1
DA:59,1
DA:60,1
DA:66,1
DA:70,1
DA:72,1
DA:75,0
DA:76,0
DA:78,0
DA:81,0
DA:82,0
DA:86,0
DA:89,0
DA:90,0
DA:92,0
DA:93,0
DA:94,0
DA:97,0
DA:109,0
DA:118,0
DA:119,0
DA:126,0
DA:133,0
DA:136,1
LF:35
LH:17
BRDA:21,0,0,1
BRDA:21,0,1,1
BRDA:30,1,0,0
BRDA:30,1,1,1
BRDA:33,2,0,1
BRDA:33,2,1,0
BRDA:47,3,0,0
BRDA:47,3,1,1
BRDA:59,4,0,1
BRDA:59,4,1,0
BRDA:81,5,0,0
BRDA:81,5,1,0
BRDA:89,6,0,0
BRDA:89,6,1,0
BRDA:94,7,0,0
BRDA:94,7,1,0
BRDA:105,8,0,0
BRDA:105,8,1,0
BRDA:118,9,0,0
BRDA:118,9,1,0
BRF:20
BRH:6
end_of_record
TN:
SF:src\modules\management\validators\management.validator.ts
FN:11,isValidDate
FN:15,validateMove
FN:51,validateMoveBatch
FNF:3
FNH:1
FNDA:0,isValidDate
FNDA:2,validateMove
FNDA:0,validateMoveBatch
DA:12,0
DA:17,2
DA:18,0
DA:21,2
DA:22,0
DA:25,2
DA:26,0
DA:28,2
DA:29,0
DA:33,2
DA:34,0
DA:36,2
DA:37,0
DA:41,2
DA:42,0
DA:43,0
DA:45,0
DA:46,0
DA:53,0
DA:54,0
DA:56,0
DA:57,0
DA:59,0
DA:60,0
DA:64,0
DA:65,0
DA:66,0
DA:71,0
DA:72,0
DA:73,0
DA:77,0
DA:78,0
DA:82,0
DA:83,0
DA:85,0
DA:86,0
DA:90,0
DA:91,0
DA:93,0
DA:94,0
DA:98,0
DA:99,0
DA:100,0
DA:102,0
DA:103,0
LF:45
LH:7
BRDA:12,0,0,0
BRDA:12,0,1,0
BRDA:17,1,0,0
BRDA:17,1,1,2
BRDA:17,2,0,2
BRDA:17,2,1,2
BRDA:21,3,0,0
BRDA:21,3,1,2
BRDA:21,4,0,2
BRDA:21,4,1,2
BRDA:25,5,0,0
BRDA:25,5,1,2
BRDA:25,6,0,2
BRDA:25,6,1,2
BRDA:28,7,0,0
BRDA:28,7,1,2
BRDA:33,8,0,0
BRDA:33,8,1,2
BRDA:33,9,0,2
BRDA:33,9,1,2
BRDA:36,10,0,0
BRDA:36,10,1,2
BRDA:41,11,0,0
BRDA:41,11,1,2
BRDA:42,12,0,0
BRDA:42,12,1,0
BRDA:45,13,0,0
BRDA:45,13,1,0
BRDA:53,14,0,0
BRDA:53,14,1,0
BRDA:53,15,0,0
BRDA:53,15,1,0
BRDA:56,16,0,0
BRDA:56,16,1,0
BRDA:59,17,0,0
BRDA:59,17,1,0
BRDA:65,18,0,0
BRDA:65,18,1,0
BRDA:65,19,0,0
BRDA:65,19,1,0
BRDA:72,20,0,0
BRDA:72,20,1,0
BRDA:77,21,0,0
BRDA:77,21,1,0
BRDA:77,22,0,0
BRDA:77,22,1,0
BRDA:82,23,0,0
BRDA:82,23,1,0
BRDA:82,24,0,0
BRDA:82,24,1,0
BRDA:85,25,0,0
BRDA:85,25,1,0
BRDA:90,26,0,0
BRDA:90,26,1,0
BRDA:90,27,0,0
BRDA:90,27,1,0
BRDA:93,28,0,0
BRDA:93,28,1,0
BRDA:98,29,0,0
BRDA:98,29,1,0
BRDA:99,30,0,0
BRDA:99,30,1,0
BRDA:102,31,0,0
BRDA:102,31,1,0
BRF:64
BRH:15
end_of_record
TN:
SF:src\modules\mortality\controllers\mortality.controller.ts
FN:13,queryString
FN:24,(anonymous_1)
FN:42,(anonymous_2)
FN:64,(anonymous_3)
FN:79,(anonymous_4)
FN:95,(anonymous_5)
FN:113,(anonymous_6)
FNF:7
FNH:6
FNDA:3,queryString
FNDA:4,(anonymous_1)
FNDA:1,(anonymous_2)
FNDA:0,(anonymous_3)
FNDA:2,(anonymous_4)
FNDA:1,(anonymous_5)
FNDA:2,(anonymous_6)
DA:14,3
DA:15,2
DA:16,2
DA:25,4
DA:26,4
DA:27,4
DA:28,4
DA:30,4
DA:31,1
DA:33,3
DA:43,1
DA:44,1
DA:46,1
DA:53,1
DA:54,1
DA:56,0
DA:65,0
DA:66,0
DA:67,0
DA:69,0
DA:70,0
DA:72,0
DA:80,2
DA:81,2
DA:82,2
DA:84,2
DA:85,1
DA:87,1
DA:96,1
DA:97,1
DA:98,1
DA:99,1
DA:101,1
DA:102,1
DA:104,0
DA:114,2
DA:115,2
DA:116,2
DA:117,2
DA:119,2
DA:120,1
DA:121,1
DA:124,1
DA:125,1
DA:127,0
LF:45
LH:36
BRDA:14,0,0,1
BRDA:14,0,1,2
BRDA:15,1,0,0
BRDA:15,1,1,2
BRDA:15,2,0,0
BRDA:15,2,1,0
BRDA:50,3,0,0
BRDA:50,3,1,1
BRDA:119,4,0,1
BRDA:119,4,1,1
BRDA:119,5,0,2
BRDA:119,5,1,2
BRF:12
BRH:8
end_of_record
TN:
SF:src\modules\mortality\routes\mortality.routes.ts
FNF:0
FNH:0
DA:9,11
DA:11,11
DA:14,11
DA:23,11
DA:33,11
DA:38,11
DA:43,11
DA:53,11
LF:8
LH:8
BRF:0
BRH:0
end_of_record
TN:
SF:src\modules\mortality\services\mortality.service.ts
FN:46,formatMortality
FN:65,(anonymous_1)
FN:106,(anonymous_2)
FN:176,(anonymous_3)
FN:206,(anonymous_4)
FN:225,(anonymous_5)
FN:247,(anonymous_6)
FN:280,(anonymous_7)
FNF:8
FNH:7
FNDA:7,formatMortality
FNDA:4,(anonymous_1)
FNDA:1,(anonymous_2)
FNDA:1,(anonymous_3)
FNDA:4,(anonymous_4)
FNDA:0,(anonymous_5)
FNDA:1,(anonymous_6)
FNDA:1,(anonymous_7)
DA:15,11
DA:47,7
DA:48,7
DA:70,4
DA:73,4
DA:77,4
DA:78,1
DA:82,3
DA:83,1
DA:88,2
DA:89,1
DA:95,1
DA:96,0
DA:99,0
DA:100,0
DA:106,1
DA:108,1
DA:129,1
DA:138,1
DA:139,1
DA:147,1
DA:155,1
DA:167,1
DA:170,1
DA:177,1
DA:179,1
DA:180,0
DA:186,1
DA:187,1
DA:190,1
DA:191,0
DA:194,1
DA:200,1
DA:207,4
DA:212,4
DA:213,1
DA:218,3
DA:226,0
DA:230,0
DA:231,0
DA:234,0
DA:240,0
DA:252,1
DA:254,1
DA:256,1
DA:258,1
DA:259,1
DA:260,1
DA:261,1
DA:262,1
DA:263,1
DA:264,1
DA:265,1
DA:267,1
DA:273,1
DA:281,1
DA:284,1
DA:285,1
DA:286,0
DA:294,1
DA:305,1
LF:61
LH:50
BRDA:50,0,0,7
BRDA:50,0,1,0
BRDA:51,1,0,7
BRDA:51,1,1,0
BRDA:52,2,0,7
BRDA:52,2,1,0
BRDA:77,3,0,1
BRDA:77,3,1,3
BRDA:82,4,0,1
BRDA:82,4,1,2
BRDA:88,5,0,1
BRDA:88,5,1,1
BRDA:95,6,0,0
BRDA:95,6,1,1
BRDA:99,7,0,0
BRDA:99,7,1,0
BRDA:112,8,0,1
BRDA:112,8,1,1
BRDA:114,9,0,1
BRDA:114,9,1,0
BRDA:117,10,0,1
BRDA:117,10,1,0
BRDA:118,11,0,1
BRDA:118,11,1,1
BRDA:119,12,0,1
BRDA:119,12,1,1
BRDA:120,13,0,1
BRDA:120,13,1,1
BRDA:121,14,0,1
BRDA:121,14,1,1
BRDA:122,15,0,0
BRDA:122,15,1,1
BRDA:138,16,0,1
BRDA:138,16,1,0
BRDA:179,17,0,0
BRDA:179,17,1,1
BRDA:179,18,0,1
BRDA:179,18,1,1
BRDA:181,19,0,0
BRDA:181,19,1,0
BRDA:182,20,0,0
BRDA:182,20,1,0
BRDA:186,21,0,1
BRDA:186,21,1,0
BRDA:190,22,0,0
BRDA:190,22,1,1
BRDA:212,23,0,1
BRDA:212,23,1,3
BRDA:230,24,0,0
BRDA:230,24,1,0
BRDA:258,25,0,0
BRDA:258,25,1,1
BRDA:259,26,0,0
BRDA:259,26,1,1
BRDA:259,27,0,0
BRDA:259,27,1,0
BRDA:260,28,0,0
BRDA:260,28,1,1
BRDA:261,29,0,0
BRDA:261,29,1,1
BRDA:262,30,0,0
BRDA:262,30,1,1
BRDA:263,31,0,1
BRDA:263,31,1,0
BRDA:264,32,0,1
BRDA:264,32,1,0
BRDA:264,33,0,1
BRDA:264,33,1,0
BRDA:265,34,0,0
BRDA:265,34,1,1
BRDA:265,35,0,0
BRDA:265,35,1,0
BRDA:284,36,0,1
BRDA:284,36,1,0
BRDA:285,37,0,0
BRDA:285,37,1,1
BRDA:288,38,0,0
BRDA:288,38,1,0
BRF:78
BRH:42
end_of_record
TN:
SF:src\modules\mortality\validators\mortality.validator.ts
FN:7,isValidDate
FN:12,isNotFutureDate
FN:15,validateCreate
FN:79,validateUpdate
FNF:4
FNH:4
FNDA:4,isValidDate
FNDA:4,isNotFutureDate
FNDA:4,validateCreate
FNDA:1,validateUpdate
DA:4,11
DA:8,4
DA:9,4
DA:13,4
DA:17,4
DA:18,0
DA:21,4
DA:22,0
DA:24,4
DA:25,0
DA:27,4
DA:28,0
DA:31,4
DA:32,1
DA:33,0
DA:37,4
DA:38,0
DA:40,4
DA:41,0
DA:44,4
DA:45,0
DA:47,4
DA:48,0
DA:51,4
DA:52,0
DA:56,4
DA:57,0
DA:58,0
DA:62,4
DA:63,0
DA:64,0
DA:66,0
DA:67,0
DA:72,4
DA:73,0
DA:74,0
DA:80,1
DA:81,0
DA:82,0
DA:84,0
DA:85,0
DA:89,1
DA:90,0
DA:91,0
DA:95,1
DA:96,0
DA:97,0
DA:99,0
DA:100,0
DA:104,1
DA:105,0
DA:106,0
DA:108,0
DA:109,0
DA:113,1
DA:114,0
DA:117,1
DA:118,1
DA:119,0
DA:123,1
DA:124,0
DA:125,0
LF:62
LH:26
BRDA:17,0,0,0
BRDA:17,0,1,4
BRDA:17,1,0,4
BRDA:17,1,1,4
BRDA:21,2,0,0
BRDA:21,2,1,4
BRDA:24,3,0,0
BRDA:24,3,1,4
BRDA:27,4,0,0
BRDA:27,4,1,4
BRDA:31,5,0,1
BRDA:31,5,1,3
BRDA:31,6,0,4
BRDA:31,6,1,1
BRDA:32,7,0,0
BRDA:32,7,1,1
BRDA:37,8,0,0
BRDA:37,8,1,4
BRDA:37,9,0,4
BRDA:37,9,1,4
BRDA:40,10,0,0
BRDA:40,10,1,4
BRDA:40,11,0,4
BRDA:40,11,1,4
BRDA:44,12,0,0
BRDA:44,12,1,4
BRDA:44,13,0,4
BRDA:44,13,1,4
BRDA:47,14,0,0
BRDA:47,14,1,4
BRDA:51,15,0,0
BRDA:51,15,1,4
BRDA:51,16,0,4
BRDA:51,16,1,1
BRDA:56,17,0,0
BRDA:56,17,1,4
BRDA:56,18,0,4
BRDA:56,18,1,0
BRDA:57,19,0,0
BRDA:57,19,1,0
BRDA:62,20,0,0
BRDA:62,20,1,4
BRDA:63,21,0,0
BRDA:63,21,1,0
BRDA:66,22,0,0
BRDA:66,22,1,0
BRDA:72,23,0,0
BRDA:72,23,1,4
BRDA:72,24,0,4
BRDA:72,24,1,0
BRDA:73,25,0,0
BRDA:73,25,1,0
BRDA:80,26,0,0
BRDA:80,26,1,1
BRDA:81,27,0,0
BRDA:81,27,1,0
BRDA:84,28,0,0
BRDA:84,28,1,0
BRDA:89,29,0,0
BRDA:89,29,1,1
BRDA:89,30,0,1
BRDA:89,30,1,0
BRDA:90,31,0,0
BRDA:90,31,1,0
BRDA:95,32,0,0
BRDA:95,32,1,1
BRDA:96,33,0,0
BRDA:96,33,1,0
BRDA:99,34,0,0
BRDA:99,34,1,0
BRDA:104,35,0,0
BRDA:104,35,1,1
BRDA:105,36,0,0
BRDA:105,36,1,0
BRDA:108,37,0,0
BRDA:108,37,1,0
BRDA:113,38,0,0
BRDA:113,38,1,1
BRDA:113,39,0,1
BRDA:113,39,1,0
BRDA:117,40,0,1
BRDA:117,40,1,0
BRDA:117,41,0,1
BRDA:117,41,1,1
BRDA:118,42,0,0
BRDA:118,42,1,1
BRDA:123,43,0,0
BRDA:123,43,1,1
BRDA:123,44,0,1
BRDA:123,44,1,0
BRDA:124,45,0,0
BRDA:124,45,1,0
BRF:92
BRH:42
end_of_record
TN:
SF:src\modules\pasture\controllers\pasture.controller.ts
FN:16,queryString
FN:27,(anonymous_1)
FN:43,(anonymous_2)
FN:65,(anonymous_3)
FN:81,(anonymous_4)
FN:98,(anonymous_5)
FN:114,(anonymous_6)
FN:130,(anonymous_7)
FNF:8
FNH:6
FNDA:3,queryString
FNDA:2,(anonymous_1)
FNDA:1,(anonymous_2)
FNDA:2,(anonymous_3)
FNDA:0,(anonymous_4)
FNDA:0,(anonymous_5)
FNDA:2,(anonymous_6)
FNDA:2,(anonymous_7)
DA:17,3
DA:18,3
DA:19,3
DA:28,2
DA:29,2
DA:30,2
DA:32,2
DA:33,1
DA:35,1
DA:44,1
DA:45,1
DA:46,1
DA:48,1
DA:54,1
DA:55,1
DA:57,0
DA:66,2
DA:67,2
DA:68,2
DA:70,2
DA:71,1
DA:73,1
DA:82,0
DA:83,0
DA:84,0
DA:85,0
DA:87,0
DA:88,0
DA:90,0
DA:99,0
DA:100,0
DA:101,0
DA:103,0
DA:104,0
DA:106,0
DA:115,2
DA:116,2
DA:117,2
DA:119,2
DA:120,1
DA:122,1
DA:131,2
DA:132,2
DA:133,2
DA:135,2
DA:136,1
DA:138,1
LF:47
LH:33
BRDA:17,0,0,0
BRDA:17,0,1,3
BRDA:18,1,0,0
BRDA:18,1,1,3
BRDA:18,2,0,0
BRDA:18,2,1,0
BRDA:49,3,0,0
BRDA:49,3,1,1
BRF:8
BRH:3
end_of_record
TN:
SF:src\modules\pasture\routes\pasture.routes.ts
FNF:0
FNH:0
DA:9,11
DA:12,11
DA:18,11
DA:29,11
DA:35,11
DA:41,11
DA:51,11
DA:61,11
DA:71,11
LF:9
LH:9
BRF:0
BRH:0
end_of_record
TN:
SF:src\modules\pasture\services\pasture.service.ts
FN:31,calcOccupancyRate
FN:37,formatPasture
FN:49,(anonymous_2)
FN:86,(anonymous_3)
FN:116,(anonymous_4)
FN:133,(anonymous_5)
FN:182,(anonymous_6)
FN:213,(anonymous_7)
FNF:8
FNH:7
FNDA:8,calcOccupancyRate
FNDA:8,formatPasture
FNDA:2,(anonymous_2)
FNDA:1,(anonymous_3)
FNDA:6,(anonymous_4)
FNDA:0,(anonymous_5)
FNDA:2,(anonymous_6)
FNDA:2,(anonymous_7)
DA:17,11
DA:32,8
DA:33,8
DA:38,8
DA:51,2
DA:54,2
DA:61,2
DA:62,1
DA:68,1
DA:79,1
DA:87,1
DA:90,1
DA:91,0
DA:95,1
DA:96,0
DA:100,1
DA:101,0
DA:104,1
DA:110,1
DA:117,6
DA:122,6
DA:123,1
DA:126,5
DA:139,0
DA:142,0
DA:145,0
DA:146,0
DA:154,0
DA:155,0
DA:162,0
DA:164,0
DA:165,0
DA:166,0
DA:167,0
DA:169,0
DA:175,0
DA:188,2
DA:191,2
DA:192,1
DA:200,1
DA:206,1
DA:214,2
DA:217,2
DA:218,1
DA:226,1
LF:45
LH:29
BRDA:32,0,0,0
BRDA:32,0,1,8
BRDA:61,1,0,1
BRDA:61,1,1,1
BRDA:90,2,0,0
BRDA:90,2,1,1
BRDA:95,3,0,0
BRDA:95,3,1,1
BRDA:100,4,0,0
BRDA:100,4,1,1
BRDA:122,5,0,1
BRDA:122,5,1,5
BRDA:145,6,0,0
BRDA:145,6,1,0
BRDA:154,7,0,0
BRDA:154,7,1,0
BRDA:164,8,0,0
BRDA:164,8,1,0
BRDA:165,9,0,0
BRDA:165,9,1,0
BRDA:166,10,0,0
BRDA:166,10,1,0
BRDA:167,11,0,0
BRDA:167,11,1,0
BRDA:191,12,0,1
BRDA:191,12,1,1
BRDA:191,13,0,2
BRDA:191,13,1,2
BRDA:217,14,0,1
BRDA:217,14,1,1
BRF:30
BRH:14
end_of_record
TN:
SF:src\modules\pasture\validators\pasture.validator.ts
FN:5,validateCreate
FN:35,validateUpdate
FNF:2
FNH:1
FNDA:2,validateCreate
FNDA:0,validateUpdate
DA:3,11
DA:7,2
DA:8,0
DA:10,2
DA:11,0
DA:15,2
DA:16,0
DA:18,2
DA:19,0
DA:23,2
DA:24,0
DA:28,2
DA:29,0
DA:31,2
DA:32,0
DA:36,0
DA:37,0
DA:38,0
DA:40,0
DA:41,0
DA:45,0
DA:46,0
DA:47,0
DA:51,0
DA:52,0
DA:55,0
DA:56,0
DA:57,0
LF:28
LH:8
BRDA:7,0,0,0
BRDA:7,0,1,2
BRDA:7,1,0,2
BRDA:7,1,1,2
BRDA:10,2,0,0
BRDA:10,2,1,2
BRDA:15,3,0,0
BRDA:15,3,1,2
BRDA:15,4,0,2
BRDA:15,4,1,2
BRDA:18,5,0,0
BRDA:18,5,1,2
BRDA:18,6,0,2
BRDA:18,6,1,2
BRDA:23,7,0,0
BRDA:23,7,1,2
BRDA:23,8,0,2
BRDA:23,8,1,2
BRDA:28,9,0,0
BRDA:28,9,1,2
BRDA:28,10,0,2
BRDA:28,10,1,2
BRDA:31,11,0,0
BRDA:31,11,1,2
BRDA:31,12,0,2
BRDA:31,12,1,2
BRDA:36,13,0,0
BRDA:36,13,1,0
BRDA:37,14,0,0
BRDA:37,14,1,0
BRDA:40,15,0,0
BRDA:40,15,1,0
BRDA:45,16,0,0
BRDA:45,16,1,0
BRDA:46,17,0,0
BRDA:46,17,1,0
BRDA:46,18,0,0
BRDA:46,18,1,0
BRDA:51,19,0,0
BRDA:51,19,1,0
BRDA:51,20,0,0
BRDA:51,20,1,0
BRDA:55,21,0,0
BRDA:55,21,1,0
BRDA:56,22,0,0
BRDA:56,22,1,0
BRDA:56,23,0,0
BRDA:56,23,1,0
BRF:48
BRH:19
end_of_record
TN:
SF:src\modules\pregnancy\controllers\pregnancy.controller.ts
FN:14,queryString
FN:25,(anonymous_1)
FN:42,(anonymous_2)
FN:62,(anonymous_3)
FN:78,(anonymous_4)
FN:94,(anonymous_5)
FN:111,(anonymous_6)
FNF:7
FNH:3
FNDA:0,queryString
FNDA:3,(anonymous_1)
FNDA:0,(anonymous_2)
FNDA:0,(anonymous_3)
FNDA:0,(anonymous_4)
FNDA:2,(anonymous_5)
FNDA:2,(anonymous_6)
DA:15,0
DA:16,0
DA:17,0
DA:26,3
DA:27,3
DA:28,3
DA:30,3
DA:31,1
DA:33,2
DA:43,0
DA:44,0
DA:46,0
DA:51,0
DA:52,0
DA:54,0
DA:63,0
DA:64,0
DA:65,0
DA:67,0
DA:68,0
DA:70,0
DA:79,0
DA:80,0
DA:81,0
DA:83,0
DA:84,0
DA:86,0
DA:95,2
DA:96,2
DA:97,2
DA:98,2
DA:100,2
DA:101,1
DA:103,1
DA:112,2
DA:113,2
DA:114,2
DA:115,2
DA:117,2
DA:118,1
DA:120,1
LF:41
LH:20
BRDA:15,0,0,0
BRDA:15,0,1,0
BRDA:16,1,0,0
BRDA:16,1,1,0
BRDA:16,2,0,0
BRDA:16,2,1,0
BRF:6
BRH:0
end_of_record
TN:
SF:src\modules\pregnancy\routes\pregnancy.routes.ts
FNF:0
FNH:0
DA:9,11
DA:11,11
DA:14,11
DA:23,11
DA:33,11
DA:38,11
DA:44,11
DA:54,11
LF:8
LH:8
BRF:0
BRH:0
end_of_record
TN:
SF:src\modules\pregnancy\services\pregnancy.service.ts
FN:24,calcDataPartoPrevista
FN:31,dentroPeríodoFertil
FN:79,formatUltrasound
FN:93,formatAttempt
FN:112,formatPregnancy
FN:133,(anonymous_5)
FN:190,(anonymous_6)
FN:238,(anonymous_7)
FN:283,(anonymous_8)
FN:305,(anonymous_9)
FN:313,(anonymous_10)
FN:387,(anonymous_11)
FN:405,(anonymous_12)
FN:421,(anonymous_13)
FNF:14
FNH:9
FNDA:1,calcDataPartoPrevista
FNDA:0,dentroPeríodoFertil
FNDA:0,formatUltrasound
FNDA:0,formatAttempt
FNDA:7,formatPregnancy
FNDA:3,(anonymous_5)
FNDA:2,(anonymous_6)
FNDA:1,(anonymous_7)
FNDA:2,(anonymous_8)
FNDA:1,(anonymous_9)
FNDA:1,(anonymous_10)
FNDA:0,(anonymous_11)
FNDA:6,(anonymous_12)
FNDA:0,(anonymous_13)
DA:21,11
DA:25,1
DA:26,1
DA:27,1
DA:32,0
DA:33,0
DA:37,11
DA:49,11
DA:66,11
DA:80,0
DA:94,0
DA:113,7
DA:134,3
DA:137,3
DA:141,3
DA:142,0
DA:145,3
DA:146,1
DA:151,2
DA:152,0
DA:159,2
DA:167,2
DA:168,1
DA:173,1
DA:183,1
DA:195,2
DA:197,2
DA:200,2
DA:201,1
DA:208,1
DA:212,1
DA:213,0
DA:222,1
DA:223,1
DA:227,1
DA:228,0
DA:233,1
DA:235,1
DA:236,1
DA:238,1
DA:240,1
DA:256,1
DA:265,1
DA:271,1
DA:288,2
DA:290,2
DA:293,2
DA:298,2
DA:299,0
DA:305,2
DA:306,2
DA:307,1
DA:313,1
DA:315,1
DA:327,1
DA:329,1
DA:336,0
DA:338,0
DA:343,0
DA:350,0
DA:352,0
DA:357,0
DA:359,0
DA:361,0
DA:370,0
DA:381,1
DA:388,0
DA:390,0
DA:391,0
DA:393,0
DA:399,0
DA:406,6
DA:411,6
DA:412,0
DA:415,6
DA:422,0
DA:426,0
DA:427,0
DA:430,0
DA:436,0
LF:80
LH:51
BRDA:88,0,0,0
BRDA:88,0,1,0
BRDA:101,1,0,0
BRDA:101,1,1,0
BRDA:107,2,0,0
BRDA:107,2,1,0
BRDA:117,3,0,7
BRDA:117,3,1,0
BRDA:118,4,0,7
BRDA:118,4,1,0
BRDA:121,5,0,7
BRDA:121,5,1,0
BRDA:122,6,0,7
BRDA:122,6,1,0
BRDA:141,7,0,0
BRDA:141,7,1,3
BRDA:145,8,0,1
BRDA:145,8,1,2
BRDA:151,9,0,0
BRDA:151,9,1,2
BRDA:167,10,0,1
BRDA:167,10,1,1
BRDA:200,11,0,1
BRDA:200,11,1,1
BRDA:212,12,0,0
BRDA:212,12,1,1
BRDA:222,13,0,1
BRDA:222,13,1,0
BRDA:227,14,0,0
BRDA:227,14,1,1
BRDA:246,15,0,1
BRDA:246,15,1,0
BRDA:247,16,0,1
BRDA:247,16,1,1
BRDA:248,17,0,1
BRDA:248,17,1,1
BRDA:251,18,0,1
BRDA:251,18,1,1
BRDA:298,19,0,0
BRDA:298,19,1,2
BRDA:306,20,0,1
BRDA:306,20,1,1
BRDA:321,21,0,1
BRDA:321,21,1,1
BRDA:322,22,0,1
BRDA:322,22,1,1
BRDA:327,23,0,1
BRDA:327,23,1,0
BRDA:336,24,0,0
BRDA:336,24,1,0
BRDA:350,25,0,0
BRDA:350,25,1,0
BRDA:350,26,0,0
BRDA:350,26,1,0
BRDA:359,27,0,0
BRDA:359,27,1,0
BRDA:390,28,0,0
BRDA:390,28,1,0
BRDA:391,29,0,0
BRDA:391,29,1,0
BRDA:411,30,0,0
BRDA:411,30,1,6
BRDA:426,31,0,0
BRDA:426,31,1,0
BRF:64
BRH:31
end_of_record
TN:
SF:src\modules\pregnancy\validators\pregnancy.validator.ts
FN:12,isValidDate
FN:17,isNotFuture
FN:21,validateCreatePregnancy
FN:27,validateCreateAttempt
FN:60,validateCreateUltrasound
FNF:5
FNH:5
FNDA:4,isValidDate
FNDA:4,isNotFuture
FNDA:3,validateCreatePregnancy
FNDA:2,validateCreateAttempt
FNDA:2,validateCreateUltrasound
DA:8,11
DA:9,11
DA:10,11
DA:13,4
DA:14,4
DA:18,4
DA:22,3
DA:23,0
DA:29,2
DA:30,0
DA:32,2
DA:33,0
DA:35,2
DA:36,0
DA:40,2
DA:41,0
DA:45,2
DA:46,0
DA:50,2
DA:51,0
DA:55,2
DA:56,0
DA:62,2
DA:63,0
DA:67,2
DA:68,0
DA:72,2
DA:73,0
DA:75,2
DA:76,0
DA:78,2
DA:79,0
DA:83,2
DA:84,0
LF:34
LH:20
BRDA:22,0,0,0
BRDA:22,0,1,3
BRDA:22,1,0,3
BRDA:22,1,1,3
BRDA:29,2,0,0
BRDA:29,2,1,2
BRDA:32,3,0,0
BRDA:32,3,1,2
BRDA:35,4,0,0
BRDA:35,4,1,2
BRDA:40,5,0,0
BRDA:40,5,1,2
BRDA:40,6,0,2
BRDA:40,6,1,2
BRDA:45,7,0,0
BRDA:45,7,1,2
BRDA:45,8,0,2
BRDA:45,8,1,2
BRDA:50,9,0,0
BRDA:50,9,1,2
BRDA:50,10,0,2
BRDA:50,10,1,0
BRDA:55,11,0,0
BRDA:55,11,1,2
BRDA:55,12,0,2
BRDA:55,12,1,0
BRDA:62,13,0,0
BRDA:62,13,1,2
BRDA:67,14,0,0
BRDA:67,14,1,2
BRDA:67,15,0,2
BRDA:67,15,1,2
BRDA:72,16,0,0
BRDA:72,16,1,2
BRDA:75,17,0,0
BRDA:75,17,1,2
BRDA:78,18,0,0
BRDA:78,18,1,2
BRDA:83,19,0,0
BRDA:83,19,1,2
BRDA:83,20,0,2
BRDA:83,20,1,0
BRF:42
BRH:25
end_of_record
TN:
SF:src\modules\user\controllers\user.controller.ts
FN:26,(anonymous_0)
FN:73,(anonymous_1)
FN:95,(anonymous_2)
FN:112,(anonymous_3)
FN:130,(anonymous_4)
FN:169,(anonymous_5)
FN:187,(anonymous_6)
FN:204,(anonymous_7)
FN:223,(anonymous_8)
FN:242,(anonymous_9)
FNF:10
FNH:5
FNDA:0,(anonymous_0)
FNDA:1,(anonymous_1)
FNDA:1,(anonymous_2)
FNDA:1,(anonymous_3)
FNDA:0,(anonymous_4)
FNDA:1,(anonymous_5)
FNDA:0,(anonymous_6)
FNDA:1,(anonymous_7)
FNDA:0,(anonymous_8)
FNDA:0,(anonymous_9)
DA:16,11
DA:27,0
DA:28,0
DA:29,0
DA:30,0
DA:33,0
DA:35,0
DA:36,0
DA:37,0
DA:39,0
DA:41,0
DA:42,0
DA:43,0
DA:46,0
DA:48,0
DA:49,0
DA:51,0
DA:52,0
DA:53,0
DA:55,0
DA:57,0
DA:58,0
DA:61,0
DA:62,0
DA:64,0
DA:74,1
DA:75,1
DA:76,1
DA:82,1
DA:84,1
DA:86,0
DA:96,1
DA:97,1
DA:98,1
DA:100,1
DA:102,0
DA:104,1
DA:113,1
DA:114,1
DA:115,1
DA:117,1
DA:119,1
DA:121,0
DA:131,0
DA:132,0
DA:133,0
DA:134,0
DA:135,0
DA:136,0
DA:139,0
DA:140,0
DA:141,0
DA:145,0
DA:146,0
DA:147,0
DA:149,0
DA:150,0
DA:153,0
DA:157,0
DA:158,0
DA:160,0
DA:170,1
DA:171,1
DA:172,1
DA:174,1
DA:176,1
DA:178,0
DA:188,0
DA:189,0
DA:190,0
DA:192,0
DA:194,0
DA:196,0
DA:205,1
DA:206,1
DA:207,1
DA:208,1
DA:210,1
DA:212,0
DA:214,1
DA:224,0
DA:225,0
DA:226,0
DA:227,0
DA:229,0
DA:231,0
DA:233,0
DA:243,0
DA:244,0
DA:245,0
DA:246,0
DA:248,0
DA:250,0
DA:252,0
LF:94
LH:27
BRDA:33,0,0,0
BRDA:33,0,1,0
BRDA:35,1,0,0
BRDA:35,1,1,0
BRDA:39,2,0,0
BRDA:39,2,1,0
BRDA:42,3,0,0
BRDA:42,3,1,0
BRDA:49,4,0,0
BRDA:49,4,1,0
BRDA:51,5,0,0
BRDA:51,5,1,0
BRDA:78,6,0,0
BRDA:78,6,1,1
BRDA:139,7,0,0
BRDA:139,7,1,0
BRDA:139,8,0,0
BRDA:139,8,1,0
BRDA:145,9,0,0
BRDA:145,9,1,0
BRDA:146,10,0,0
BRDA:146,10,1,0
BRDA:147,11,0,0
BRDA:147,11,1,0
BRDA:149,12,0,0
BRDA:149,12,1,0
BRF:26
BRH:1
end_of_record
TN:
SF:src\modules\user\routes\user.routes.ts
FNF:0
FNH:0
DA:5,11
DA:8,11
DA:11,11
DA:14,11
DA:17,11
DA:23,11
DA:29,11
DA:36,11
DA:42,11
DA:52,11
DA:62,11
DA:72,11
LF:12
LH:12
BRF:0
BRH:0
end_of_record
TN:
SF:src\modules\user\services\user.service.ts
FN:55,(anonymous_0)
FN:120,(anonymous_1)
FN:146,(anonymous_2)
FN:152,(anonymous_3)
FN:170,(anonymous_4)
FN:247,(anonymous_5)
FN:262,(anonymous_6)
FN:295,(anonymous_7)
FN:316,(anonymous_8)
FN:327,(anonymous_9)
FNF:10
FNH:6
FNDA:0,(anonymous_0)
FNDA:1,(anonymous_1)
FNDA:1,(anonymous_2)
FNDA:3,(anonymous_3)
FNDA:0,(anonymous_4)
FNDA:1,(anonymous_5)
FNDA:1,(anonymous_6)
FNDA:0,(anonymous_7)
FNDA:0,(anonymous_8)
FNDA:4,(anonymous_9)
DA:21,11
DA:43,11
DA:57,0
DA:59,0
DA:60,0
DA:61,0
DA:66,0
DA:75,0
DA:76,0
DA:82,0
DA:89,0
DA:90,0
DA:94,0
DA:97,0
DA:113,0
DA:121,1
DA:123,1
DA:124,0
DA:127,1
DA:128,0
DA:131,1
DA:132,0
DA:133,0
DA:140,1
DA:146,1
DA:153,3
DA:158,3
DA:159,1
DA:162,2
DA:178,0
DA:180,0
DA:181,0
DA:182,0
DA:183,0
DA:189,0
DA:192,0
DA:193,0
DA:201,0
DA:202,0
DA:207,0
DA:208,0
DA:216,0
DA:217,0
DA:222,0
DA:224,0
DA:225,0
DA:226,0
DA:227,0
DA:228,0
DA:229,0
DA:230,0
DA:231,0
DA:233,0
DA:235,0
DA:241,0
DA:248,1
DA:250,1
DA:256,1
DA:267,1
DA:270,1
DA:274,1
DA:275,0
DA:278,1
DA:280,1
DA:281,1
DA:284,0
DA:286,0
DA:300,0
DA:302,0
DA:304,0
DA:306,0
DA:317,0
DA:319,0
DA:320,0
DA:323,0
DA:328,4
DA:329,4
LF:77
LH:23
BRDA:59,0,0,0
BRDA:59,0,1,0
BRDA:60,1,0,0
BRDA:60,1,1,0
BRDA:75,2,0,0
BRDA:75,2,1,0
BRDA:89,3,0,0
BRDA:89,3,1,0
BRDA:103,4,0,0
BRDA:103,4,1,0
BRDA:106,5,0,0
BRDA:106,5,1,0
BRDA:107,6,0,0
BRDA:107,6,1,0
BRDA:108,7,0,0
BRDA:108,7,1,0
BRDA:123,8,0,0
BRDA:123,8,1,1
BRDA:127,9,0,0
BRDA:127,9,1,1
BRDA:131,10,0,0
BRDA:131,10,1,1
BRDA:158,11,0,1
BRDA:158,11,1,2
BRDA:180,12,0,0
BRDA:180,12,1,0
BRDA:181,13,0,0
BRDA:181,13,1,0
BRDA:182,14,0,0
BRDA:182,14,1,0
BRDA:182,15,0,0
BRDA:182,15,1,0
BRDA:192,16,0,0
BRDA:192,16,1,0
BRDA:201,17,0,0
BRDA:201,17,1,0
BRDA:207,18,0,0
BRDA:207,18,1,0
BRDA:216,19,0,0
BRDA:216,19,1,0
BRDA:224,20,0,0
BRDA:224,20,1,0
BRDA:225,21,0,0
BRDA:225,21,1,0
BRDA:226,22,0,0
BRDA:226,22,1,0
BRDA:227,23,0,0
BRDA:227,23,1,0
BRDA:227,24,0,0
BRDA:227,24,1,0
BRDA:228,25,0,0
BRDA:228,25,1,0
BRDA:229,26,0,0
BRDA:229,26,1,0
BRDA:229,27,0,0
BRDA:229,27,1,0
BRDA:230,28,0,0
BRDA:230,28,1,0
BRDA:231,29,0,0
BRDA:231,29,1,0
BRDA:233,30,0,0
BRDA:233,30,1,0
BRDA:274,31,0,0
BRDA:274,31,1,1
BRDA:280,32,0,1
BRDA:280,32,1,0
BRDA:319,33,0,0
BRDA:319,33,1,0
BRF:68
BRH:7
end_of_record
TN:
SF:src\modules\user\validators\user.validator.ts
FN:12,validateCreate
FN:48,validateUpdate
FN:81,validateChangePassword
FN:101,validateAdminResetPassword
FNF:4
FNH:1
FNDA:0,validateCreate
FNDA:0,validateUpdate
FNDA:1,validateChangePassword
FNDA:0,validateAdminResetPassword
DA:8,11
DA:9,11
DA:10,11
DA:13,0
DA:14,0
DA:17,0
DA:18,0
DA:21,0
DA:22,0
DA:25,0
DA:26,0
DA:29,0
DA:30,0
DA:33,0
DA:34,0
DA:39,0
DA:40,0
DA:43,0
DA:44,0
DA:49,0
DA:50,0
DA:53,0
DA:54,0
DA:55,0
DA:57,0
DA:58,0
DA:64,0
DA:65,0
DA:68,0
DA:69,0
DA:72,0
DA:77,0
DA:82,1
DA:83,0
DA:86,1
DA:87,0
DA:90,1
DA:91,0
DA:96,1
DA:97,0
DA:102,0
DA:103,0
DA:106,0
DA:107,0
LF:44
LH:7
BRDA:13,0,0,0
BRDA:13,0,1,0
BRDA:13,1,0,0
BRDA:13,1,1,0
BRDA:17,2,0,0
BRDA:17,2,1,0
BRDA:17,3,0,0
BRDA:17,3,1,0
BRDA:21,4,0,0
BRDA:21,4,1,0
BRDA:25,5,0,0
BRDA:25,5,1,0
BRDA:25,6,0,0
BRDA:25,6,1,0
BRDA:29,7,0,0
BRDA:29,7,1,0
BRDA:29,8,0,0
BRDA:29,8,1,0
BRDA:33,9,0,0
BRDA:33,9,1,0
BRDA:39,10,0,0
BRDA:39,10,1,0
BRDA:39,11,0,0
BRDA:39,11,1,0
BRDA:43,12,0,0
BRDA:43,12,1,0
BRDA:43,13,0,0
BRDA:43,13,1,0
BRDA:49,14,0,0
BRDA:49,14,1,0
BRDA:49,15,0,0
BRDA:49,15,1,0
BRDA:53,16,0,0
BRDA:53,16,1,0
BRDA:54,17,0,0
BRDA:54,17,1,0
BRDA:57,18,0,0
BRDA:57,18,1,0
BRDA:64,19,0,0
BRDA:64,19,1,0
BRDA:64,20,0,0
BRDA:64,20,1,0
BRDA:68,21,0,0
BRDA:68,21,1,0
BRDA:68,22,0,0
BRDA:68,22,1,0
BRDA:72,23,0,0
BRDA:72,23,1,0
BRDA:73,24,0,0
BRDA:73,24,1,0
BRDA:73,24,2,0
BRDA:82,25,0,0
BRDA:82,25,1,1
BRDA:86,26,0,0
BRDA:86,26,1,1
BRDA:86,27,0,1
BRDA:86,27,1,1
BRDA:90,28,0,0
BRDA:90,28,1,1
BRDA:96,29,0,0
BRDA:96,29,1,1
BRDA:102,30,0,0
BRDA:102,30,1,0
BRDA:102,31,0,0
BRDA:102,31,1,0
BRDA:106,32,0,0
BRDA:106,32,1,0
BRF:67
BRH:6
end_of_record
TN:
SF:src\modules\vaccination\controller\vaccination.controller.ts
FN:13,queryString
FN:24,(anonymous_1)
FN:40,(anonymous_2)
FN:63,(anonymous_3)
FN:79,(anonymous_4)
FN:94,(anonymous_5)
FN:109,(anonymous_6)
FN:125,(anonymous_7)
FNF:8
FNH:4
FNDA:0,queryString
FNDA:3,(anonymous_1)
FNDA:0,(anonymous_2)
FNDA:1,(anonymous_3)
FNDA:1,(anonymous_4)
FNDA:0,(anonymous_5)
FNDA:0,(anonymous_6)
FNDA:1,(anonymous_7)
DA:14,0
DA:15,0
DA:16,0
DA:25,3
DA:26,3
DA:27,3
DA:29,3
DA:30,1
DA:32,2
DA:41,0
DA:42,0
DA:44,0
DA:52,0
DA:53,0
DA:55,0
DA:64,1
DA:65,1
DA:66,1
DA:68,1
DA:69,1
DA:71,0
DA:80,1
DA:81,1
DA:82,1
DA:84,1
DA:85,1
DA:87,0
DA:95,0
DA:96,0
DA:97,0
DA:99,0
DA:100,0
DA:102,0
DA:110,0
DA:111,0
DA:112,0
DA:113,0
DA:115,0
DA:116,0
DA:118,0
DA:126,1
DA:127,1
DA:128,1
DA:130,1
DA:131,1
DA:133,0
LF:46
LH:21
BRDA:14,0,0,0
BRDA:14,0,1,0
BRDA:15,1,0,0
BRDA:15,1,1,0
BRDA:15,2,0,0
BRDA:15,2,1,0
BRDA:66,3,0,0
BRDA:66,3,1,1
BRF:8
BRH:1
end_of_record
TN:
SF:src\modules\vaccination\routes\vaccination.routes.ts
FNF:0
FNH:0
DA:9,11
DA:11,11
DA:14,11
DA:15,11
DA:24,11
DA:35,11
DA:40,11
DA:45,11
DA:54,11
LF:9
LH:9
BRF:0
BRH:0
end_of_record
TN:
SF:src\modules\vaccination\services\vaccination.service.ts
FN:44,formatVaccination
FN:62,(anonymous_1)
FN:117,(anonymous_2)
FN:154,(anonymous_3)
FN:170,(anonymous_4)
FN:191,(anonymous_5)
FN:211,(anonymous_6)
FN:263,(anonymous_7)
FNF:8
FNH:6
FNDA:4,formatVaccination
FNDA:3,(anonymous_1)
FNDA:0,(anonymous_2)
FNDA:1,(anonymous_3)
FNDA:1,(anonymous_4)
FNDA:1,(anonymous_5)
FNDA:0,(anonymous_6)
FNDA:1,(anonymous_7)
DA:15,11
DA:45,4
DA:46,4
DA:63,3
DA:66,3
DA:70,2
DA:71,0
DA:74,2
DA:75,1
DA:82,1
DA:83,0
DA:86,0
DA:87,0
DA:93,1
DA:111,1
DA:118,0
DA:120,0
DA:122,0
DA:123,0
DA:126,0
DA:127,0
DA:134,0
DA:135,0
DA:136,0
DA:137,0
DA:139,0
DA:142,0
DA:148,0
DA:155,1
DA:160,1
DA:161,0
DA:164,1
DA:171,1
DA:175,1
DA:176,0
DA:179,1
DA:185,1
DA:192,1
DA:193,1
DA:194,1
DA:196,1
DA:205,1
DA:216,0
DA:218,0
DA:221,0
DA:222,0
DA:225,0
DA:226,0
DA:232,0
DA:234,0
DA:235,0
DA:236,0
DA:237,0
DA:238,0
DA:239,0
DA:240,0
DA:242,0
DA:243,0
DA:244,0
DA:245,0
DA:246,0
DA:251,0
DA:257,0
DA:264,1
DA:265,1
LF:65
LH:25
BRDA:48,0,0,4
BRDA:48,0,1,0
BRDA:49,1,0,4
BRDA:49,1,1,0
BRDA:50,2,0,4
BRDA:50,2,1,4
BRDA:70,3,0,0
BRDA:70,3,1,2
BRDA:74,4,0,1
BRDA:74,4,1,1
BRDA:74,5,0,2
BRDA:74,5,1,1
BRDA:82,6,0,0
BRDA:82,6,1,1
BRDA:86,7,0,0
BRDA:86,7,1,0
BRDA:102,8,0,1
BRDA:102,8,1,0
BRDA:103,9,0,3
BRDA:103,9,1,1
BRDA:104,10,0,3
BRDA:104,10,1,1
BRDA:105,11,0,3
BRDA:105,11,1,1
BRDA:106,12,0,3
BRDA:106,12,1,1
BRDA:120,13,0,0
BRDA:120,13,1,0
BRDA:122,14,0,0
BRDA:122,14,1,0
BRDA:126,15,0,0
BRDA:126,15,1,0
BRDA:126,16,0,0
BRDA:126,16,1,0
BRDA:128,17,0,0
BRDA:128,17,1,0
BRDA:129,18,0,0
BRDA:129,18,1,0
BRDA:134,19,0,0
BRDA:134,19,1,0
BRDA:160,20,0,0
BRDA:160,20,1,1
BRDA:175,21,0,0
BRDA:175,21,1,1
BRDA:191,22,0,1
BRDA:221,23,0,0
BRDA:221,23,1,0
BRDA:225,24,0,0
BRDA:225,24,1,0
BRDA:234,25,0,0
BRDA:234,25,1,0
BRDA:235,26,0,0
BRDA:235,26,1,0
BRDA:236,27,0,0
BRDA:236,27,1,0
BRDA:237,28,0,0
BRDA:237,28,1,0
BRDA:238,29,0,0
BRDA:238,29,1,0
BRDA:239,30,0,0
BRDA:239,30,1,0
BRDA:240,31,0,0
BRDA:240,31,1,0
BRDA:242,32,0,0
BRDA:242,32,1,0
BRDA:242,33,0,0
BRDA:242,33,1,0
BRDA:243,34,0,0
BRDA:243,34,1,0
BRDA:243,35,0,0
BRDA:243,35,1,0
BRDA:244,36,0,0
BRDA:244,36,1,0
BRDA:244,37,0,0
BRDA:244,37,1,0
BRDA:245,38,0,0
BRDA:245,38,1,0
BRDA:246,39,0,0
BRDA:246,39,1,0
BRF:79
BRH:22
end_of_record
TN:
SF:src\modules\vaccination\validators\vaccination.validator.ts
FN:6,isValidDate
FN:11,isNotFuture
FN:15,validateCreate
FN:94,validateUpdate
FNF:4
FNH:3
FNDA:7,isValidDate
FNDA:3,isNotFuture
FNDA:3,validateCreate
FNDA:0,validateUpdate
DA:7,7
DA:8,7
DA:12,3
DA:17,3
DA:18,0
DA:22,3
DA:23,0
DA:25,3
DA:26,0
DA:30,3
DA:31,0
DA:33,3
DA:34,0
DA:38,3
DA:39,0
DA:41,3
DA:42,0
DA:46,3
DA:47,0
DA:49,3
DA:50,0
DA:52,3
DA:53,0
DA:57,3
DA:58,0
DA:60,3
DA:61,0
DA:65,3
DA:66,1
DA:70,2
DA:71,1
DA:72,0
DA:74,1
DA:75,0
DA:80,2
DA:81,0
DA:82,0
DA:87,2
DA:88,0
DA:89,0
DA:95,0
DA:96,0
DA:97,0
DA:99,0
DA:100,0
DA:104,0
DA:105,0
DA:106,0
DA:108,0
DA:109,0
DA:113,0
DA:114,0
DA:115,0
DA:117,0
DA:118,0
DA:122,0
DA:123,0
DA:124,0
DA:126,0
DA:127,0
DA:131,0
DA:132,0
DA:133,0
DA:138,0
DA:139,0
DA:140,0
DA:144,0
DA:145,0
DA:146,0
DA:150,0
DA:151,0
DA:152,0
DA:156,0
DA:157,0
DA:158,0
LF:75
LH:22
BRDA:17,0,0,0
BRDA:17,0,1,3
BRDA:17,1,0,3
BRDA:17,1,1,3
BRDA:22,2,0,0
BRDA:22,2,1,3
BRDA:22,3,0,3
BRDA:22,3,1,3
BRDA:25,4,0,0
BRDA:25,4,1,3
BRDA:30,5,0,0
BRDA:30,5,1,3
BRDA:30,6,0,3
BRDA:30,6,1,3
BRDA:33,7,0,0
BRDA:33,7,1,3
BRDA:38,8,0,0
BRDA:38,8,1,3
BRDA:38,9,0,3
BRDA:38,9,1,3
BRDA:41,10,0,0
BRDA:41,10,1,3
BRDA:46,11,0,0
BRDA:46,11,1,3
BRDA:49,12,0,0
BRDA:49,12,1,3
BRDA:52,13,0,0
BRDA:52,13,1,3
BRDA:57,14,0,0
BRDA:57,14,1,3
BRDA:60,15,0,0
BRDA:60,15,1,3
BRDA:65,16,0,1
BRDA:65,16,1,2
BRDA:70,17,0,1
BRDA:70,17,1,1
BRDA:70,18,0,2
BRDA:70,18,1,1
BRDA:71,19,0,0
BRDA:71,19,1,1
BRDA:74,20,0,0
BRDA:74,20,1,1
BRDA:80,21,0,0
BRDA:80,21,1,2
BRDA:80,22,0,2
BRDA:80,22,1,0
BRDA:81,23,0,0
BRDA:81,23,1,0
BRDA:87,24,0,0
BRDA:87,24,1,2
BRDA:87,25,0,2
BRDA:87,25,1,0
BRDA:88,26,0,0
BRDA:88,26,1,0
BRDA:95,27,0,0
BRDA:95,27,1,0
BRDA:96,28,0,0
BRDA:96,28,1,0
BRDA:99,29,0,0
BRDA:99,29,1,0
BRDA:104,30,0,0
BRDA:104,30,1,0
BRDA:105,31,0,0
BRDA:105,31,1,0
BRDA:108,32,0,0
BRDA:108,32,1,0
BRDA:113,33,0,0
BRDA:113,33,1,0
BRDA:114,34,0,0
BRDA:114,34,1,0
BRDA:117,35,0,0
BRDA:117,35,1,0
BRDA:122,36,0,0
BRDA:122,36,1,0
BRDA:123,37,0,0
BRDA:123,37,1,0
BRDA:126,38,0,0
BRDA:126,38,1,0
BRDA:131,39,0,0
BRDA:131,39,1,0
BRDA:132,40,0,0
BRDA:132,40,1,0
BRDA:138,41,0,0
BRDA:138,41,1,0
BRDA:138,42,0,0
BRDA:138,42,1,0
BRDA:139,43,0,0
BRDA:139,43,1,0
BRDA:144,44,0,0
BRDA:144,44,1,0
BRDA:144,45,0,0
BRDA:144,45,1,0
BRDA:145,46,0,0
BRDA:145,46,1,0
BRDA:150,47,0,0
BRDA:150,47,1,0
BRDA:150,48,0,0
BRDA:150,48,1,0
BRDA:151,49,0,0
BRDA:151,49,1,0
BRDA:156,50,0,0
BRDA:156,50,1,0
BRDA:156,51,0,0
BRDA:156,51,1,0
BRDA:157,52,0,0
BRDA:157,52,1,0
BRF:106
BRH:32
end_of_record
TN:
SF:src\shared\constants\permissions.ts
FNF:0
FNH:0
DA:1,11
LF:1
LH:1
BRF:0
BRH:0
end_of_record
TN:
SF:src\shared\middlewares\authMiddleware.ts
FN:19,protectRoute
FN:77,requirePermission
FN:78,(anonymous_2)
FN:88,requireAnyPermission
FN:89,(anonymous_4)
FN:90,(anonymous_5)
FNF:6
FNH:0
FNDA:0,protectRoute
FNDA:0,requirePermission
FNDA:0,(anonymous_2)
FNDA:0,requireAnyPermission
FNDA:0,(anonymous_4)
FNDA:0,(anonymous_5)
DA:20,0
DA:21,0
DA:23,0
DA:24,0
DA:29,0
DA:30,0
DA:33,0
DA:42,0
DA:43,0
DA:45,0
DA:46,0
DA:50,0
DA:51,0
DA:55,0
DA:56,0
DA:60,0
DA:61,0
DA:62,0
DA:65,0
DA:66,0
DA:67,0
DA:69,0
DA:71,0
DA:78,0
DA:79,0
DA:80,0
DA:85,0
DA:89,0
DA:90,0
DA:91,0
DA:92,0
DA:97,0
LF:32
LH:0
BRDA:23,0,0,0
BRDA:23,0,1,0
BRDA:42,1,0,0
BRDA:42,1,1,0
BRDA:45,2,0,0
BRDA:45,2,1,0
BRDA:50,3,0,0
BRDA:50,3,1,0
BRDA:55,4,0,0
BRDA:55,4,1,0
BRDA:55,5,0,0
BRDA:55,5,1,0
BRDA:66,6,0,0
BRDA:66,6,1,0
BRDA:79,7,0,0
BRDA:79,7,1,0
BRDA:91,8,0,0
BRDA:91,8,1,0
BRF:18
BRH:0
end_of_record
TN:
SF:src\shared\middlewares\errorHandler.ts
FN:8,errorHandler
FNF:1
FNH:1
FNDA:31,errorHandler
DA:14,31
DA:15,31
DA:16,31
DA:20,31
DA:24,31
DA:25,31
DA:27,0
DA:30,31
LF:8
LH:7
BRDA:15,0,0,31
BRDA:15,0,1,31
BRDA:15,0,2,31
BRDA:16,1,0,31
BRDA:16,1,1,6
BRDA:20,2,0,0
BRDA:20,2,1,31
BRDA:20,3,0,31
BRDA:20,3,1,0
BRDA:22,4,0,31
BRDA:22,4,1,0
BRDA:24,5,0,31
BRDA:24,5,1,0
BRDA:35,6,0,31
BRDA:35,6,1,31
BRF:15
BRH:11
end_of_record
TN:
SF:src\shared\middlewares\rateLimiter.ts
FN:13,(anonymous_0)
FN:29,rateLimiter
FN:36,(anonymous_2)
FNF:3
FNH:0
FNDA:0,(anonymous_0)
FNDA:0,rateLimiter
FNDA:0,(anonymous_2)
DA:10,0
DA:13,0
DA:14,0
DA:15,0
DA:16,0
DA:34,0
DA:36,0
DA:38,0
DA:39,0
DA:41,0
DA:43,0
DA:45,0
DA:46,0
DA:49,0
DA:51,0
DA:52,0
DA:53,0
DA:61,0
DA:62,0
DA:67,0
DA:73,0
LF:21
LH:0
BRDA:16,0,0,0
BRDA:16,0,1,0
BRDA:33,1,0,0
BRDA:43,2,0,0
BRDA:43,2,1,0
BRDA:43,3,0,0
BRDA:43,3,1,0
BRDA:49,4,0,0
BRDA:49,4,1,0
BRF:9
BRH:0
end_of_record
TN:
SF:src\shared\utils\animalUtils.ts
FN:11,calculateAnimalUA
FNF:1
FNH:1
FNDA:6,calculateAnimalUA
DA:15,6
DA:16,6
DA:17,6
DA:19,6
DA:20,6
DA:22,6
DA:23,0
DA:24,0
DA:25,6
DA:26,0
DA:27,0
DA:29,6
DA:30,0
DA:31,0
DA:33,6
DA:34,6
DA:38,6
LF:17
LH:11
BRDA:22,0,0,0
BRDA:22,0,1,6
BRDA:24,1,0,0
BRDA:24,1,1,0
BRDA:25,2,0,0
BRDA:25,2,1,6
BRDA:25,3,0,6
BRDA:25,3,1,6
BRDA:27,4,0,0
BRDA:27,4,1,0
BRDA:29,5,0,0
BRDA:29,5,1,6
BRF:12
BRH:5
end_of_record
